<?xml version="1.0" encoding="UTF-8"?>
<robot generator="Robot 7.3.2 (Python 3.13.5 on darwin)" generated="2025-10-23T12:10:41.411324" rpa="false" schemaversion="5">
<suite id="s1" name="Test" source="/Users/amangeldyrahimzanov/Documents/workingprojects/software_testing_assignment2/testCases/test.robot">
<test id="s1-t1" name="TC1_SIGN_UP_TEST" line="11">
<kw name="Sign Up" owner="resources">
<kw name="Open Browser" owner="SeleniumLibrary">
<msg time="2025-10-23T12:10:41.734234" level="INFO">Opening browser 'Chrome' to base url 'https://www.demoblaze.com/'.</msg>
<arg>${baseUrl}</arg>
<arg>Chrome</arg>
<doc>Opens a new browser instance to the optional ``url``.</doc>
<status status="PASS" start="2025-10-23T12:10:41.733951" elapsed="3.755439"/>
</kw>
<kw name="Wait Until Page Contains Element" owner="SeleniumLibrary">
<arg>${signUpButton}</arg>
<arg>timeout=80</arg>
<arg>error=logInButtonNotFound</arg>
<doc>Waits until the element ``locator`` appears on the current page.</doc>
<status status="PASS" start="2025-10-23T12:10:45.490621" elapsed="0.018134"/>
</kw>
<kw name="Sleep" owner="BuiltIn">
<msg time="2025-10-23T12:10:46.509665" level="INFO">Slept 1 second.</msg>
<arg>1s</arg>
<doc>Pauses the test executed for the given time.</doc>
<status status="PASS" start="2025-10-23T12:10:45.509023" elapsed="1.000879"/>
</kw>
<kw name="Click Element" owner="SeleniumLibrary">
<msg time="2025-10-23T12:10:46.510708" level="INFO">Clicking element '//*[@id="signin2"]'.</msg>
<arg>${signUpButton}</arg>
<doc>Click the element identified by ``locator``.</doc>
<status status="PASS" start="2025-10-23T12:10:46.510284" elapsed="0.079894"/>
</kw>
<kw name="Wait Until Page Contains Element" owner="SeleniumLibrary">
<arg>${signUpUsername}</arg>
<arg>timeout=80</arg>
<arg>error=logInButtonNotFound</arg>
<doc>Waits until the element ``locator`` appears on the current page.</doc>
<status status="PASS" start="2025-10-23T12:10:46.590886" elapsed="0.014559"/>
</kw>
<kw name="Sleep" owner="BuiltIn">
<msg time="2025-10-23T12:10:47.606701" level="INFO">Slept 1 second.</msg>
<arg>1s</arg>
<doc>Pauses the test executed for the given time.</doc>
<status status="PASS" start="2025-10-23T12:10:46.605640" elapsed="1.001217"/>
</kw>
<kw name="Input Text" owner="SeleniumLibrary">
<msg time="2025-10-23T12:10:47.607635" level="INFO">Typing text 'amanTest1' into text field '//*[@id="sign-username"]'.</msg>
<arg>${signUpUsername}</arg>
<arg>${login}</arg>
<doc>Types the given ``text`` into the text field identified by ``locator``.</doc>
<status status="PASS" start="2025-10-23T12:10:47.607240" elapsed="0.215659"/>
</kw>
<kw name="Sleep" owner="BuiltIn">
<msg time="2025-10-23T12:10:49.824697" level="INFO">Slept 2 seconds.</msg>
<arg>2s</arg>
<doc>Pauses the test executed for the given time.</doc>
<status status="PASS" start="2025-10-23T12:10:47.823158" elapsed="2.001815"/>
</kw>
<kw name="Input Password" owner="SeleniumLibrary">
<msg time="2025-10-23T12:10:49.825965" level="INFO">Typing password into text field '//*[@id="sign-password"]'.</msg>
<msg time="2025-10-23T12:10:49.855801" level="INFO">Temporally setting log level to: NONE</msg>
<arg>${signUpPassword}</arg>
<arg>${password}</arg>
<doc>Types the given password into the text field identified by ``locator``.</doc>
<status status="PASS" start="2025-10-23T12:10:49.825434" elapsed="0.068347"/>
</kw>
<kw name="Sleep" owner="BuiltIn">
<msg time="2025-10-23T12:10:51.894291" level="INFO">Slept 2 seconds.</msg>
<arg>2s</arg>
<doc>Pauses the test executed for the given time.</doc>
<status status="PASS" start="2025-10-23T12:10:49.893967" elapsed="2.000610"/>
</kw>
<kw name="Click Element" owner="SeleniumLibrary">
<msg time="2025-10-23T12:10:51.895286" level="INFO">Clicking element '//*[@id="signInModal"]/div/div/div[3]/button[2]'.</msg>
<arg>${signUpFormButton}</arg>
<doc>Click the element identified by ``locator``.</doc>
<status status="PASS" start="2025-10-23T12:10:51.894869" elapsed="0.075327"/>
</kw>
<kw name="Sleep" owner="BuiltIn">
<msg time="2025-10-23T12:10:54.970739" level="INFO">Slept 3 seconds.</msg>
<arg>3s</arg>
<doc>Pauses the test executed for the given time.</doc>
<status status="PASS" start="2025-10-23T12:10:51.970394" elapsed="3.000477"/>
</kw>
<status status="PASS" start="2025-10-23T12:10:41.733186" elapsed="13.237879"/>
</kw>
<kw name="Close Browser" owner="resources">
<kw name="Close All Browsers" owner="SeleniumLibrary">
<doc>Closes all open browsers and resets the browser cache.</doc>
<status status="PASS" start="2025-10-23T12:10:54.972104" elapsed="1.183588"/>
</kw>
<status status="PASS" start="2025-10-23T12:10:54.971597" elapsed="1.184528"/>
</kw>
<status status="PASS" start="2025-10-23T12:10:41.732278" elapsed="14.424278"/>
</test>
<test id="s1-t2" name="TC2_LOGIN_TEST" line="15">
<kw name="Log in" owner="resources">
<kw name="Open Browser" owner="SeleniumLibrary">
<msg time="2025-10-23T12:10:56.158970" level="INFO">Opening browser 'Chrome' to base url 'https://www.demoblaze.com/'.</msg>
<arg>${baseUrl}</arg>
<arg>Chrome</arg>
<doc>Opens a new browser instance to the optional ``url``.</doc>
<status status="PASS" start="2025-10-23T12:10:56.158627" elapsed="2.628963"/>
</kw>
<kw name="Wait Until Page Contains Element" owner="SeleniumLibrary">
<arg>${logInButton}</arg>
<arg>timeout=80</arg>
<arg>error=logInButtonNotFound</arg>
<doc>Waits until the element ``locator`` appears on the current page.</doc>
<status status="PASS" start="2025-10-23T12:10:58.788312" elapsed="0.014300"/>
</kw>
<kw name="Sleep" owner="BuiltIn">
<msg time="2025-10-23T12:10:59.804460" level="INFO">Slept 1 second.</msg>
<arg>1s</arg>
<doc>Pauses the test executed for the given time.</doc>
<status status="PASS" start="2025-10-23T12:10:58.803096" elapsed="1.001646"/>
</kw>
<kw name="Click Element" owner="SeleniumLibrary">
<msg time="2025-10-23T12:10:59.805599" level="INFO">Clicking element '//*[@id="login2"]'.</msg>
<arg>${logInButton}</arg>
<doc>Click the element identified by ``locator``.</doc>
<status status="PASS" start="2025-10-23T12:10:59.805065" elapsed="0.105034"/>
</kw>
<kw name="Wait Until Page Contains Element" owner="SeleniumLibrary">
<arg>${loginUsernameField}</arg>
<arg>timeout=80</arg>
<arg>error=logInButtonNotFound</arg>
<doc>Waits until the element ``locator`` appears on the current page.</doc>
<status status="PASS" start="2025-10-23T12:10:59.910428" elapsed="0.011914"/>
</kw>
<kw name="Sleep" owner="BuiltIn">
<msg time="2025-10-23T12:11:00.922978" level="INFO">Slept 1 second.</msg>
<arg>1s</arg>
<doc>Pauses the test executed for the given time.</doc>
<status status="PASS" start="2025-10-23T12:10:59.922521" elapsed="1.000626"/>
</kw>
<kw name="Input Text" owner="SeleniumLibrary">
<msg time="2025-10-23T12:11:00.923627" level="INFO">Typing text 'amanTest1' into text field '//*[@id="loginusername"]'.</msg>
<arg>${loginUsernameField}</arg>
<arg>${login}</arg>
<doc>Types the given ``text`` into the text field identified by ``locator``.</doc>
<status status="PASS" start="2025-10-23T12:11:00.923339" elapsed="0.219267"/>
</kw>
<kw name="Input Password" owner="SeleniumLibrary">
<msg time="2025-10-23T12:11:01.143133" level="INFO">Typing password into text field '//*[@id="loginpassword"]'.</msg>
<msg time="2025-10-23T12:11:01.179915" level="INFO">Temporally setting log level to: NONE</msg>
<arg>${loginPasswordField}</arg>
<arg>${password}</arg>
<doc>Types the given password into the text field identified by ``locator``.</doc>
<status status="PASS" start="2025-10-23T12:11:01.142820" elapsed="0.101843"/>
</kw>
<kw name="Sleep" owner="BuiltIn">
<msg time="2025-10-23T12:11:02.245213" level="INFO">Slept 1 second.</msg>
<arg>1s</arg>
<doc>Pauses the test executed for the given time.</doc>
<status status="PASS" start="2025-10-23T12:11:01.244854" elapsed="1.000613"/>
</kw>
<kw name="Click Element" owner="SeleniumLibrary">
<msg time="2025-10-23T12:11:02.246282" level="INFO">Clicking element '//*[@id="logInModal"]/div/div/div[3]/button[2]'.</msg>
<arg>${logInFormButton}</arg>
<doc>Click the element identified by ``locator``.</doc>
<status status="PASS" start="2025-10-23T12:11:02.245860" elapsed="0.073781"/>
</kw>
<kw name="Sleep" owner="BuiltIn">
<msg time="2025-10-23T12:11:04.320230" level="INFO">Slept 2 seconds.</msg>
<arg>2s</arg>
<doc>Pauses the test executed for the given time.</doc>
<status status="PASS" start="2025-10-23T12:11:02.319822" elapsed="2.002271"/>
</kw>
<status status="PASS" start="2025-10-23T12:10:56.157906" elapsed="8.164468"/>
</kw>
<kw name="Close Browser" owner="resources">
<kw name="Close All Browsers" owner="SeleniumLibrary">
<doc>Closes all open browsers and resets the browser cache.</doc>
<status status="PASS" start="2025-10-23T12:11:04.323489" elapsed="0.170816"/>
</kw>
<status status="PASS" start="2025-10-23T12:11:04.322945" elapsed="0.171511"/>
</kw>
<status status="PASS" start="2025-10-23T12:10:56.157116" elapsed="8.337611"/>
</test>
<test id="s1-t3" name="TC3_LOGOUT_TEST" line="19">
<kw name="Log in" owner="resources">
<kw name="Open Browser" owner="SeleniumLibrary">
<msg time="2025-10-23T12:11:04.496422" level="INFO">Opening browser 'Chrome' to base url 'https://www.demoblaze.com/'.</msg>
<arg>${baseUrl}</arg>
<arg>Chrome</arg>
<doc>Opens a new browser instance to the optional ``url``.</doc>
<status status="PASS" start="2025-10-23T12:11:04.496152" elapsed="2.297927"/>
</kw>
<kw name="Wait Until Page Contains Element" owner="SeleniumLibrary">
<arg>${logInButton}</arg>
<arg>timeout=80</arg>
<arg>error=logInButtonNotFound</arg>
<doc>Waits until the element ``locator`` appears on the current page.</doc>
<status status="PASS" start="2025-10-23T12:11:06.794950" elapsed="0.016376"/>
</kw>
<kw name="Sleep" owner="BuiltIn">
<msg time="2025-10-23T12:11:07.812643" level="INFO">Slept 1 second.</msg>
<arg>1s</arg>
<doc>Pauses the test executed for the given time.</doc>
<status status="PASS" start="2025-10-23T12:11:06.811591" elapsed="1.001245"/>
</kw>
<kw name="Click Element" owner="SeleniumLibrary">
<msg time="2025-10-23T12:11:07.813324" level="INFO">Clicking element '//*[@id="login2"]'.</msg>
<arg>${logInButton}</arg>
<doc>Click the element identified by ``locator``.</doc>
<status status="PASS" start="2025-10-23T12:11:07.813033" elapsed="0.083299"/>
</kw>
<kw name="Wait Until Page Contains Element" owner="SeleniumLibrary">
<arg>${loginUsernameField}</arg>
<arg>timeout=80</arg>
<arg>error=logInButtonNotFound</arg>
<doc>Waits until the element ``locator`` appears on the current page.</doc>
<status status="PASS" start="2025-10-23T12:11:07.896654" elapsed="0.016459"/>
</kw>
<kw name="Sleep" owner="BuiltIn">
<msg time="2025-10-23T12:11:08.914918" level="INFO">Slept 1 second.</msg>
<arg>1s</arg>
<doc>Pauses the test executed for the given time.</doc>
<status status="PASS" start="2025-10-23T12:11:07.913645" elapsed="1.001392"/>
</kw>
<kw name="Input Text" owner="SeleniumLibrary">
<msg time="2025-10-23T12:11:08.915487" level="INFO">Typing text 'amanTest1' into text field '//*[@id="loginusername"]'.</msg>
<arg>${loginUsernameField}</arg>
<arg>${login}</arg>
<doc>Types the given ``text`` into the text field identified by ``locator``.</doc>
<status status="PASS" start="2025-10-23T12:11:08.915214" elapsed="0.190298"/>
</kw>
<kw name="Input Password" owner="SeleniumLibrary">
<msg time="2025-10-23T12:11:09.106120" level="INFO">Typing password into text field '//*[@id="loginpassword"]'.</msg>
<msg time="2025-10-23T12:11:09.141031" level="INFO">Temporally setting log level to: NONE</msg>
<arg>${loginPasswordField}</arg>
<arg>${password}</arg>
<doc>Types the given password into the text field identified by ``locator``.</doc>
<status status="PASS" start="2025-10-23T12:11:09.105831" elapsed="0.085546"/>
</kw>
<kw name="Sleep" owner="BuiltIn">
<msg time="2025-10-23T12:11:10.193565" level="INFO">Slept 1 second.</msg>
<arg>1s</arg>
<doc>Pauses the test executed for the given time.</doc>
<status status="PASS" start="2025-10-23T12:11:09.191569" elapsed="1.002252"/>
</kw>
<kw name="Click Element" owner="SeleniumLibrary">
<msg time="2025-10-23T12:11:10.194891" level="INFO">Clicking element '//*[@id="logInModal"]/div/div/div[3]/button[2]'.</msg>
<arg>${logInFormButton}</arg>
<doc>Click the element identified by ``locator``.</doc>
<status status="PASS" start="2025-10-23T12:11:10.194258" elapsed="0.073951"/>
</kw>
<kw name="Sleep" owner="BuiltIn">
<msg time="2025-10-23T12:11:12.269829" level="INFO">Slept 2 seconds.</msg>
<arg>2s</arg>
<doc>Pauses the test executed for the given time.</doc>
<status status="PASS" start="2025-10-23T12:11:10.268388" elapsed="2.001695"/>
</kw>
<status status="PASS" start="2025-10-23T12:11:04.495770" elapsed="7.774626"/>
</kw>
<kw name="Logout" owner="resources">
<kw name="Wait Until Page Contains Element" owner="SeleniumLibrary">
<arg>${logoutButton}</arg>
<arg>timeout=80</arg>
<arg>error=Logout button not found</arg>
<doc>Waits until the element ``locator`` appears on the current page.</doc>
<status status="PASS" start="2025-10-23T12:11:12.271558" elapsed="0.133669"/>
</kw>
<kw name="Sleep" owner="BuiltIn">
<msg time="2025-10-23T12:11:13.407761" level="INFO">Slept 1 second.</msg>
<arg>1s</arg>
<doc>Pauses the test executed for the given time.</doc>
<status status="PASS" start="2025-10-23T12:11:12.405447" elapsed="1.002589"/>
</kw>
<kw name="Click Element" owner="SeleniumLibrary">
<msg time="2025-10-23T12:11:13.408765" level="INFO">Clicking element '//*[@id="logout2"]'.</msg>
<arg>${logoutButton}</arg>
<doc>Click the element identified by ``locator``.</doc>
<status status="PASS" start="2025-10-23T12:11:13.408345" elapsed="0.366990"/>
</kw>
<kw name="Sleep" owner="BuiltIn">
<msg time="2025-10-23T12:11:15.777043" level="INFO">Slept 2 seconds.</msg>
<arg>2s</arg>
<doc>Pauses the test executed for the given time.</doc>
<status status="PASS" start="2025-10-23T12:11:13.775748" elapsed="2.001450"/>
</kw>
<kw name="Wait Until Page Contains Element" owner="SeleniumLibrary">
<arg>${logInButton}</arg>
<arg>timeout=80</arg>
<arg>error=Login button should appear after logout</arg>
<doc>Waits until the element ``locator`` appears on the current page.</doc>
<status status="PASS" start="2025-10-23T12:11:15.777423" elapsed="0.009529"/>
</kw>
<status status="PASS" start="2025-10-23T12:11:12.270994" elapsed="3.516114"/>
</kw>
<kw name="Close Browser" owner="resources">
<kw name="Close All Browsers" owner="SeleniumLibrary">
<doc>Closes all open browsers and resets the browser cache.</doc>
<status status="PASS" start="2025-10-23T12:11:15.787788" elapsed="1.157889"/>
</kw>
<status status="PASS" start="2025-10-23T12:11:15.787383" elapsed="1.158606"/>
</kw>
<status status="PASS" start="2025-10-23T12:11:04.495236" elapsed="12.451117"/>
</test>
<test id="s1-t4" name="TC4_ADD_TO_CART_TEST" line="24">
<kw name="Log in" owner="resources">
<kw name="Open Browser" owner="SeleniumLibrary">
<msg time="2025-10-23T12:11:16.948787" level="INFO">Opening browser 'Chrome' to base url 'https://www.demoblaze.com/'.</msg>
<arg>${baseUrl}</arg>
<arg>Chrome</arg>
<doc>Opens a new browser instance to the optional ``url``.</doc>
<status status="PASS" start="2025-10-23T12:11:16.948455" elapsed="3.472411"/>
</kw>
<kw name="Wait Until Page Contains Element" owner="SeleniumLibrary">
<arg>${logInButton}</arg>
<arg>timeout=80</arg>
<arg>error=logInButtonNotFound</arg>
<doc>Waits until the element ``locator`` appears on the current page.</doc>
<status status="PASS" start="2025-10-23T12:11:20.421649" elapsed="0.014526"/>
</kw>
<kw name="Sleep" owner="BuiltIn">
<msg time="2025-10-23T12:11:21.437083" level="INFO">Slept 1 second.</msg>
<arg>1s</arg>
<doc>Pauses the test executed for the given time.</doc>
<status status="PASS" start="2025-10-23T12:11:20.436424" elapsed="1.000868"/>
</kw>
<kw name="Click Element" owner="SeleniumLibrary">
<msg time="2025-10-23T12:11:21.438042" level="INFO">Clicking element '//*[@id="login2"]'.</msg>
<arg>${logInButton}</arg>
<doc>Click the element identified by ``locator``.</doc>
<status status="PASS" start="2025-10-23T12:11:21.437600" elapsed="0.079440"/>
</kw>
<kw name="Wait Until Page Contains Element" owner="SeleniumLibrary">
<arg>${loginUsernameField}</arg>
<arg>timeout=80</arg>
<arg>error=logInButtonNotFound</arg>
<doc>Waits until the element ``locator`` appears on the current page.</doc>
<status status="PASS" start="2025-10-23T12:11:21.517264" elapsed="0.013909"/>
</kw>
<kw name="Sleep" owner="BuiltIn">
<msg time="2025-10-23T12:11:22.532262" level="INFO">Slept 1 second.</msg>
<arg>1s</arg>
<doc>Pauses the test executed for the given time.</doc>
<status status="PASS" start="2025-10-23T12:11:21.531383" elapsed="1.001196"/>
</kw>
<kw name="Input Text" owner="SeleniumLibrary">
<msg time="2025-10-23T12:11:22.533037" level="INFO">Typing text 'amanTest1' into text field '//*[@id="loginusername"]'.</msg>
<arg>${loginUsernameField}</arg>
<arg>${login}</arg>
<doc>Types the given ``text`` into the text field identified by ``locator``.</doc>
<status status="PASS" start="2025-10-23T12:11:22.532762" elapsed="0.192368"/>
</kw>
<kw name="Input Password" owner="SeleniumLibrary">
<msg time="2025-10-23T12:11:22.725650" level="INFO">Typing password into text field '//*[@id="loginpassword"]'.</msg>
<msg time="2025-10-23T12:11:22.774327" level="INFO">Temporally setting log level to: NONE</msg>
<arg>${loginPasswordField}</arg>
<arg>${password}</arg>
<doc>Types the given password into the text field identified by ``locator``.</doc>
<status status="PASS" start="2025-10-23T12:11:22.725358" elapsed="0.123085"/>
</kw>
<kw name="Sleep" owner="BuiltIn">
<msg time="2025-10-23T12:11:23.848955" level="INFO">Slept 1 second.</msg>
<arg>1s</arg>
<doc>Pauses the test executed for the given time.</doc>
<status status="PASS" start="2025-10-23T12:11:22.848646" elapsed="1.000467"/>
</kw>
<kw name="Click Element" owner="SeleniumLibrary">
<msg time="2025-10-23T12:11:23.849712" level="INFO">Clicking element '//*[@id="logInModal"]/div/div/div[3]/button[2]'.</msg>
<arg>${logInFormButton}</arg>
<doc>Click the element identified by ``locator``.</doc>
<status status="PASS" start="2025-10-23T12:11:23.849369" elapsed="0.072035"/>
</kw>
<kw name="Sleep" owner="BuiltIn">
<msg time="2025-10-23T12:11:25.922677" level="INFO">Slept 2 seconds.</msg>
<arg>2s</arg>
<doc>Pauses the test executed for the given time.</doc>
<status status="PASS" start="2025-10-23T12:11:23.921592" elapsed="2.001293"/>
</kw>
<status status="PASS" start="2025-10-23T12:11:16.947733" elapsed="8.975415"/>
</kw>
<kw name="Add to Cart" owner="resources">
<kw name="Wait Until Page Contains Element" owner="SeleniumLibrary">
<arg>${productLink}</arg>
<arg>timeout=80</arg>
<arg>error=Product not found</arg>
<doc>Waits until the element ``locator`` appears on the current page.</doc>
<status status="PASS" start="2025-10-23T12:11:25.924368" elapsed="0.013448"/>
</kw>
<kw name="Sleep" owner="BuiltIn">
<msg time="2025-10-23T12:11:26.940359" level="INFO">Slept 1 second.</msg>
<arg>1s</arg>
<doc>Pauses the test executed for the given time.</doc>
<status status="PASS" start="2025-10-23T12:11:25.938030" elapsed="1.002586"/>
</kw>
<kw name="Click Element" owner="SeleniumLibrary">
<msg time="2025-10-23T12:11:26.941356" level="INFO">Clicking element '//*[@id="tbodyid"]/div[1]/div/div/h4/a'.</msg>
<arg>${productLink}</arg>
<doc>Click the element identified by ``locator``.</doc>
<status status="PASS" start="2025-10-23T12:11:26.940960" elapsed="0.527532"/>
</kw>
<kw name="Sleep" owner="BuiltIn">
<msg time="2025-10-23T12:11:29.469515" level="INFO">Slept 2 seconds.</msg>
<arg>2s</arg>
<doc>Pauses the test executed for the given time.</doc>
<status status="PASS" start="2025-10-23T12:11:27.468873" elapsed="2.000772"/>
</kw>
<kw name="Wait Until Page Contains Element" owner="SeleniumLibrary">
<arg>${addToCartButton}</arg>
<arg>timeout=80</arg>
<arg>error=Add to cart button not found</arg>
<doc>Waits until the element ``locator`` appears on the current page.</doc>
<status status="PASS" start="2025-10-23T12:11:29.469842" elapsed="0.011956"/>
</kw>
<kw name="Sleep" owner="BuiltIn">
<msg time="2025-10-23T12:11:30.482421" level="INFO">Slept 1 second.</msg>
<arg>1s</arg>
<doc>Pauses the test executed for the given time.</doc>
<status status="PASS" start="2025-10-23T12:11:29.481989" elapsed="1.000584"/>
</kw>
<kw name="Click Element" owner="SeleniumLibrary">
<msg time="2025-10-23T12:11:30.483109" level="INFO">Clicking element '//*[@id="tbodyid"]/div[2]/div/a'.</msg>
<arg>${addToCartButton}</arg>
<doc>Click the element identified by ``locator``.</doc>
<status status="PASS" start="2025-10-23T12:11:30.482796" elapsed="0.081325"/>
</kw>
<kw name="Sleep" owner="BuiltIn">
<msg time="2025-10-23T12:11:32.566375" level="INFO">Slept 2 seconds.</msg>
<arg>2s</arg>
<doc>Pauses the test executed for the given time.</doc>
<status status="PASS" start="2025-10-23T12:11:30.564449" elapsed="2.002196"/>
</kw>
<kw name="Handle Alert" owner="SeleniumLibrary">
<msg time="2025-10-23T12:11:32.567332" level="INFO">HANDLE::&lt;class 'NoneType'&gt;::None</msg>
<arg>accept</arg>
<doc>Handles the current alert and returns its message.</doc>
<status status="PASS" start="2025-10-23T12:11:32.567060" elapsed="0.005206"/>
</kw>
<kw name="Sleep" owner="BuiltIn">
<msg time="2025-10-23T12:11:33.574404" level="INFO">Slept 1 second.</msg>
<arg>1s</arg>
<doc>Pauses the test executed for the given time.</doc>
<status status="PASS" start="2025-10-23T12:11:32.572700" elapsed="1.001957"/>
</kw>
<status status="PASS" start="2025-10-23T12:11:25.923810" elapsed="7.651103"/>
</kw>
<kw name="Close Browser" owner="resources">
<kw name="Close All Browsers" owner="SeleniumLibrary">
<doc>Closes all open browsers and resets the browser cache.</doc>
<status status="PASS" start="2025-10-23T12:11:33.575882" elapsed="1.155964"/>
</kw>
<status status="PASS" start="2025-10-23T12:11:33.575384" elapsed="1.156674"/>
</kw>
<status status="PASS" start="2025-10-23T12:11:16.946866" elapsed="17.785658"/>
</test>
<kw name="Close Browser" owner="resources" type="TEARDOWN">
<kw name="Close All Browsers" owner="SeleniumLibrary">
<doc>Closes all open browsers and resets the browser cache.</doc>
<status status="PASS" start="2025-10-23T12:11:34.734121" elapsed="0.000291"/>
</kw>
<status status="PASS" start="2025-10-23T12:11:34.733724" elapsed="0.000852"/>
</kw>
<status status="PASS" start="2025-10-23T12:10:41.412826" elapsed="53.321841"/>
</suite>
<statistics>
<total>
<stat pass="4" fail="0" skip="0">All Tests</stat>
</total>
<tag>
</tag>
<suite>
<stat name="Test" id="s1" pass="4" fail="0" skip="0">Test</stat>
</suite>
</statistics>
<errors>
</errors>
</robot>
