<?xml version="1.0" encoding="UTF-8"?>
<robot generator="Robot 7.3.2 (Python 3.14.0 on darwin)" generated="2025-11-24T22:03:49.460616" rpa="false" schemaversion="5">
<suite id="s1" name="Test Browserstack" source="/Users/otkelbayakberdi/Documents/projects/software_testing/task3/assignment-automation2/testCases/test_browserstack.robot">
<test id="s1-t1" name="TC1_SIGN_UP_CHROME" line="20">
<kw name="Sign Up" owner="resources">
<kw name="Open Test Browser" owner="resources">
<kw name="Get Environment Variable" owner="OperatingSystem">
<msg time="2025-11-24T22:03:49.571923" level="INFO">${ENV_BS} = True</msg>
<var>${ENV_BS}</var>
<arg>BROWSERSTACK</arg>
<arg>default=${BROWSERSTACK}</arg>
<doc>Returns the value of an environment variable with the given name.</doc>
<status status="PASS" start="2025-11-24T22:03:49.571833" elapsed="0.000108"/>
</kw>
<kw name="Run Keyword If" owner="BuiltIn">
<kw name="Open BrowserStack Browser" owner="resources">
<kw name="Get Environment Variable" owner="OperatingSystem">
<msg time="2025-11-24T22:03:49.572279" level="INFO">${BS_USER} = thefinislumen_yWLp9u</msg>
<var>${BS_USER}</var>
<arg>BROWSERSTACK_USERNAME</arg>
<doc>Returns the value of an environment variable with the given name.</doc>
<status status="PASS" start="2025-11-24T22:03:49.572232" elapsed="0.000060"/>
</kw>
<kw name="Get Environment Variable" owner="OperatingSystem">
<msg time="2025-11-24T22:03:49.572375" level="INFO">${BS_KEY} = VGzPZp5JA4txt5F5DkXG</msg>
<var>${BS_KEY}</var>
<arg>BROWSERSTACK_ACCESS_KEY</arg>
<doc>Returns the value of an environment variable with the given name.</doc>
<status status="PASS" start="2025-11-24T22:03:49.572331" elapsed="0.000054"/>
</kw>
<kw name="Should Not Be Empty" owner="BuiltIn">
<msg time="2025-11-24T22:03:49.572478" level="INFO">Length is 20.</msg>
<arg>${BS_USER}</arg>
<arg>BrowserStack username not set</arg>
<doc>Verifies that the given item is not empty.</doc>
<status status="PASS" start="2025-11-24T22:03:49.572418" elapsed="0.000077"/>
</kw>
<kw name="Should Not Be Empty" owner="BuiltIn">
<msg time="2025-11-24T22:03:49.572576" level="INFO">Length is 20.</msg>
<arg>${BS_KEY}</arg>
<arg>BrowserStack access key not set</arg>
<doc>Verifies that the given item is not empty.</doc>
<status status="PASS" start="2025-11-24T22:03:49.572528" elapsed="0.000064"/>
</kw>
<kw name="Set Variable" owner="BuiltIn">
<msg time="2025-11-24T22:03:49.572688" level="INFO">${REMOTE_URL} = https://thefinislumen_yWLp9u:VGzPZp5JA4txt5F5DkXG@hub-cloud.browserstack.com/wd/hub</msg>
<var>${REMOTE_URL}</var>
<arg>https://${BS_USER}:${BS_KEY}@hub-cloud.browserstack.com/wd/hub</arg>
<doc>Returns the given values which can then be assigned to a variables.</doc>
<status status="PASS" start="2025-11-24T22:03:49.572628" elapsed="0.000070"/>
</kw>
<kw name="Run Keyword If" owner="BuiltIn">
<kw name="Open BrowserStack Chrome" owner="resources">
<kw name="Evaluate" owner="BuiltIn">
<msg time="2025-11-24T22:03:49.573021" level="INFO">${chrome_options} = &lt;selenium.webdriver.chrome.options.Options object at 0x1055fc050&gt;</msg>
<var>${chrome_options}</var>
<arg>sys.modules['selenium.webdriver'].ChromeOptions()</arg>
<arg>sys, selenium.webdriver</arg>
<doc>Evaluates the given expression in Python and returns the result.</doc>
<status status="PASS" start="2025-11-24T22:03:49.572947" elapsed="0.000084"/>
</kw>
<kw name="Create Dictionary" owner="BuiltIn">
<msg time="2025-11-24T22:03:49.573217" level="INFO">&amp;{bstack_options} = { os=Windows | osVersion=10 | browserVersion=120.0 | buildName=browserstack-build-1 | projectName=BrowserStack Sample | sessionName=Robot Framework Test | seleniumVersion=4.0.0 }</msg>
<var>&amp;{bstack_options}</var>
<arg>os=${os}</arg>
<arg>osVersion=${os_version}</arg>
<arg>browserVersion=${browser_version}</arg>
<arg>buildName=browserstack-build-1</arg>
<arg>projectName=BrowserStack Sample</arg>
<arg>sessionName=Robot Framework Test</arg>
<arg>seleniumVersion=4.0.0</arg>
<doc>Creates and returns a dictionary based on the given ``items``.</doc>
<status status="PASS" start="2025-11-24T22:03:49.573073" elapsed="0.000155"/>
</kw>
<kw name="Call Method" owner="BuiltIn">
<arg>${chrome_options}</arg>
<arg>set_capability</arg>
<arg>bstack:options</arg>
<arg>${bstack_options}</arg>
<doc>Calls the named method of the given object with the provided arguments.</doc>
<status status="PASS" start="2025-11-24T22:03:49.573274" elapsed="0.000054"/>
</kw>
<kw name="Open Browser" owner="SeleniumLibrary">
<msg time="2025-11-24T22:03:49.573483" level="INFO">Opening browser 'Chrome' to base url 'https://www.demoblaze.com/' through remote server at 'https://thefinislumen_yWLp9u:VGzPZp5JA4txt5F5DkXG@hub-cloud.browserstack.com/wd/hub'.</msg>
<msg time="2025-11-24T22:04:11.891953" level="INFO">/Users/otkelbayakberdi/Documents/projects/software_testing/task3/assignment-automation2/env/lib/python3.14/site-packages/selenium/webdriver/remote/remote_connection.py:421: UserWarning: Embedding username and password in URL could be insecure, use ClientConfig instead
  headers = self.get_remote_connection_headers(parsed_url, self._client_config.keep_alive)</msg>
<arg>${baseUrl}</arg>
<arg>Chrome</arg>
<arg>remote_url=${remote_url}</arg>
<arg>options=${chrome_options}</arg>
<doc>Opens a new browser instance to the optional ``url``.</doc>
<status status="PASS" start="2025-11-24T22:03:49.573374" elapsed="22.318990"/>
</kw>
<kw name="Maximize Browser Window" owner="SeleniumLibrary">
<doc>Maximizes current browser window.</doc>
<status status="PASS" start="2025-11-24T22:04:11.893306" elapsed="0.371243"/>
</kw>
<arg>${REMOTE_URL}</arg>
<arg>${os}</arg>
<arg>${os_version}</arg>
<arg>${browser_version}</arg>
<status status="PASS" start="2025-11-24T22:03:49.572835" elapsed="22.692118"/>
</kw>
<arg>'${browser}'=='Chrome'</arg>
<arg>Open BrowserStack Chrome</arg>
<arg>${REMOTE_URL}</arg>
<arg>${os}</arg>
<arg>${os_version}</arg>
<arg>${browser_version}</arg>
<arg>ELSE IF</arg>
<arg>'${browser}'=='Safari'</arg>
<arg>Open BrowserStack Safari</arg>
<arg>${REMOTE_URL}</arg>
<arg>${os}</arg>
<arg>${os_version}</arg>
<arg>${browser_version}</arg>
<arg>ELSE IF</arg>
<arg>'${browser}'=='Edge'</arg>
<arg>Open BrowserStack Edge</arg>
<arg>${REMOTE_URL}</arg>
<arg>${os}</arg>
<arg>${os_version}</arg>
<arg>${browser_version}</arg>
<arg>ELSE</arg>
<arg>Fail</arg>
<arg>Unsupported browser: ${browser}</arg>
<doc>Runs the given keyword with the given arguments, if ``condition`` is true.</doc>
<status status="PASS" start="2025-11-24T22:03:49.572738" elapsed="22.692390"/>
</kw>
<arg>${browser}</arg>
<arg>${os}</arg>
<arg>${os_version}</arg>
<arg>${browser_version}</arg>
<status status="PASS" start="2025-11-24T22:03:49.572117" elapsed="22.693136"/>
</kw>
<arg>'${ENV_BS}'=='True'</arg>
<arg>Open BrowserStack Browser</arg>
<arg>${browser}</arg>
<arg>${os}</arg>
<arg>${os_version}</arg>
<arg>${browser_version}</arg>
<arg>ELSE</arg>
<arg>Open Browser</arg>
<arg>${baseUrl}</arg>
<arg>${browser}</arg>
<doc>Runs the given keyword with the given arguments, if ``condition`` is true.</doc>
<status status="PASS" start="2025-11-24T22:03:49.572005" elapsed="22.693311"/>
</kw>
<kw name="Run Keyword If" owner="BuiltIn">
<arg>'${ENV_BS}'=='False'</arg>
<arg>Maximize Browser Window</arg>
<doc>Runs the given keyword with the given arguments, if ``condition`` is true.</doc>
<status status="PASS" start="2025-11-24T22:04:12.265567" elapsed="0.000688"/>
</kw>
<arg>${browser}</arg>
<arg>${os}</arg>
<arg>${os_version}</arg>
<arg>${browser_version}</arg>
<status status="PASS" start="2025-11-24T22:03:49.571472" elapsed="22.694923"/>
</kw>
<kw name="Wait Until Page Contains Element" owner="SeleniumLibrary">
<arg>${signUpButton}</arg>
<arg>timeout=80</arg>
<arg>error=logInButtonNotFound</arg>
<doc>Waits until the element ``locator`` appears on the current page.</doc>
<status status="PASS" start="2025-11-24T22:04:12.266682" elapsed="0.228217"/>
</kw>
<kw name="Sleep" owner="BuiltIn">
<msg time="2025-11-24T22:04:13.497728" level="INFO">Slept 1 second.</msg>
<arg>1s</arg>
<doc>Pauses the test executed for the given time.</doc>
<status status="PASS" start="2025-11-24T22:04:12.495325" elapsed="1.002682"/>
</kw>
<kw name="Click Element" owner="SeleniumLibrary">
<msg time="2025-11-24T22:04:13.499257" level="INFO">Clicking element '//*[@id="signin2"]'.</msg>
<arg>${signUpButton}</arg>
<doc>Click the element identified by ``locator``.</doc>
<status status="PASS" start="2025-11-24T22:04:13.498568" elapsed="0.411448"/>
</kw>
<kw name="Wait Until Page Contains Element" owner="SeleniumLibrary">
<arg>${signUpUsername}</arg>
<arg>timeout=80</arg>
<arg>error=logInButtonNotFound</arg>
<doc>Waits until the element ``locator`` appears on the current page.</doc>
<status status="PASS" start="2025-11-24T22:04:13.910333" elapsed="0.258281"/>
</kw>
<kw name="Sleep" owner="BuiltIn">
<msg time="2025-11-24T22:04:15.171826" level="INFO">Slept 1 second.</msg>
<arg>1s</arg>
<doc>Pauses the test executed for the given time.</doc>
<status status="PASS" start="2025-11-24T22:04:14.169075" elapsed="1.003133"/>
</kw>
<kw name="Input Text" owner="SeleniumLibrary">
<msg time="2025-11-24T22:04:15.173822" level="INFO">Typing text 'amanTest1' into text field '//*[@id="sign-username"]'.</msg>
<arg>${signUpUsername}</arg>
<arg>${login}</arg>
<doc>Types the given ``text`` into the text field identified by ``locator``.</doc>
<status status="PASS" start="2025-11-24T22:04:15.172794" elapsed="0.687617"/>
</kw>
<kw name="Sleep" owner="BuiltIn">
<msg time="2025-11-24T22:04:17.868993" level="INFO">Slept 2 seconds.</msg>
<arg>2s</arg>
<doc>Pauses the test executed for the given time.</doc>
<status status="PASS" start="2025-11-24T22:04:15.866257" elapsed="2.003036"/>
</kw>
<kw name="Input Password" owner="SeleniumLibrary">
<msg time="2025-11-24T22:04:17.870456" level="INFO">Typing password into text field '//*[@id="sign-password"]'.</msg>
<msg time="2025-11-24T22:04:18.259924" level="INFO">Temporally setting log level to: NONE</msg>
<arg>${signUpPassword}</arg>
<arg>${password}</arg>
<doc>Types the given password into the text field identified by ``locator``.</doc>
<status status="PASS" start="2025-11-24T22:04:17.869861" elapsed="0.669542"/>
</kw>
<kw name="Sleep" owner="BuiltIn">
<msg time="2025-11-24T22:04:20.542197" level="INFO">Slept 2 seconds.</msg>
<arg>2s</arg>
<doc>Pauses the test executed for the given time.</doc>
<status status="PASS" start="2025-11-24T22:04:18.539922" elapsed="2.002652"/>
</kw>
<kw name="Click Element" owner="SeleniumLibrary">
<msg time="2025-11-24T22:04:20.543284" level="INFO">Clicking element '//*[@id="signInModal"]/div/div/div[3]/button[2]'.</msg>
<arg>${signUpFormButton}</arg>
<doc>Click the element identified by ``locator``.</doc>
<status status="PASS" start="2025-11-24T22:04:20.542899" elapsed="0.851784"/>
</kw>
<kw name="Sleep" owner="BuiltIn">
<msg time="2025-11-24T22:04:24.397340" level="INFO">Slept 3 seconds.</msg>
<arg>3s</arg>
<doc>Pauses the test executed for the given time.</doc>
<status status="PASS" start="2025-11-24T22:04:21.395202" elapsed="3.002547"/>
</kw>
<arg>@{CHROME_CONFIG}</arg>
<status status="PASS" start="2025-11-24T22:03:49.571265" elapsed="34.826799"/>
</kw>
<kw name="Mark Test Complete" type="TEARDOWN">
<kw name="Set Variable If" owner="BuiltIn">
<msg time="2025-11-24T22:04:24.400641" level="INFO">${test_status} = passed</msg>
<var>${test_status}</var>
<arg>'${TEST_STATUS}' == 'PASS'</arg>
<arg>passed</arg>
<arg>failed</arg>
<doc>Sets variable based on the given condition.</doc>
<status status="PASS" start="2025-11-24T22:04:24.400208" elapsed="0.000473"/>
</kw>
<kw name="Set Variable If" owner="BuiltIn">
<msg time="2025-11-24T22:04:24.401166" level="INFO">${test_message} = TC1_SIGN_UP_CHROME failed: </msg>
<var>${test_message}</var>
<arg>'${TEST_STATUS}' == 'PASS'</arg>
<arg>${TEST_NAME} completed successfully</arg>
<arg>${TEST_NAME} failed: ${TEST_MESSAGE}</arg>
<doc>Sets variable based on the given condition.</doc>
<status status="PASS" start="2025-11-24T22:04:24.400833" elapsed="0.000367"/>
</kw>
<kw name="Mark Test Status" owner="resources">
<kw name="Get Environment Variable" owner="OperatingSystem">
<msg time="2025-11-24T22:04:24.402217" level="INFO">${ENV_BS} = True</msg>
<var>${ENV_BS}</var>
<arg>BROWSERSTACK</arg>
<arg>default=${BROWSERSTACK}</arg>
<doc>Returns the value of an environment variable with the given name.</doc>
<status status="PASS" start="2025-11-24T22:04:24.401878" elapsed="0.000371"/>
</kw>
<kw name="Run Keyword If" owner="BuiltIn">
<kw name="Execute Javascript" owner="SeleniumLibrary">
<msg time="2025-11-24T22:04:24.403412" level="INFO">Executing JavaScript:
browserstack_executor: {"action": "setSessionStatus", "arguments": {"status":"passed", "reason": "TC1_SIGN_UP_CHROME failed: "}}
Without any arguments.</msg>
<arg>browserstack_executor: {"action": "setSessionStatus", "arguments": {"status":"${status}", "reason": "${reason}"}}</arg>
<doc>Executes the given JavaScript code with possible arguments.</doc>
<status status="PASS" start="2025-11-24T22:04:24.402662" elapsed="0.342018"/>
</kw>
<arg>'${ENV_BS}'=='True'</arg>
<arg>Execute JavaScript</arg>
<arg>browserstack_executor: {"action": "setSessionStatus", "arguments": {"status":"${status}", "reason": "${reason}"}}</arg>
<doc>Runs the given keyword with the given arguments, if ``condition`` is true.</doc>
<status status="PASS" start="2025-11-24T22:04:24.402382" elapsed="0.342569"/>
</kw>
<arg>${test_status}</arg>
<arg>${test_message}</arg>
<status status="PASS" start="2025-11-24T22:04:24.401459" elapsed="0.343681"/>
</kw>
<kw name="Close Browser" owner="resources">
<kw name="Close All Browsers" owner="SeleniumLibrary">
<doc>Closes all open browsers and resets the browser cache.</doc>
<status status="PASS" start="2025-11-24T22:04:24.746066" elapsed="1.121746"/>
</kw>
<status status="PASS" start="2025-11-24T22:04:24.745568" elapsed="1.122495"/>
</kw>
<status status="PASS" start="2025-11-24T22:04:24.399552" elapsed="1.468600"/>
</kw>
<tag>chrome</tag>
<status status="PASS" start="2025-11-24T22:03:49.570931" elapsed="36.297431"/>
</test>
<test id="s1-t2" name="TC1_SIGN_UP_SAFARI" line="24">
<kw name="Sign Up" owner="resources">
<kw name="Open Test Browser" owner="resources">
<kw name="Get Environment Variable" owner="OperatingSystem">
<msg time="2025-11-24T22:04:25.871606" level="INFO">${ENV_BS} = True</msg>
<var>${ENV_BS}</var>
<arg>BROWSERSTACK</arg>
<arg>default=${BROWSERSTACK}</arg>
<doc>Returns the value of an environment variable with the given name.</doc>
<status status="PASS" start="2025-11-24T22:04:25.871322" elapsed="0.000325"/>
</kw>
<kw name="Run Keyword If" owner="BuiltIn">
<kw name="Open BrowserStack Browser" owner="resources">
<kw name="Get Environment Variable" owner="OperatingSystem">
<msg time="2025-11-24T22:04:25.872718" level="INFO">${BS_USER} = thefinislumen_yWLp9u</msg>
<var>${BS_USER}</var>
<arg>BROWSERSTACK_USERNAME</arg>
<doc>Returns the value of an environment variable with the given name.</doc>
<status status="PASS" start="2025-11-24T22:04:25.872574" elapsed="0.000176"/>
</kw>
<kw name="Get Environment Variable" owner="OperatingSystem">
<msg time="2025-11-24T22:04:25.872988" level="INFO">${BS_KEY} = VGzPZp5JA4txt5F5DkXG</msg>
<var>${BS_KEY}</var>
<arg>BROWSERSTACK_ACCESS_KEY</arg>
<doc>Returns the value of an environment variable with the given name.</doc>
<status status="PASS" start="2025-11-24T22:04:25.872859" elapsed="0.000161"/>
</kw>
<kw name="Should Not Be Empty" owner="BuiltIn">
<msg time="2025-11-24T22:04:25.873332" level="INFO">Length is 20.</msg>
<arg>${BS_USER}</arg>
<arg>BrowserStack username not set</arg>
<doc>Verifies that the given item is not empty.</doc>
<status status="PASS" start="2025-11-24T22:04:25.873125" elapsed="0.000252"/>
</kw>
<kw name="Should Not Be Empty" owner="BuiltIn">
<msg time="2025-11-24T22:04:25.873587" level="INFO">Length is 20.</msg>
<arg>${BS_KEY}</arg>
<arg>BrowserStack access key not set</arg>
<doc>Verifies that the given item is not empty.</doc>
<status status="PASS" start="2025-11-24T22:04:25.873469" elapsed="0.000160"/>
</kw>
<kw name="Set Variable" owner="BuiltIn">
<msg time="2025-11-24T22:04:25.873882" level="INFO">${REMOTE_URL} = https://thefinislumen_yWLp9u:VGzPZp5JA4txt5F5DkXG@hub-cloud.browserstack.com/wd/hub</msg>
<var>${REMOTE_URL}</var>
<arg>https://${BS_USER}:${BS_KEY}@hub-cloud.browserstack.com/wd/hub</arg>
<doc>Returns the given values which can then be assigned to a variables.</doc>
<status status="PASS" start="2025-11-24T22:04:25.873724" elapsed="0.000185"/>
</kw>
<kw name="Run Keyword If" owner="BuiltIn">
<kw name="Open BrowserStack Safari" owner="resources">
<kw name="Evaluate" owner="BuiltIn">
<msg time="2025-11-24T22:04:25.875248" level="INFO">${safari_options} = &lt;selenium.webdriver.safari.options.Options object at 0x104c28ec0&gt;</msg>
<var>${safari_options}</var>
<arg>sys.modules['selenium.webdriver'].SafariOptions()</arg>
<arg>sys, selenium.webdriver</arg>
<doc>Evaluates the given expression in Python and returns the result.</doc>
<status status="PASS" start="2025-11-24T22:04:25.874851" elapsed="0.000428"/>
</kw>
<kw name="Create Dictionary" owner="BuiltIn">
<msg time="2025-11-24T22:04:25.876134" level="INFO">&amp;{bstack_options} = { os=OS X | osVersion=Monterey | browserVersion=15.6 | buildName=browserstack-build-1 | projectName=BrowserStack Sample | sessionName=Robot Framework Test | seleniumVersion=4.0.0 }</msg>
<var>&amp;{bstack_options}</var>
<arg>os=${os}</arg>
<arg>osVersion=${os_version}</arg>
<arg>browserVersion=${browser_version}</arg>
<arg>buildName=browserstack-build-1</arg>
<arg>projectName=BrowserStack Sample</arg>
<arg>sessionName=Robot Framework Test</arg>
<arg>seleniumVersion=4.0.0</arg>
<doc>Creates and returns a dictionary based on the given ``items``.</doc>
<status status="PASS" start="2025-11-24T22:04:25.875664" elapsed="0.000505"/>
</kw>
<kw name="Call Method" owner="BuiltIn">
<arg>${safari_options}</arg>
<arg>set_capability</arg>
<arg>bstack:options</arg>
<arg>${bstack_options}</arg>
<doc>Calls the named method of the given object with the provided arguments.</doc>
<status status="PASS" start="2025-11-24T22:04:25.876299" elapsed="0.000288"/>
</kw>
<kw name="Open Browser" owner="SeleniumLibrary">
<msg time="2025-11-24T22:04:25.877310" level="INFO">Opening browser 'Safari' to base url 'https://www.demoblaze.com/' through remote server at 'https://thefinislumen_yWLp9u:VGzPZp5JA4txt5F5DkXG@hub-cloud.browserstack.com/wd/hub'.</msg>
<arg>${baseUrl}</arg>
<arg>Safari</arg>
<arg>remote_url=${remote_url}</arg>
<arg>options=${safari_options}</arg>
<doc>Opens a new browser instance to the optional ``url``.</doc>
<status status="PASS" start="2025-11-24T22:04:25.876805" elapsed="9.910356"/>
</kw>
<kw name="Maximize Browser Window" owner="SeleniumLibrary">
<doc>Maximizes current browser window.</doc>
<status status="PASS" start="2025-11-24T22:04:35.789248" elapsed="0.151851"/>
</kw>
<arg>${REMOTE_URL}</arg>
<arg>${os}</arg>
<arg>${os_version}</arg>
<arg>${browser_version}</arg>
<status status="PASS" start="2025-11-24T22:04:25.874507" elapsed="10.066972"/>
</kw>
<arg>'${browser}'=='Chrome'</arg>
<arg>Open BrowserStack Chrome</arg>
<arg>${REMOTE_URL}</arg>
<arg>${os}</arg>
<arg>${os_version}</arg>
<arg>${browser_version}</arg>
<arg>ELSE IF</arg>
<arg>'${browser}'=='Safari'</arg>
<arg>Open BrowserStack Safari</arg>
<arg>${REMOTE_URL}</arg>
<arg>${os}</arg>
<arg>${os_version}</arg>
<arg>${browser_version}</arg>
<arg>ELSE IF</arg>
<arg>'${browser}'=='Edge'</arg>
<arg>Open BrowserStack Edge</arg>
<arg>${REMOTE_URL}</arg>
<arg>${os}</arg>
<arg>${os_version}</arg>
<arg>${browser_version}</arg>
<arg>ELSE</arg>
<arg>Fail</arg>
<arg>Unsupported browser: ${browser}</arg>
<doc>Runs the given keyword with the given arguments, if ``condition`` is true.</doc>
<status status="PASS" start="2025-11-24T22:04:25.874075" elapsed="10.067635"/>
</kw>
<arg>${browser}</arg>
<arg>${os}</arg>
<arg>${os_version}</arg>
<arg>${browser_version}</arg>
<status status="PASS" start="2025-11-24T22:04:25.872197" elapsed="10.069776"/>
</kw>
<arg>'${ENV_BS}'=='True'</arg>
<arg>Open BrowserStack Browser</arg>
<arg>${browser}</arg>
<arg>${os}</arg>
<arg>${os_version}</arg>
<arg>${browser_version}</arg>
<arg>ELSE</arg>
<arg>Open Browser</arg>
<arg>${baseUrl}</arg>
<arg>${browser}</arg>
<doc>Runs the given keyword with the given arguments, if ``condition`` is true.</doc>
<status status="PASS" start="2025-11-24T22:04:25.871800" elapsed="10.070317"/>
</kw>
<kw name="Run Keyword If" owner="BuiltIn">
<arg>'${ENV_BS}'=='False'</arg>
<arg>Maximize Browser Window</arg>
<doc>Runs the given keyword with the given arguments, if ``condition`` is true.</doc>
<status status="PASS" start="2025-11-24T22:04:35.942559" elapsed="0.000778"/>
</kw>
<arg>${browser}</arg>
<arg>${os}</arg>
<arg>${os_version}</arg>
<arg>${browser_version}</arg>
<status status="PASS" start="2025-11-24T22:04:25.870838" elapsed="10.072570"/>
</kw>
<kw name="Wait Until Page Contains Element" owner="SeleniumLibrary">
<arg>${signUpButton}</arg>
<arg>timeout=80</arg>
<arg>error=logInButtonNotFound</arg>
<doc>Waits until the element ``locator`` appears on the current page.</doc>
<status status="PASS" start="2025-11-24T22:04:35.943529" elapsed="0.248677"/>
</kw>
<kw name="Sleep" owner="BuiltIn">
<msg time="2025-11-24T22:04:37.195067" level="INFO">Slept 1 second.</msg>
<arg>1s</arg>
<doc>Pauses the test executed for the given time.</doc>
<status status="PASS" start="2025-11-24T22:04:36.192504" elapsed="1.002958"/>
</kw>
<kw name="Click Element" owner="SeleniumLibrary">
<msg time="2025-11-24T22:04:37.196632" level="INFO">Clicking element '//*[@id="signin2"]'.</msg>
<arg>${signUpButton}</arg>
<doc>Click the element identified by ``locator``.</doc>
<status status="PASS" start="2025-11-24T22:04:37.196149" elapsed="0.318446"/>
</kw>
<kw name="Wait Until Page Contains Element" owner="SeleniumLibrary">
<arg>${signUpUsername}</arg>
<arg>timeout=80</arg>
<arg>error=logInButtonNotFound</arg>
<doc>Waits until the element ``locator`` appears on the current page.</doc>
<status status="PASS" start="2025-11-24T22:04:37.515135" elapsed="0.133462"/>
</kw>
<kw name="Sleep" owner="BuiltIn">
<msg time="2025-11-24T22:04:38.650087" level="INFO">Slept 1 second.</msg>
<arg>1s</arg>
<doc>Pauses the test executed for the given time.</doc>
<status status="PASS" start="2025-11-24T22:04:37.648900" elapsed="1.001399"/>
</kw>
<kw name="Input Text" owner="SeleniumLibrary">
<msg time="2025-11-24T22:04:38.651232" level="INFO">Typing text 'amanTest1' into text field '//*[@id="sign-username"]'.</msg>
<arg>${signUpUsername}</arg>
<arg>${login}</arg>
<doc>Types the given ``text`` into the text field identified by ``locator``.</doc>
<status status="PASS" start="2025-11-24T22:04:38.650647" elapsed="0.469914"/>
</kw>
<kw name="Sleep" owner="BuiltIn">
<msg time="2025-11-24T22:04:41.122918" level="INFO">Slept 2 seconds.</msg>
<arg>2s</arg>
<doc>Pauses the test executed for the given time.</doc>
<status status="PASS" start="2025-11-24T22:04:39.120770" elapsed="2.002517"/>
</kw>
<kw name="Input Password" owner="SeleniumLibrary">
<msg time="2025-11-24T22:04:41.124086" level="INFO">Typing password into text field '//*[@id="sign-password"]'.</msg>
<msg time="2025-11-24T22:04:41.402489" level="INFO">Temporally setting log level to: NONE</msg>
<arg>${signUpPassword}</arg>
<arg>${password}</arg>
<doc>Types the given password into the text field identified by ``locator``.</doc>
<status status="PASS" start="2025-11-24T22:04:41.123679" elapsed="0.467423"/>
</kw>
<kw name="Sleep" owner="BuiltIn">
<msg time="2025-11-24T22:04:43.592289" level="INFO">Slept 2 seconds.</msg>
<arg>2s</arg>
<doc>Pauses the test executed for the given time.</doc>
<status status="PASS" start="2025-11-24T22:04:41.591513" elapsed="2.001075"/>
</kw>
<kw name="Click Element" owner="SeleniumLibrary">
<msg time="2025-11-24T22:04:43.593340" level="INFO">Clicking element '//*[@id="signInModal"]/div/div/div[3]/button[2]'.</msg>
<arg>${signUpFormButton}</arg>
<doc>Click the element identified by ``locator``.</doc>
<status status="PASS" start="2025-11-24T22:04:43.592897" elapsed="0.318801"/>
</kw>
<kw name="Sleep" owner="BuiltIn">
<msg time="2025-11-24T22:04:46.913237" level="INFO">Slept 3 seconds.</msg>
<arg>3s</arg>
<doc>Pauses the test executed for the given time.</doc>
<status status="PASS" start="2025-11-24T22:04:43.912093" elapsed="3.001432"/>
</kw>
<arg>@{SAFARI_CONFIG}</arg>
<status status="PASS" start="2025-11-24T22:04:25.870194" elapsed="21.043546"/>
</kw>
<kw name="Mark Test Complete" type="TEARDOWN">
<kw name="Set Variable If" owner="BuiltIn">
<msg time="2025-11-24T22:04:46.916029" level="INFO">${test_status} = passed</msg>
<var>${test_status}</var>
<arg>'${TEST_STATUS}' == 'PASS'</arg>
<arg>passed</arg>
<arg>failed</arg>
<doc>Sets variable based on the given condition.</doc>
<status status="PASS" start="2025-11-24T22:04:46.915467" elapsed="0.000624"/>
</kw>
<kw name="Set Variable If" owner="BuiltIn">
<msg time="2025-11-24T22:04:46.916669" level="INFO">${test_message} = TC1_SIGN_UP_SAFARI failed: </msg>
<var>${test_message}</var>
<arg>'${TEST_STATUS}' == 'PASS'</arg>
<arg>${TEST_NAME} completed successfully</arg>
<arg>${TEST_NAME} failed: ${TEST_MESSAGE}</arg>
<doc>Sets variable based on the given condition.</doc>
<status status="PASS" start="2025-11-24T22:04:46.916307" elapsed="0.000405"/>
</kw>
<kw name="Mark Test Status" owner="resources">
<kw name="Get Environment Variable" owner="OperatingSystem">
<msg time="2025-11-24T22:04:46.917641" level="INFO">${ENV_BS} = True</msg>
<var>${ENV_BS}</var>
<arg>BROWSERSTACK</arg>
<arg>default=${BROWSERSTACK}</arg>
<doc>Returns the value of an environment variable with the given name.</doc>
<status status="PASS" start="2025-11-24T22:04:46.917336" elapsed="0.000336"/>
</kw>
<kw name="Run Keyword If" owner="BuiltIn">
<kw name="Execute Javascript" owner="SeleniumLibrary">
<msg time="2025-11-24T22:04:46.918866" level="INFO">Executing JavaScript:
browserstack_executor: {"action": "setSessionStatus", "arguments": {"status":"passed", "reason": "TC1_SIGN_UP_SAFARI failed: "}}
Without any arguments.</msg>
<arg>browserstack_executor: {"action": "setSessionStatus", "arguments": {"status":"${status}", "reason": "${reason}"}}</arg>
<doc>Executes the given JavaScript code with possible arguments.</doc>
<status status="PASS" start="2025-11-24T22:04:46.918072" elapsed="0.341062"/>
</kw>
<arg>'${ENV_BS}'=='True'</arg>
<arg>Execute JavaScript</arg>
<arg>browserstack_executor: {"action": "setSessionStatus", "arguments": {"status":"${status}", "reason": "${reason}"}}</arg>
<doc>Runs the given keyword with the given arguments, if ``condition`` is true.</doc>
<status status="PASS" start="2025-11-24T22:04:46.917800" elapsed="0.341494"/>
</kw>
<arg>${test_status}</arg>
<arg>${test_message}</arg>
<status status="PASS" start="2025-11-24T22:04:46.916959" elapsed="0.342613"/>
</kw>
<kw name="Close Browser" owner="resources">
<kw name="Close All Browsers" owner="SeleniumLibrary">
<doc>Closes all open browsers and resets the browser cache.</doc>
<status status="PASS" start="2025-11-24T22:04:47.260599" elapsed="1.526256"/>
</kw>
<status status="PASS" start="2025-11-24T22:04:47.260078" elapsed="1.527028"/>
</kw>
<status status="PASS" start="2025-11-24T22:04:46.914950" elapsed="1.872247"/>
</kw>
<tag>safari</tag>
<status status="PASS" start="2025-11-24T22:04:25.869161" elapsed="22.918211"/>
</test>
<test id="s1-t3" name="TC1_SIGN_UP_EDGE" line="28">
<kw name="Sign Up" owner="resources">
<kw name="Open Test Browser" owner="resources">
<kw name="Get Environment Variable" owner="OperatingSystem">
<msg time="2025-11-24T22:04:48.790418" level="INFO">${ENV_BS} = True</msg>
<var>${ENV_BS}</var>
<arg>BROWSERSTACK</arg>
<arg>default=${BROWSERSTACK}</arg>
<doc>Returns the value of an environment variable with the given name.</doc>
<status status="PASS" start="2025-11-24T22:04:48.790075" elapsed="0.000389"/>
</kw>
<kw name="Run Keyword If" owner="BuiltIn">
<kw name="Open BrowserStack Browser" owner="resources">
<kw name="Get Environment Variable" owner="OperatingSystem">
<msg time="2025-11-24T22:04:48.791464" level="INFO">${BS_USER} = thefinislumen_yWLp9u</msg>
<var>${BS_USER}</var>
<arg>BROWSERSTACK_USERNAME</arg>
<doc>Returns the value of an environment variable with the given name.</doc>
<status status="PASS" start="2025-11-24T22:04:48.791344" elapsed="0.000148"/>
</kw>
<kw name="Get Environment Variable" owner="OperatingSystem">
<msg time="2025-11-24T22:04:48.791683" level="INFO">${BS_KEY} = VGzPZp5JA4txt5F5DkXG</msg>
<var>${BS_KEY}</var>
<arg>BROWSERSTACK_ACCESS_KEY</arg>
<doc>Returns the value of an environment variable with the given name.</doc>
<status status="PASS" start="2025-11-24T22:04:48.791589" elapsed="0.000118"/>
</kw>
<kw name="Should Not Be Empty" owner="BuiltIn">
<msg time="2025-11-24T22:04:48.791928" level="INFO">Length is 20.</msg>
<arg>${BS_USER}</arg>
<arg>BrowserStack username not set</arg>
<doc>Verifies that the given item is not empty.</doc>
<status status="PASS" start="2025-11-24T22:04:48.791785" elapsed="0.000180"/>
</kw>
<kw name="Should Not Be Empty" owner="BuiltIn">
<msg time="2025-11-24T22:04:48.792136" level="INFO">Length is 20.</msg>
<arg>${BS_KEY}</arg>
<arg>BrowserStack access key not set</arg>
<doc>Verifies that the given item is not empty.</doc>
<status status="PASS" start="2025-11-24T22:04:48.792039" elapsed="0.000131"/>
</kw>
<kw name="Set Variable" owner="BuiltIn">
<msg time="2025-11-24T22:04:48.792546" level="INFO">${REMOTE_URL} = https://thefinislumen_yWLp9u:VGzPZp5JA4txt5F5DkXG@hub-cloud.browserstack.com/wd/hub</msg>
<var>${REMOTE_URL}</var>
<arg>https://${BS_USER}:${BS_KEY}@hub-cloud.browserstack.com/wd/hub</arg>
<doc>Returns the given values which can then be assigned to a variables.</doc>
<status status="PASS" start="2025-11-24T22:04:48.792268" elapsed="0.000313"/>
</kw>
<kw name="Run Keyword If" owner="BuiltIn">
<kw name="Open BrowserStack Edge" owner="resources">
<kw name="Evaluate" owner="BuiltIn">
<msg time="2025-11-24T22:04:48.793834" level="INFO">${edge_options} = &lt;selenium.webdriver.edge.options.Options object at 0x10531f770&gt;</msg>
<var>${edge_options}</var>
<arg>sys.modules['selenium.webdriver'].EdgeOptions()</arg>
<arg>sys, selenium.webdriver</arg>
<doc>Evaluates the given expression in Python and returns the result.</doc>
<status status="PASS" start="2025-11-24T22:04:48.793465" elapsed="0.000396"/>
</kw>
<kw name="Create Dictionary" owner="BuiltIn">
<msg time="2025-11-24T22:04:48.794397" level="INFO">&amp;{bstack_options} = { os=Windows | osVersion=10 | browserVersion=latest | buildName=browserstack-build-1 | projectName=BrowserStack Sample | sessionName=Robot Framework Test | seleniumVersion=4.0.0 }</msg>
<var>&amp;{bstack_options}</var>
<arg>os=${os}</arg>
<arg>osVersion=${os_version}</arg>
<arg>browserVersion=${browser_version}</arg>
<arg>buildName=browserstack-build-1</arg>
<arg>projectName=BrowserStack Sample</arg>
<arg>sessionName=Robot Framework Test</arg>
<arg>seleniumVersion=4.0.0</arg>
<doc>Creates and returns a dictionary based on the given ``items``.</doc>
<status status="PASS" start="2025-11-24T22:04:48.793962" elapsed="0.000471"/>
</kw>
<kw name="Call Method" owner="BuiltIn">
<arg>${edge_options}</arg>
<arg>set_capability</arg>
<arg>bstack:options</arg>
<arg>${bstack_options}</arg>
<doc>Calls the named method of the given object with the provided arguments.</doc>
<status status="PASS" start="2025-11-24T22:04:48.794571" elapsed="0.000164"/>
</kw>
<kw name="Open Browser" owner="SeleniumLibrary">
<msg time="2025-11-24T22:04:48.795259" level="INFO">Opening browser 'Edge' to base url 'https://www.demoblaze.com/' through remote server at 'https://thefinislumen_yWLp9u:VGzPZp5JA4txt5F5DkXG@hub-cloud.browserstack.com/wd/hub'.</msg>
<errors>
<msg time="2025-11-24T22:05:11.344717" level="ERROR">Execution stopped by user.</msg>
</errors>
</robot>
