<?xml version="1.0" encoding="UTF-8"?>
<robot generator="Robot 7.3.2 (Python 3.14.0 on darwin)" generated="2025-11-24T20:15:16.852446" rpa="false" schemaversion="5">
<suite id="s1" name="Test Browserstack" source="/Users/otkelbayakberdi/Documents/projects/software_testing/task3/assignment-automation2/testCases/test_browserstack.robot">
<test id="s1-t1" name="TC1_SIGN_UP_CHROME" line="12">
<kw name="Sign Up" owner="resources">
<kw name="Open Test Browser" owner="resources">
<kw name="Get Environment Variable" owner="OperatingSystem">
<msg time="2025-11-24T20:15:16.929401" level="INFO">${ENV_BS} = True</msg>
<var>${ENV_BS}</var>
<arg>BROWSERSTACK</arg>
<arg>default=${BROWSERSTACK}</arg>
<doc>Returns the value of an environment variable with the given name.</doc>
<status status="PASS" start="2025-11-24T20:15:16.929313" elapsed="0.000105"/>
</kw>
<kw name="Run Keyword If" owner="BuiltIn">
<kw name="Open BrowserStack Browser" owner="resources">
<kw name="Get Environment Variable" owner="OperatingSystem">
<msg time="2025-11-24T20:15:16.929762" level="INFO">${BS_USER} = thefinislumen_yWLp9u</msg>
<var>${BS_USER}</var>
<arg>BROWSERSTACK_USERNAME</arg>
<doc>Returns the value of an environment variable with the given name.</doc>
<status status="PASS" start="2025-11-24T20:15:16.929714" elapsed="0.000061"/>
</kw>
<kw name="Get Environment Variable" owner="OperatingSystem">
<msg time="2025-11-24T20:15:16.929858" level="INFO">${BS_KEY} = VGzPZp5JA4txt5F5DkXG</msg>
<var>${BS_KEY}</var>
<arg>BROWSERSTACK_ACCESS_KEY</arg>
<doc>Returns the value of an environment variable with the given name.</doc>
<status status="PASS" start="2025-11-24T20:15:16.929817" elapsed="0.000050"/>
</kw>
<kw name="Should Not Be Empty" owner="BuiltIn">
<msg time="2025-11-24T20:15:16.929964" level="INFO">Length is 20.</msg>
<arg>${BS_USER}</arg>
<arg>BrowserStack username not set</arg>
<doc>Verifies that the given item is not empty.</doc>
<status status="PASS" start="2025-11-24T20:15:16.929902" elapsed="0.000078"/>
</kw>
<kw name="Should Not Be Empty" owner="BuiltIn">
<msg time="2025-11-24T20:15:16.930059" level="INFO">Length is 20.</msg>
<arg>${BS_KEY}</arg>
<arg>BrowserStack access key not set</arg>
<doc>Verifies that the given item is not empty.</doc>
<status status="PASS" start="2025-11-24T20:15:16.930012" elapsed="0.000063"/>
</kw>
<kw name="Set Variable" owner="BuiltIn">
<msg time="2025-11-24T20:15:16.930168" level="INFO">${REMOTE_URL} = https://thefinislumen_yWLp9u:VGzPZp5JA4txt5F5DkXG@hub-cloud.browserstack.com/wd/hub</msg>
<var>${REMOTE_URL}</var>
<arg>https://${BS_USER}:${BS_KEY}@hub-cloud.browserstack.com/wd/hub</arg>
<doc>Returns the given values which can then be assigned to a variables.</doc>
<status status="PASS" start="2025-11-24T20:15:16.930110" elapsed="0.000068"/>
</kw>
<kw name="Run Keyword If" owner="BuiltIn">
<kw name="Open BrowserStack Chrome" owner="resources">
<kw name="Evaluate" owner="BuiltIn">
<msg time="2025-11-24T20:15:16.930505" level="INFO">${chrome_options} = &lt;selenium.webdriver.chrome.options.Options object at 0x106afc050&gt;</msg>
<var>${chrome_options}</var>
<arg>sys.modules['selenium.webdriver'].ChromeOptions()</arg>
<arg>sys, selenium.webdriver</arg>
<doc>Evaluates the given expression in Python and returns the result.</doc>
<status status="PASS" start="2025-11-24T20:15:16.930428" elapsed="0.000087"/>
</kw>
<kw name="Create Dictionary" owner="BuiltIn">
<msg time="2025-11-24T20:15:16.930702" level="INFO">&amp;{bstack_options} = { os=Windows | osVersion=10 | browserVersion=120.0 | buildName=browserstack-build-1 | projectName=BrowserStack Sample | sessionName=Robot Framework Test | seleniumVersion=4.0.0 }</msg>
<var>&amp;{bstack_options}</var>
<arg>os=${os}</arg>
<arg>osVersion=${os_version}</arg>
<arg>browserVersion=${browser_version}</arg>
<arg>buildName=browserstack-build-1</arg>
<arg>projectName=BrowserStack Sample</arg>
<arg>sessionName=Robot Framework Test</arg>
<arg>seleniumVersion=4.0.0</arg>
<doc>Creates and returns a dictionary based on the given ``items``.</doc>
<status status="PASS" start="2025-11-24T20:15:16.930557" elapsed="0.000156"/>
</kw>
<kw name="Call Method" owner="BuiltIn">
<arg>${chrome_options}</arg>
<arg>set_capability</arg>
<arg>bstack:options</arg>
<arg>${bstack_options}</arg>
<doc>Calls the named method of the given object with the provided arguments.</doc>
<status status="PASS" start="2025-11-24T20:15:16.930757" elapsed="0.000053"/>
</kw>
<kw name="Open Browser" owner="SeleniumLibrary">
<msg time="2025-11-24T20:15:16.930965" level="INFO">Opening browser 'Chrome' to base url 'https://www.demoblaze.com/' through remote server at 'https://thefinislumen_yWLp9u:VGzPZp5JA4txt5F5DkXG@hub-cloud.browserstack.com/wd/hub'.</msg>
<msg time="2025-11-24T20:15:33.492873" level="INFO">/Users/otkelbayakberdi/Documents/projects/software_testing/task3/assignment-automation2/env/lib/python3.14/site-packages/selenium/webdriver/remote/remote_connection.py:421: UserWarning: Embedding username and password in URL could be insecure, use ClientConfig instead
  headers = self.get_remote_connection_headers(parsed_url, self._client_config.keep_alive)</msg>
<arg>${baseUrl}</arg>
<arg>Chrome</arg>
<arg>remote_url=${remote_url}</arg>
<arg>options=${chrome_options}</arg>
<doc>Opens a new browser instance to the optional ``url``.</doc>
<status status="PASS" start="2025-11-24T20:15:16.930856" elapsed="16.562905"/>
</kw>
<arg>${REMOTE_URL}</arg>
<arg>${os}</arg>
<arg>${os_version}</arg>
<arg>${browser_version}</arg>
<status status="PASS" start="2025-11-24T20:15:16.930313" elapsed="16.564309"/>
</kw>
<arg>'${browser}'=='Chrome'</arg>
<arg>Open BrowserStack Chrome</arg>
<arg>${REMOTE_URL}</arg>
<arg>${os}</arg>
<arg>${os_version}</arg>
<arg>${browser_version}</arg>
<arg>ELSE IF</arg>
<arg>'${browser}'=='Safari'</arg>
<arg>Open BrowserStack Safari</arg>
<arg>${REMOTE_URL}</arg>
<arg>${os}</arg>
<arg>${os_version}</arg>
<arg>${browser_version}</arg>
<arg>ELSE IF</arg>
<arg>'${browser}'=='Edge'</arg>
<arg>Open BrowserStack Edge</arg>
<arg>${REMOTE_URL}</arg>
<arg>${os}</arg>
<arg>${os_version}</arg>
<arg>${browser_version}</arg>
<arg>ELSE</arg>
<arg>Fail</arg>
<arg>Unsupported browser: ${browser}</arg>
<doc>Runs the given keyword with the given arguments, if ``condition`` is true.</doc>
<status status="PASS" start="2025-11-24T20:15:16.930218" elapsed="16.564560"/>
</kw>
<arg>${browser}</arg>
<arg>${os}</arg>
<arg>${os_version}</arg>
<arg>${browser_version}</arg>
<status status="PASS" start="2025-11-24T20:15:16.929595" elapsed="16.565353"/>
</kw>
<arg>'${ENV_BS}'=='True'</arg>
<arg>Open BrowserStack Browser</arg>
<arg>${browser}</arg>
<arg>${os}</arg>
<arg>${os_version}</arg>
<arg>${browser_version}</arg>
<arg>ELSE</arg>
<arg>Open Browser</arg>
<arg>${baseUrl}</arg>
<arg>${browser}</arg>
<doc>Runs the given keyword with the given arguments, if ``condition`` is true.</doc>
<status status="PASS" start="2025-11-24T20:15:16.929483" elapsed="16.565542"/>
</kw>
<arg>${browser}</arg>
<arg>${os}</arg>
<arg>${os_version}</arg>
<arg>${browser_version}</arg>
<status status="PASS" start="2025-11-24T20:15:16.928951" elapsed="16.566188"/>
</kw>
<kw name="Wait Until Page Contains Element" owner="SeleniumLibrary">
<arg>${signUpButton}</arg>
<arg>timeout=80</arg>
<arg>error=logInButtonNotFound</arg>
<doc>Waits until the element ``locator`` appears on the current page.</doc>
<status status="PASS" start="2025-11-24T20:15:33.495712" elapsed="0.279383"/>
</kw>
<kw name="Sleep" owner="BuiltIn">
<msg time="2025-11-24T20:15:34.778110" level="INFO">Slept 1 second.</msg>
<arg>1s</arg>
<doc>Pauses the test executed for the given time.</doc>
<status status="PASS" start="2025-11-24T20:15:33.775737" elapsed="1.002710"/>
</kw>
<kw name="Click Element" owner="SeleniumLibrary">
<msg time="2025-11-24T20:15:34.779410" level="INFO">Clicking element '//*[@id="signin2"]'.</msg>
<msg time="2025-11-24T20:15:38.553111" level="INFO" html="true">&lt;/td&gt;&lt;/tr&gt;&lt;tr&gt;&lt;td colspan="3"&gt;&lt;a href="selenium-screenshot-1.png"&gt;&lt;img src="selenium-screenshot-1.png" width="800px"&gt;&lt;/a&gt;</msg>
<msg time="2025-11-24T20:15:38.553712" level="FAIL">ElementClickInterceptedException: Message: element click intercepted: Element &lt;a class="nav-link" href="#" id="signin2" data-toggle="modal" data-target="#signInModal" style="display: block;"&gt;...&lt;/a&gt; is not clickable at point (363, 86). Other element would receive the click: &lt;img class="d-block img-fluid" src="Samsung1.jpg" alt="First slide"&gt;
  (Session info: chrome=120.0.6099.63); For documentation on this error, please visit: https://www.selenium.dev/documentation/webdriver/troubleshooting/errors#elementclickinterceptedexception
Stacktrace:
	GetHandleVerifier [0x00007FF789D84D32+56194]
	(No symbol) [0x00007FF789CF04E2]
	(No symbol) [0x00007FF789B976AA]
	(No symbol) [0x00007FF789BE8763]
	(No symbol) [0x00007FF789BE675D]
	(No symbol) [0x00007FF789BE3F5C]
	(No symbol) [0x00007FF789BE2D15]
	(No symbol) [0x00007FF789BD687F]
	(No symbol) [0x00007FF789C05E7A]
	(No symbol) [0x00007FF789BD6226]
	(No symbol) [0x00007FF789C06320]
	(No symbol) [0x00007FF789C22786]
	(No symbol) [0x00007FF789C05C23]
	(No symbol) [0x00007FF789BD4A45]
	(No symbol) [0x00007FF789BD5AD4]
	GetHandleVerifier [0x00007FF78A0FD5EB+3695675]
	GetHandleVerifier [0x00007FF78A1561C7+4059159]
	GetHandleVerifier [0x00007FF78A14DF93+4025827]
	GetHandleVerifier [0x00007FF789E1F059+687785]
	(No symbol) [0x00007FF789CFB538]
	(No symbol) [0x00007FF789CF7594]
	(No symbol) [0x00007FF789CF7719]
	(No symbol) [0x00007FF789CE80C4]
	BaseThreadInitThunk [0x00007FF8856E3034+20]
	RtlUserThreadStart [0x00007FF8859F1551+33]
</msg>
<arg>${signUpButton}</arg>
<doc>Click the element identified by ``locator``.</doc>
<status status="FAIL" start="2025-11-24T20:15:34.778869" elapsed="3.782371">ElementClickInterceptedException: Message: element click intercepted: Element &lt;a class="nav-link" href="#" id="signin2" data-toggle="modal" data-target="#signInModal" style="display: block;"&gt;...&lt;/a&gt; is not clickable at point (363, 86). Other element would receive the click: &lt;img class="d-block img-fluid" src="Samsung1.jpg" alt="First slide"&gt;
  (Session info: chrome=120.0.6099.63); For documentation on this error, please visit: https://www.selenium.dev/documentation/webdriver/troubleshooting/errors#elementclickinterceptedexception
Stacktrace:
	GetHandleVerifier [0x00007FF789D84D32+56194]
	(No symbol) [0x00007FF789CF04E2]
	(No symbol) [0x00007FF789B976AA]
	(No symbol) [0x00007FF789BE8763]
	(No symbol) [0x00007FF789BE675D]
	(No symbol) [0x00007FF789BE3F5C]
	(No symbol) [0x00007FF789BE2D15]
	(No symbol) [0x00007FF789BD687F]
	(No symbol) [0x00007FF789C05E7A]
	(No symbol) [0x00007FF789BD6226]
	(No symbol) [0x00007FF789C06320]
	(No symbol) [0x00007FF789C22786]
	(No symbol) [0x00007FF789C05C23]
	(No symbol) [0x00007FF789BD4A45]
	(No symbol) [0x00007FF789BD5AD4]
	GetHandleVerifier [0x00007FF78A0FD5EB+3695675]
	GetHandleVerifier [0x00007FF78A1561C7+4059159]
	GetHandleVerifier [0x00007FF78A14DF93+4025827]
	GetHandleVerifier [0x00007FF789E1F059+687785]
	(No symbol) [0x00007FF789CFB538]
	(No symbol) [0x00007FF789CF7594]
	(No symbol) [0x00007FF789CF7719]
	(No symbol) [0x00007FF789CE80C4]
	BaseThreadInitThunk [0x00007FF8856E3034+20]
	RtlUserThreadStart [0x00007FF8859F1551+33]
</status>
</kw>
<kw name="Wait Until Page Contains Element" owner="SeleniumLibrary">
<arg>${signUpUsername}</arg>
<arg>timeout=80</arg>
<arg>error=logInButtonNotFound</arg>
<doc>Waits until the element ``locator`` appears on the current page.</doc>
<status status="NOT RUN" start="2025-11-24T20:15:38.561640" elapsed="0.000071"/>
</kw>
<kw name="Sleep" owner="BuiltIn">
<arg>1s</arg>
<doc>Pauses the test executed for the given time.</doc>
<status status="NOT RUN" start="2025-11-24T20:15:38.561833" elapsed="0.000029"/>
</kw>
<kw name="Input Text" owner="SeleniumLibrary">
<arg>${signUpUsername}</arg>
<arg>${login}</arg>
<doc>Types the given ``text`` into the text field identified by ``locator``.</doc>
<status status="NOT RUN" start="2025-11-24T20:15:38.562015" elapsed="0.000027"/>
</kw>
<kw name="Sleep" owner="BuiltIn">
<arg>2s</arg>
<doc>Pauses the test executed for the given time.</doc>
<status status="NOT RUN" start="2025-11-24T20:15:38.562135" elapsed="0.000025"/>
</kw>
<kw name="Input Password" owner="SeleniumLibrary">
<arg>${signUpPassword}</arg>
<arg>${password}</arg>
<doc>Types the given password into the text field identified by ``locator``.</doc>
<status status="NOT RUN" start="2025-11-24T20:15:38.562254" elapsed="0.000024"/>
</kw>
<kw name="Sleep" owner="BuiltIn">
<arg>2s</arg>
<doc>Pauses the test executed for the given time.</doc>
<status status="NOT RUN" start="2025-11-24T20:15:38.562365" elapsed="0.000033"/>
</kw>
<kw name="Click Element" owner="SeleniumLibrary">
<arg>${signUpFormButton}</arg>
<doc>Click the element identified by ``locator``.</doc>
<status status="NOT RUN" start="2025-11-24T20:15:38.562526" elapsed="0.000026"/>
</kw>
<kw name="Sleep" owner="BuiltIn">
<arg>3s</arg>
<doc>Pauses the test executed for the given time.</doc>
<status status="NOT RUN" start="2025-11-24T20:15:38.562638" elapsed="0.000024"/>
</kw>
<arg>@{CHROME_CONFIG}</arg>
<status status="FAIL" start="2025-11-24T20:15:16.928736" elapsed="21.634187">ElementClickInterceptedException: Message: element click intercepted: Element &lt;a class="nav-link" href="#" id="signin2" data-toggle="modal" data-target="#signInModal" style="display: block;"&gt;...&lt;/a&gt; is not clickable at point (363, 86). Other element would receive the click: &lt;img class="d-block img-fluid" src="Samsung1.jpg" alt="First slide"&gt;
  (Session info: chrome=120.0.6099.63); For documentation on this error, please visit: https://www.selenium.dev/documentation/webdriver/troubleshooting/errors#elementclickinterceptedexception
Stacktrace:
	GetHandleVerifier [0x00007FF789D84D32+56194]
	(No symbol) [0x00007FF789CF04E2]
	(No symbol) [0x00007FF789B976AA]
	(No symbol) [0x00007FF789BE8763]
	(No symbol) [0x00007FF789BE675D]
	(No symbol) [0x00007FF789BE3F5C]
	(No symbol) [0x00007FF789BE2D15]
	(No symbol) [0x00007FF789BD687F]
	(No symbol) [0x00007FF789C05E7A]
	(No symbol) [0x00007FF789BD6226]
	(No symbol) [0x00007FF789C06320]
	(No symbol) [0x00007FF789C22786]
	(No symbol) [0x00007FF789C05C23]
	(No symbol) [0x00007FF789BD4A45]
	(No symbol) [0x00007FF789BD5AD4]
	GetHandleVerifier [0x00007FF78A0FD5EB+3695675]
	GetHandleVerifier [0x00007FF78A1561C7+4059159]
	GetHandleVerifier [0x00007FF78A14DF93+4025827]
	GetHandleVerifier [0x00007FF789E1F059+687785]
	(No symbol) [0x00007FF789CFB538]
	(No symbol) [0x00007FF789CF7594]
	(No symbol) [0x00007FF789CF7719]
	(No symbol) [0x00007FF789CE80C4]
	BaseThreadInitThunk [0x00007FF8856E3034+20]
	RtlUserThreadStart [0x00007FF8859F1551+33]
</status>
</kw>
<kw name="Close Browser" owner="resources">
<status status="NOT RUN" start="2025-11-24T20:15:38.563689" elapsed="0.000076"/>
</kw>
<tag>chrome</tag>
<status status="FAIL" start="2025-11-24T20:15:16.928385" elapsed="21.635874">ElementClickInterceptedException: Message: element click intercepted: Element &lt;a class="nav-link" href="#" id="signin2" data-toggle="modal" data-target="#signInModal" style="display: block;"&gt;...&lt;/a&gt; is not clickable at point (363, 86). Other element would receive the click: &lt;img class="d-block img-fluid" src="Samsung1.jpg" alt="First slide"&gt;
  (Session info: chrome=120.0.6099.63); For documentation on this error, please visit: https://www.selenium.dev/documentation/webdriver/troubleshooting/errors#elementclickinterceptedexception
Stacktrace:
	GetHandleVerifier [0x00007FF789D84D32+56194]
	(No symbol) [0x00007FF789CF04E2]
	(No symbol) [0x00007FF789B976AA]
	(No symbol) [0x00007FF789BE8763]
	(No symbol) [0x00007FF789BE675D]
	(No symbol) [0x00007FF789BE3F5C]
	(No symbol) [0x00007FF789BE2D15]
	(No symbol) [0x00007FF789BD687F]
	(No symbol) [0x00007FF789C05E7A]
	(No symbol) [0x00007FF789BD6226]
	(No symbol) [0x00007FF789C06320]
	(No symbol) [0x00007FF789C22786]
	(No symbol) [0x00007FF789C05C23]
	(No symbol) [0x00007FF789BD4A45]
	(No symbol) [0x00007FF789BD5AD4]
	GetHandleVerifier [0x00007FF78A0FD5EB+3695675]
	GetHandleVerifier [0x00007FF78A1561C7+4059159]
	GetHandleVerifier [0x00007FF78A14DF93+4025827]
	GetHandleVerifier [0x00007FF789E1F059+687785]
	(No symbol) [0x00007FF789CFB538]
	(No symbol) [0x00007FF789CF7594]
	(No symbol) [0x00007FF789CF7719]
	(No symbol) [0x00007FF789CE80C4]
	BaseThreadInitThunk [0x00007FF8856E3034+20]
	RtlUserThreadStart [0x00007FF8859F1551+33]
</status>
</test>
<test id="s1-t2" name="TC1_SIGN_UP_SAFARI" line="17">
<kw name="Sign Up" owner="resources">
<kw name="Open Test Browser" owner="resources">
<kw name="Get Environment Variable" owner="OperatingSystem">
<msg time="2025-11-24T20:15:38.567215" level="INFO">${ENV_BS} = True</msg>
<var>${ENV_BS}</var>
<arg>BROWSERSTACK</arg>
<arg>default=${BROWSERSTACK}</arg>
<doc>Returns the value of an environment variable with the given name.</doc>
<status status="PASS" start="2025-11-24T20:15:38.566918" elapsed="0.000335"/>
</kw>
<kw name="Run Keyword If" owner="BuiltIn">
<kw name="Open BrowserStack Browser" owner="resources">
<kw name="Get Environment Variable" owner="OperatingSystem">
<msg time="2025-11-24T20:15:38.569616" level="INFO">${BS_USER} = thefinislumen_yWLp9u</msg>
<var>${BS_USER}</var>
<arg>BROWSERSTACK_USERNAME</arg>
<doc>Returns the value of an environment variable with the given name.</doc>
<status status="PASS" start="2025-11-24T20:15:38.568152" elapsed="0.001506"/>
</kw>
<kw name="Get Environment Variable" owner="OperatingSystem">
<msg time="2025-11-24T20:15:38.569938" level="INFO">${BS_KEY} = VGzPZp5JA4txt5F5DkXG</msg>
<var>${BS_KEY}</var>
<arg>BROWSERSTACK_ACCESS_KEY</arg>
<doc>Returns the value of an environment variable with the given name.</doc>
<status status="PASS" start="2025-11-24T20:15:38.569790" elapsed="0.000176"/>
</kw>
<kw name="Should Not Be Empty" owner="BuiltIn">
<msg time="2025-11-24T20:15:38.570251" level="INFO">Length is 20.</msg>
<arg>${BS_USER}</arg>
<arg>BrowserStack username not set</arg>
<doc>Verifies that the given item is not empty.</doc>
<status status="PASS" start="2025-11-24T20:15:38.570101" elapsed="0.000199"/>
</kw>
<kw name="Should Not Be Empty" owner="BuiltIn">
<msg time="2025-11-24T20:15:38.570508" level="INFO">Length is 20.</msg>
<arg>${BS_KEY}</arg>
<arg>BrowserStack access key not set</arg>
<doc>Verifies that the given item is not empty.</doc>
<status status="PASS" start="2025-11-24T20:15:38.570391" elapsed="0.000156"/>
</kw>
<kw name="Set Variable" owner="BuiltIn">
<msg time="2025-11-24T20:15:38.570811" level="INFO">${REMOTE_URL} = https://thefinislumen_yWLp9u:VGzPZp5JA4txt5F5DkXG@hub-cloud.browserstack.com/wd/hub</msg>
<var>${REMOTE_URL}</var>
<arg>https://${BS_USER}:${BS_KEY}@hub-cloud.browserstack.com/wd/hub</arg>
<doc>Returns the given values which can then be assigned to a variables.</doc>
<status status="PASS" start="2025-11-24T20:15:38.570642" elapsed="0.000195"/>
</kw>
<kw name="Run Keyword If" owner="BuiltIn">
<kw name="Open BrowserStack Safari" owner="resources">
<kw name="Evaluate" owner="BuiltIn">
<msg time="2025-11-24T20:15:38.571930" level="INFO">${safari_options} = &lt;selenium.webdriver.safari.options.Options object at 0x106224ec0&gt;</msg>
<var>${safari_options}</var>
<arg>sys.modules['selenium.webdriver'].SafariOptions()</arg>
<arg>sys, selenium.webdriver</arg>
<doc>Evaluates the given expression in Python and returns the result.</doc>
<status status="PASS" start="2025-11-24T20:15:38.571648" elapsed="0.000311"/>
</kw>
<kw name="Create Dictionary" owner="BuiltIn">
<msg time="2025-11-24T20:15:38.572423" level="INFO">&amp;{bstack_options} = { os=OS X | osVersion=Monterey | browserVersion=15.6 | buildName=browserstack-build-1 | projectName=BrowserStack Sample | sessionName=Robot Framework Test | seleniumVersion=4.0.0 }</msg>
<var>&amp;{bstack_options}</var>
<arg>os=${os}</arg>
<arg>osVersion=${os_version}</arg>
<arg>browserVersion=${browser_version}</arg>
<arg>buildName=browserstack-build-1</arg>
<arg>projectName=BrowserStack Sample</arg>
<arg>sessionName=Robot Framework Test</arg>
<arg>seleniumVersion=4.0.0</arg>
<doc>Creates and returns a dictionary based on the given ``items``.</doc>
<status status="PASS" start="2025-11-24T20:15:38.572080" elapsed="0.000372"/>
</kw>
<kw name="Call Method" owner="BuiltIn">
<arg>${safari_options}</arg>
<arg>set_capability</arg>
<arg>bstack:options</arg>
<arg>${bstack_options}</arg>
<doc>Calls the named method of the given object with the provided arguments.</doc>
<status status="PASS" start="2025-11-24T20:15:38.572561" elapsed="0.000138"/>
</kw>
<kw name="Open Browser" owner="SeleniumLibrary">
<msg time="2025-11-24T20:15:38.573114" level="INFO">Opening browser 'Safari' to base url 'https://www.demoblaze.com/' through remote server at 'https://thefinislumen_yWLp9u:VGzPZp5JA4txt5F5DkXG@hub-cloud.browserstack.com/wd/hub'.</msg>
<arg>${baseUrl}</arg>
<arg>Safari</arg>
<arg>remote_url=${remote_url}</arg>
<arg>options=${safari_options}</arg>
<doc>Opens a new browser instance to the optional ``url``.</doc>
<status status="PASS" start="2025-11-24T20:15:38.572820" elapsed="22.078894"/>
</kw>
<arg>${REMOTE_URL}</arg>
<arg>${os}</arg>
<arg>${os_version}</arg>
<arg>${browser_version}</arg>
<status status="PASS" start="2025-11-24T20:15:38.571332" elapsed="22.081603"/>
</kw>
<arg>'${browser}'=='Chrome'</arg>
<arg>Open BrowserStack Chrome</arg>
<arg>${REMOTE_URL}</arg>
<arg>${os}</arg>
<arg>${os_version}</arg>
<arg>${browser_version}</arg>
<arg>ELSE IF</arg>
<arg>'${browser}'=='Safari'</arg>
<arg>Open BrowserStack Safari</arg>
<arg>${REMOTE_URL}</arg>
<arg>${os}</arg>
<arg>${os_version}</arg>
<arg>${browser_version}</arg>
<arg>ELSE IF</arg>
<arg>'${browser}'=='Edge'</arg>
<arg>Open BrowserStack Edge</arg>
<arg>${REMOTE_URL}</arg>
<arg>${os}</arg>
<arg>${os_version}</arg>
<arg>${browser_version}</arg>
<arg>ELSE</arg>
<arg>Fail</arg>
<arg>Unsupported browser: ${browser}</arg>
<doc>Runs the given keyword with the given arguments, if ``condition`` is true.</doc>
<status status="PASS" start="2025-11-24T20:15:38.570937" elapsed="22.082328"/>
</kw>
<arg>${browser}</arg>
<arg>${os}</arg>
<arg>${os_version}</arg>
<arg>${browser_version}</arg>
<status status="PASS" start="2025-11-24T20:15:38.567821" elapsed="22.085755"/>
</kw>
<arg>'${ENV_BS}'=='True'</arg>
<arg>Open BrowserStack Browser</arg>
<arg>${browser}</arg>
<arg>${os}</arg>
<arg>${os_version}</arg>
<arg>${browser_version}</arg>
<arg>ELSE</arg>
<arg>Open Browser</arg>
<arg>${baseUrl}</arg>
<arg>${browser}</arg>
<doc>Runs the given keyword with the given arguments, if ``condition`` is true.</doc>
<status status="PASS" start="2025-11-24T20:15:38.567413" elapsed="22.086322"/>
</kw>
<arg>${browser}</arg>
<arg>${os}</arg>
<arg>${os_version}</arg>
<arg>${browser_version}</arg>
<status status="PASS" start="2025-11-24T20:15:38.566500" elapsed="22.087436"/>
</kw>
<kw name="Wait Until Page Contains Element" owner="SeleniumLibrary">
<arg>${signUpButton}</arg>
<arg>timeout=80</arg>
<arg>error=logInButtonNotFound</arg>
<doc>Waits until the element ``locator`` appears on the current page.</doc>
<status status="PASS" start="2025-11-24T20:16:00.654953" elapsed="0.585511"/>
</kw>
<kw name="Sleep" owner="BuiltIn">
<msg time="2025-11-24T20:16:02.242165" level="INFO">Slept 1 second.</msg>
<arg>1s</arg>
<doc>Pauses the test executed for the given time.</doc>
<status status="PASS" start="2025-11-24T20:16:01.240884" elapsed="1.001876"/>
</kw>
<kw name="Click Element" owner="SeleniumLibrary">
<msg time="2025-11-24T20:16:02.244566" level="INFO">Clicking element '//*[@id="signin2"]'.</msg>
<arg>${signUpButton}</arg>
<doc>Click the element identified by ``locator``.</doc>
<status status="PASS" start="2025-11-24T20:16:02.243223" elapsed="0.830406"/>
</kw>
<kw name="Wait Until Page Contains Element" owner="SeleniumLibrary">
<arg>${signUpUsername}</arg>
<arg>timeout=80</arg>
<arg>error=logInButtonNotFound</arg>
<doc>Waits until the element ``locator`` appears on the current page.</doc>
<status status="PASS" start="2025-11-24T20:16:03.073872" elapsed="0.437736"/>
</kw>
<kw name="Sleep" owner="BuiltIn">
<msg time="2025-11-24T20:16:04.514079" level="INFO">Slept 1 second.</msg>
<arg>1s</arg>
<doc>Pauses the test executed for the given time.</doc>
<status status="PASS" start="2025-11-24T20:16:03.511848" elapsed="1.002485"/>
</kw>
<kw name="Input Text" owner="SeleniumLibrary">
<msg time="2025-11-24T20:16:04.515349" level="INFO">Typing text 'amanTest1' into text field '//*[@id="sign-username"]'.</msg>
<arg>${signUpUsername}</arg>
<arg>${login}</arg>
<doc>Types the given ``text`` into the text field identified by ``locator``.</doc>
<status status="PASS" start="2025-11-24T20:16:04.514794" elapsed="1.235312"/>
</kw>
<kw name="Sleep" owner="BuiltIn">
<msg time="2025-11-24T20:16:07.753086" level="INFO">Slept 2 seconds.</msg>
<arg>2s</arg>
<doc>Pauses the test executed for the given time.</doc>
<status status="PASS" start="2025-11-24T20:16:05.750401" elapsed="2.003489"/>
</kw>
<kw name="Input Password" owner="SeleniumLibrary">
<msg time="2025-11-24T20:16:07.755661" level="INFO">Typing password into text field '//*[@id="sign-password"]'.</msg>
<msg time="2025-11-24T20:16:08.454387" level="INFO">Temporally setting log level to: NONE</msg>
<arg>${signUpPassword}</arg>
<arg>${password}</arg>
<doc>Types the given password into the text field identified by ``locator``.</doc>
<status status="PASS" start="2025-11-24T20:16:07.754333" elapsed="1.036950"/>
</kw>
<kw name="Sleep" owner="BuiltIn">
<msg time="2025-11-24T20:16:10.792943" level="INFO">Slept 2 seconds.</msg>
<arg>2s</arg>
<doc>Pauses the test executed for the given time.</doc>
<status status="PASS" start="2025-11-24T20:16:08.791832" elapsed="2.001388"/>
</kw>
<kw name="Click Element" owner="SeleniumLibrary">
<msg time="2025-11-24T20:16:10.794175" level="INFO">Clicking element '//*[@id="signInModal"]/div/div/div[3]/button[2]'.</msg>
<arg>${signUpFormButton}</arg>
<doc>Click the element identified by ``locator``.</doc>
<status status="PASS" start="2025-11-24T20:16:10.793628" elapsed="0.817306"/>
</kw>
<kw name="Sleep" owner="BuiltIn">
<msg time="2025-11-24T20:16:14.613122" level="INFO">Slept 3 seconds.</msg>
<arg>3s</arg>
<doc>Pauses the test executed for the given time.</doc>
<status status="PASS" start="2025-11-24T20:16:11.611612" elapsed="3.001886"/>
</kw>
<arg>@{SAFARI_CONFIG}</arg>
<status status="PASS" start="2025-11-24T20:15:38.565964" elapsed="36.047810"/>
</kw>
<kw name="Close Browser" owner="resources">
<kw name="Close All Browsers" owner="SeleniumLibrary">
<doc>Closes all open browsers and resets the browser cache.</doc>
<status status="PASS" start="2025-11-24T20:16:14.615618" elapsed="3.528258"/>
</kw>
<status status="PASS" start="2025-11-24T20:16:14.614772" elapsed="3.529522"/>
</kw>
<tag>safari</tag>
<status status="PASS" start="2025-11-24T20:15:38.565014" elapsed="39.579925"/>
</test>
<test id="s1-t3" name="TC1_SIGN_UP_EDGE" line="22">
<kw name="Sign Up" owner="resources">
<kw name="Open Test Browser" owner="resources">
<kw name="Get Environment Variable" owner="OperatingSystem">
<msg time="2025-11-24T20:16:18.148344" level="INFO">${ENV_BS} = True</msg>
<var>${ENV_BS}</var>
<arg>BROWSERSTACK</arg>
<arg>default=${BROWSERSTACK}</arg>
<doc>Returns the value of an environment variable with the given name.</doc>
<status status="PASS" start="2025-11-24T20:16:18.147947" elapsed="0.000448"/>
</kw>
<kw name="Run Keyword If" owner="BuiltIn">
<kw name="Open BrowserStack Browser" owner="resources">
<kw name="Get Environment Variable" owner="OperatingSystem">
<msg time="2025-11-24T20:16:18.149470" level="INFO">${BS_USER} = thefinislumen_yWLp9u</msg>
<var>${BS_USER}</var>
<arg>BROWSERSTACK_USERNAME</arg>
<doc>Returns the value of an environment variable with the given name.</doc>
<status status="PASS" start="2025-11-24T20:16:18.149340" elapsed="0.000159"/>
</kw>
<kw name="Get Environment Variable" owner="OperatingSystem">
<msg time="2025-11-24T20:16:18.149709" level="INFO">${BS_KEY} = VGzPZp5JA4txt5F5DkXG</msg>
<var>${BS_KEY}</var>
<arg>BROWSERSTACK_ACCESS_KEY</arg>
<doc>Returns the value of an environment variable with the given name.</doc>
<status status="PASS" start="2025-11-24T20:16:18.149596" elapsed="0.000140"/>
</kw>
<kw name="Should Not Be Empty" owner="BuiltIn">
<msg time="2025-11-24T20:16:18.150052" level="INFO">Length is 20.</msg>
<arg>${BS_USER}</arg>
<arg>BrowserStack username not set</arg>
<doc>Verifies that the given item is not empty.</doc>
<status status="PASS" start="2025-11-24T20:16:18.149855" elapsed="0.000242"/>
</kw>
<kw name="Should Not Be Empty" owner="BuiltIn">
<msg time="2025-11-24T20:16:18.150316" level="INFO">Length is 20.</msg>
<arg>${BS_KEY}</arg>
<arg>BrowserStack access key not set</arg>
<doc>Verifies that the given item is not empty.</doc>
<status status="PASS" start="2025-11-24T20:16:18.150191" elapsed="0.000167"/>
</kw>
<kw name="Set Variable" owner="BuiltIn">
<msg time="2025-11-24T20:16:18.150789" level="INFO">${REMOTE_URL} = https://thefinislumen_yWLp9u:VGzPZp5JA4txt5F5DkXG@hub-cloud.browserstack.com/wd/hub</msg>
<var>${REMOTE_URL}</var>
<arg>https://${BS_USER}:${BS_KEY}@hub-cloud.browserstack.com/wd/hub</arg>
<doc>Returns the given values which can then be assigned to a variables.</doc>
<status status="PASS" start="2025-11-24T20:16:18.150513" elapsed="0.000314"/>
</kw>
<kw name="Run Keyword If" owner="BuiltIn">
<kw name="Open BrowserStack Edge" owner="resources">
<kw name="Evaluate" owner="BuiltIn">
<msg time="2025-11-24T20:16:18.155696" level="INFO">${edge_options} = &lt;selenium.webdriver.edge.options.Options object at 0x10639c1a0&gt;</msg>
<var>${edge_options}</var>
<arg>sys.modules['selenium.webdriver'].EdgeOptions()</arg>
<arg>sys, selenium.webdriver</arg>
<doc>Evaluates the given expression in Python and returns the result.</doc>
<status status="PASS" start="2025-11-24T20:16:18.154837" elapsed="0.000902"/>
</kw>
<kw name="Create Dictionary" owner="BuiltIn">
<msg time="2025-11-24T20:16:18.156328" level="INFO">&amp;{bstack_options} = { os=Windows | osVersion=10 | browserVersion=latest | buildName=browserstack-build-1 | projectName=BrowserStack Sample | sessionName=Robot Framework Test | seleniumVersion=4.0.0 }</msg>
<var>&amp;{bstack_options}</var>
<arg>os=${os}</arg>
<arg>osVersion=${os_version}</arg>
<arg>browserVersion=${browser_version}</arg>
<arg>buildName=browserstack-build-1</arg>
<arg>projectName=BrowserStack Sample</arg>
<arg>sessionName=Robot Framework Test</arg>
<arg>seleniumVersion=4.0.0</arg>
<doc>Creates and returns a dictionary based on the given ``items``.</doc>
<status status="PASS" start="2025-11-24T20:16:18.155912" elapsed="0.000447"/>
</kw>
<kw name="Call Method" owner="BuiltIn">
<arg>${edge_options}</arg>
<arg>set_capability</arg>
<arg>bstack:options</arg>
<arg>${bstack_options}</arg>
<doc>Calls the named method of the given object with the provided arguments.</doc>
<status status="PASS" start="2025-11-24T20:16:18.156498" elapsed="0.000325"/>
</kw>
<kw name="Open Browser" owner="SeleniumLibrary">
<msg time="2025-11-24T20:16:18.157566" level="INFO">Opening browser 'Edge' to base url 'https://www.demoblaze.com/' through remote server at 'https://thefinislumen_yWLp9u:VGzPZp5JA4txt5F5DkXG@hub-cloud.browserstack.com/wd/hub'.</msg>
<arg>${baseUrl}</arg>
<arg>Edge</arg>
<arg>remote_url=${remote_url}</arg>
<arg>options=${edge_options}</arg>
<doc>Opens a new browser instance to the optional ``url``.</doc>
<status status="PASS" start="2025-11-24T20:16:18.157108" elapsed="15.749930"/>
</kw>
<arg>${REMOTE_URL}</arg>
<arg>${os}</arg>
<arg>${os_version}</arg>
<arg>${browser_version}</arg>
<status status="PASS" start="2025-11-24T20:16:18.151699" elapsed="15.756732"/>
</kw>
<arg>'${browser}'=='Chrome'</arg>
<arg>Open BrowserStack Chrome</arg>
<arg>${REMOTE_URL}</arg>
<arg>${os}</arg>
<arg>${os_version}</arg>
<arg>${browser_version}</arg>
<arg>ELSE IF</arg>
<arg>'${browser}'=='Safari'</arg>
<arg>Open BrowserStack Safari</arg>
<arg>${REMOTE_URL}</arg>
<arg>${os}</arg>
<arg>${os_version}</arg>
<arg>${browser_version}</arg>
<arg>ELSE IF</arg>
<arg>'${browser}'=='Edge'</arg>
<arg>Open BrowserStack Edge</arg>
<arg>${REMOTE_URL}</arg>
<arg>${os}</arg>
<arg>${os_version}</arg>
<arg>${browser_version}</arg>
<arg>ELSE</arg>
<arg>Fail</arg>
<arg>Unsupported browser: ${browser}</arg>
<doc>Runs the given keyword with the given arguments, if ``condition`` is true.</doc>
<status status="PASS" start="2025-11-24T20:16:18.150959" elapsed="15.757629"/>
</kw>
<arg>${browser}</arg>
<arg>${os}</arg>
<arg>${os_version}</arg>
<arg>${browser_version}</arg>
<status status="PASS" start="2025-11-24T20:16:18.149008" elapsed="15.759780"/>
</kw>
<arg>'${ENV_BS}'=='True'</arg>
<arg>Open BrowserStack Browser</arg>
<arg>${browser}</arg>
<arg>${os}</arg>
<arg>${os_version}</arg>
<arg>${browser_version}</arg>
<arg>ELSE</arg>
<arg>Open Browser</arg>
<arg>${baseUrl}</arg>
<arg>${browser}</arg>
<doc>Runs the given keyword with the given arguments, if ``condition`` is true.</doc>
<status status="PASS" start="2025-11-24T20:16:18.148587" elapsed="15.760286"/>
</kw>
<arg>${browser}</arg>
<arg>${os}</arg>
<arg>${os_version}</arg>
<arg>${browser_version}</arg>
<status status="PASS" start="2025-11-24T20:16:18.147430" elapsed="15.761620"/>
</kw>
<kw name="Wait Until Page Contains Element" owner="SeleniumLibrary">
<arg>${signUpButton}</arg>
<arg>timeout=80</arg>
<arg>error=logInButtonNotFound</arg>
<doc>Waits until the element ``locator`` appears on the current page.</doc>
<status status="PASS" start="2025-11-24T20:16:33.909663" elapsed="0.224949"/>
</kw>
<kw name="Sleep" owner="BuiltIn">
<msg time="2025-11-24T20:16:35.139254" level="INFO">Slept 1 second.</msg>
<arg>1s</arg>
<doc>Pauses the test executed for the given time.</doc>
<status status="PASS" start="2025-11-24T20:16:34.137738" elapsed="1.001729"/>
</kw>
<kw name="Click Element" owner="SeleniumLibrary">
<msg time="2025-11-24T20:16:35.140416" level="INFO">Clicking element '//*[@id="signin2"]'.</msg>
<msg time="2025-11-24T20:16:37.512658" level="INFO" html="true">&lt;/td&gt;&lt;/tr&gt;&lt;tr&gt;&lt;td colspan="3"&gt;&lt;a href="selenium-screenshot-2.png"&gt;&lt;img src="selenium-screenshot-2.png" width="800px"&gt;&lt;/a&gt;</msg>
<msg time="2025-11-24T20:16:37.513328" level="FAIL">ElementClickInterceptedException: Message: element click intercepted: Element &lt;a class="nav-link" href="#" id="signin2" data-toggle="modal" data-target="#signInModal" style="display: block;"&gt;...&lt;/a&gt; is not clickable at point (363, 86). Other element would receive the click: &lt;img class="d-block img-fluid" src="Samsung1.jpg" alt="First slide"&gt;
  (Session info: MicrosoftEdge=142.0.3595.53); For documentation on this error, please visit: https://www.selenium.dev/documentation/webdriver/troubleshooting/errors#elementclickinterceptedexception
Stacktrace:
Symbols not available. Dumping unresolved backtrace:
	0x7ff69caf9a65
	0x7ff69caf9ac4
	0x7ff69ccab8a8
	0x7ff69c8b9c7c
	0x7ff69c8b8291
	0x7ff69c8b61c9
	0x7ff69c8b56c5
	0x7ff69c8ab95e
	0x7ff69c8d3c8a
	0x7ff69c8ab3d5
	0x7ff69c8ab2ed
	0x7ff69c8ab3d5
	0x7ff69c8ee6f2
	0x7ff69c8aa8aa
	0x7ff69c8a9bd1
	0x7ff69c8aa6d3
	0x7ff69c9665f4
	0x7ff69c962b17
	0x7ff69cb266c5
	0x7ff69cb14b21
	0x7ff69cb1cfc9
	0x7ff69cb00fb4
	0x7ff69cb01103
	0x7ff69caeee36
	0x7ffdf4ea7bd4
	0x7ffdf5e8ced1
</msg>
<arg>${signUpButton}</arg>
<doc>Click the element identified by ``locator``.</doc>
<status status="FAIL" start="2025-11-24T20:16:35.139868" elapsed="2.375944">ElementClickInterceptedException: Message: element click intercepted: Element &lt;a class="nav-link" href="#" id="signin2" data-toggle="modal" data-target="#signInModal" style="display: block;"&gt;...&lt;/a&gt; is not clickable at point (363, 86). Other element would receive the click: &lt;img class="d-block img-fluid" src="Samsung1.jpg" alt="First slide"&gt;
  (Session info: MicrosoftEdge=142.0.3595.53); For documentation on this error, please visit: https://www.selenium.dev/documentation/webdriver/troubleshooting/errors#elementclickinterceptedexception
Stacktrace:
Symbols not available. Dumping unresolved backtrace:
	0x7ff69caf9a65
	0x7ff69caf9ac4
	0x7ff69ccab8a8
	0x7ff69c8b9c7c
	0x7ff69c8b8291
	0x7ff69c8b61c9
	0x7ff69c8b56c5
	0x7ff69c8ab95e
	0x7ff69c8d3c8a
	0x7ff69c8ab3d5
	0x7ff69c8ab2ed
	0x7ff69c8ab3d5
	0x7ff69c8ee6f2
	0x7ff69c8aa8aa
	0x7ff69c8a9bd1
	0x7ff69c8aa6d3
	0x7ff69c9665f4
	0x7ff69c962b17
	0x7ff69cb266c5
	0x7ff69cb14b21
	0x7ff69cb1cfc9
	0x7ff69cb00fb4
	0x7ff69cb01103
	0x7ff69caeee36
	0x7ffdf4ea7bd4
	0x7ffdf5e8ced1
</status>
</kw>
<kw name="Wait Until Page Contains Element" owner="SeleniumLibrary">
<arg>${signUpUsername}</arg>
<arg>timeout=80</arg>
<arg>error=logInButtonNotFound</arg>
<doc>Waits until the element ``locator`` appears on the current page.</doc>
<status status="NOT RUN" start="2025-11-24T20:16:37.516169" elapsed="0.000052"/>
</kw>
<kw name="Sleep" owner="BuiltIn">
<arg>1s</arg>
<doc>Pauses the test executed for the given time.</doc>
<status status="NOT RUN" start="2025-11-24T20:16:37.516341" elapsed="0.000027"/>
</kw>
<kw name="Input Text" owner="SeleniumLibrary">
<arg>${signUpUsername}</arg>
<arg>${login}</arg>
<doc>Types the given ``text`` into the text field identified by ``locator``.</doc>
<status status="NOT RUN" start="2025-11-24T20:16:37.516495" elapsed="0.000026"/>
</kw>
<kw name="Sleep" owner="BuiltIn">
<arg>2s</arg>
<doc>Pauses the test executed for the given time.</doc>
<status status="NOT RUN" start="2025-11-24T20:16:37.516610" elapsed="0.000024"/>
</kw>
<kw name="Input Password" owner="SeleniumLibrary">
<arg>${signUpPassword}</arg>
<arg>${password}</arg>
<doc>Types the given password into the text field identified by ``locator``.</doc>
<status status="NOT RUN" start="2025-11-24T20:16:37.516728" elapsed="0.000024"/>
</kw>
<kw name="Sleep" owner="BuiltIn">
<arg>2s</arg>
<doc>Pauses the test executed for the given time.</doc>
<status status="NOT RUN" start="2025-11-24T20:16:37.516837" elapsed="0.000023"/>
</kw>
<kw name="Click Element" owner="SeleniumLibrary">
<arg>${signUpFormButton}</arg>
<doc>Click the element identified by ``locator``.</doc>
<status status="NOT RUN" start="2025-11-24T20:16:37.516951" elapsed="0.000023"/>
</kw>
<kw name="Sleep" owner="BuiltIn">
<arg>3s</arg>
<doc>Pauses the test executed for the given time.</doc>
<status status="NOT RUN" start="2025-11-24T20:16:37.517054" elapsed="0.000023"/>
</kw>
<arg>@{EDGE_CONFIG}</arg>
<status status="FAIL" start="2025-11-24T20:16:18.146778" elapsed="19.370518">ElementClickInterceptedException: Message: element click intercepted: Element &lt;a class="nav-link" href="#" id="signin2" data-toggle="modal" data-target="#signInModal" style="display: block;"&gt;...&lt;/a&gt; is not clickable at point (363, 86). Other element would receive the click: &lt;img class="d-block img-fluid" src="Samsung1.jpg" alt="First slide"&gt;
  (Session info: MicrosoftEdge=142.0.3595.53); For documentation on this error, please visit: https://www.selenium.dev/documentation/webdriver/troubleshooting/errors#elementclickinterceptedexception
Stacktrace:
Symbols not available. Dumping unresolved backtrace:
	0x7ff69caf9a65
	0x7ff69caf9ac4
	0x7ff69ccab8a8
	0x7ff69c8b9c7c
	0x7ff69c8b8291
	0x7ff69c8b61c9
	0x7ff69c8b56c5
	0x7ff69c8ab95e
	0x7ff69c8d3c8a
	0x7ff69c8ab3d5
	0x7ff69c8ab2ed
	0x7ff69c8ab3d5
	0x7ff69c8ee6f2
	0x7ff69c8aa8aa
	0x7ff69c8a9bd1
	0x7ff69c8aa6d3
	0x7ff69c9665f4
	0x7ff69c962b17
	0x7ff69cb266c5
	0x7ff69cb14b21
	0x7ff69cb1cfc9
	0x7ff69cb00fb4
	0x7ff69cb01103
	0x7ff69caeee36
	0x7ffdf4ea7bd4
	0x7ffdf5e8ced1
</status>
</kw>
<kw name="Close Browser" owner="resources">
<status status="NOT RUN" start="2025-11-24T20:16:37.517951" elapsed="0.000087"/>
</kw>
<tag>edge</tag>
<status status="FAIL" start="2025-11-24T20:16:18.145729" elapsed="19.372682">ElementClickInterceptedException: Message: element click intercepted: Element &lt;a class="nav-link" href="#" id="signin2" data-toggle="modal" data-target="#signInModal" style="display: block;"&gt;...&lt;/a&gt; is not clickable at point (363, 86). Other element would receive the click: &lt;img class="d-block img-fluid" src="Samsung1.jpg" alt="First slide"&gt;
  (Session info: MicrosoftEdge=142.0.3595.53); For documentation on this error, please visit: https://www.selenium.dev/documentation/webdriver/troubleshooting/errors#elementclickinterceptedexception
Stacktrace:
Symbols not available. Dumping unresolved backtrace:
	0x7ff69caf9a65
	0x7ff69caf9ac4
	0x7ff69ccab8a8
	0x7ff69c8b9c7c
	0x7ff69c8b8291
	0x7ff69c8b61c9
	0x7ff69c8b56c5
	0x7ff69c8ab95e
	0x7ff69c8d3c8a
	0x7ff69c8ab3d5
	0x7ff69c8ab2ed
	0x7ff69c8ab3d5
	0x7ff69c8ee6f2
	0x7ff69c8aa8aa
	0x7ff69c8a9bd1
	0x7ff69c8aa6d3
	0x7ff69c9665f4
	0x7ff69c962b17
	0x7ff69cb266c5
	0x7ff69cb14b21
	0x7ff69cb1cfc9
	0x7ff69cb00fb4
	0x7ff69cb01103
	0x7ff69caeee36
	0x7ffdf4ea7bd4
	0x7ffdf5e8ced1
</status>
</test>
<test id="s1-t4" name="TC2_LOGIN_CHROME" line="27">
<kw name="Log in" owner="resources">
<kw name="Open Test Browser" owner="resources">
<kw name="Get Environment Variable" owner="OperatingSystem">
<msg time="2025-11-24T20:16:37.521468" level="INFO">${ENV_BS} = True</msg>
<var>${ENV_BS}</var>
<arg>BROWSERSTACK</arg>
<arg>default=${BROWSERSTACK}</arg>
<doc>Returns the value of an environment variable with the given name.</doc>
<status status="PASS" start="2025-11-24T20:16:37.521162" elapsed="0.000356"/>
</kw>
<kw name="Run Keyword If" owner="BuiltIn">
<kw name="Open BrowserStack Browser" owner="resources">
<kw name="Get Environment Variable" owner="OperatingSystem">
<msg time="2025-11-24T20:16:37.522719" level="INFO">${BS_USER} = thefinislumen_yWLp9u</msg>
<var>${BS_USER}</var>
<arg>BROWSERSTACK_USERNAME</arg>
<doc>Returns the value of an environment variable with the given name.</doc>
<status status="PASS" start="2025-11-24T20:16:37.522585" elapsed="0.000167"/>
</kw>
<kw name="Get Environment Variable" owner="OperatingSystem">
<msg time="2025-11-24T20:16:37.523218" level="INFO">${BS_KEY} = VGzPZp5JA4txt5F5DkXG</msg>
<var>${BS_KEY}</var>
<arg>BROWSERSTACK_ACCESS_KEY</arg>
<doc>Returns the value of an environment variable with the given name.</doc>
<status status="PASS" start="2025-11-24T20:16:37.522851" elapsed="0.000400"/>
</kw>
<kw name="Should Not Be Empty" owner="BuiltIn">
<msg time="2025-11-24T20:16:37.523591" level="INFO">Length is 20.</msg>
<arg>${BS_USER}</arg>
<arg>BrowserStack username not set</arg>
<doc>Verifies that the given item is not empty.</doc>
<status status="PASS" start="2025-11-24T20:16:37.523385" elapsed="0.000277"/>
</kw>
<kw name="Should Not Be Empty" owner="BuiltIn">
<msg time="2025-11-24T20:16:37.524216" level="INFO">Length is 20.</msg>
<arg>${BS_KEY}</arg>
<arg>BrowserStack access key not set</arg>
<doc>Verifies that the given item is not empty.</doc>
<status status="PASS" start="2025-11-24T20:16:37.523934" elapsed="0.000351"/>
</kw>
<kw name="Set Variable" owner="BuiltIn">
<msg time="2025-11-24T20:16:37.524775" level="INFO">${REMOTE_URL} = https://thefinislumen_yWLp9u:VGzPZp5JA4txt5F5DkXG@hub-cloud.browserstack.com/wd/hub</msg>
<var>${REMOTE_URL}</var>
<arg>https://${BS_USER}:${BS_KEY}@hub-cloud.browserstack.com/wd/hub</arg>
<doc>Returns the given values which can then be assigned to a variables.</doc>
<status status="PASS" start="2025-11-24T20:16:37.524440" elapsed="0.000384"/>
</kw>
<kw name="Run Keyword If" owner="BuiltIn">
<kw name="Open BrowserStack Chrome" owner="resources">
<kw name="Evaluate" owner="BuiltIn">
<msg time="2025-11-24T20:16:37.526200" level="INFO">${chrome_options} = &lt;selenium.webdriver.chrome.options.Options object at 0x106cc0050&gt;</msg>
<var>${chrome_options}</var>
<arg>sys.modules['selenium.webdriver'].ChromeOptions()</arg>
<arg>sys, selenium.webdriver</arg>
<doc>Evaluates the given expression in Python and returns the result.</doc>
<status status="PASS" start="2025-11-24T20:16:37.525863" elapsed="0.000374"/>
</kw>
<kw name="Create Dictionary" owner="BuiltIn">
<msg time="2025-11-24T20:16:37.526779" level="INFO">&amp;{bstack_options} = { os=Windows | osVersion=10 | browserVersion=120.0 | buildName=browserstack-build-1 | projectName=BrowserStack Sample | sessionName=Robot Framework Test | seleniumVersion=4.0.0 }</msg>
<var>&amp;{bstack_options}</var>
<arg>os=${os}</arg>
<arg>osVersion=${os_version}</arg>
<arg>browserVersion=${browser_version}</arg>
<arg>buildName=browserstack-build-1</arg>
<arg>projectName=BrowserStack Sample</arg>
<arg>sessionName=Robot Framework Test</arg>
<arg>seleniumVersion=4.0.0</arg>
<doc>Creates and returns a dictionary based on the given ``items``.</doc>
<status status="PASS" start="2025-11-24T20:16:37.526372" elapsed="0.000443"/>
</kw>
<kw name="Call Method" owner="BuiltIn">
<arg>${chrome_options}</arg>
<arg>set_capability</arg>
<arg>bstack:options</arg>
<arg>${bstack_options}</arg>
<doc>Calls the named method of the given object with the provided arguments.</doc>
<status status="PASS" start="2025-11-24T20:16:37.526946" elapsed="0.000171"/>
</kw>
<kw name="Open Browser" owner="SeleniumLibrary">
<msg time="2025-11-24T20:16:37.527663" level="INFO">Opening browser 'Chrome' to base url 'https://www.demoblaze.com/' through remote server at 'https://thefinislumen_yWLp9u:VGzPZp5JA4txt5F5DkXG@hub-cloud.browserstack.com/wd/hub'.</msg>
<arg>${baseUrl}</arg>
<arg>Chrome</arg>
<arg>remote_url=${remote_url}</arg>
<arg>options=${chrome_options}</arg>
<doc>Opens a new browser instance to the optional ``url``.</doc>
<status status="PASS" start="2025-11-24T20:16:37.527274" elapsed="27.686989"/>
</kw>
<arg>${REMOTE_URL}</arg>
<arg>${os}</arg>
<arg>${os_version}</arg>
<arg>${browser_version}</arg>
<status status="PASS" start="2025-11-24T20:16:37.525457" elapsed="27.689473"/>
</kw>
<arg>'${browser}'=='Chrome'</arg>
<arg>Open BrowserStack Chrome</arg>
<arg>${REMOTE_URL}</arg>
<arg>${os}</arg>
<arg>${os_version}</arg>
<arg>${browser_version}</arg>
<arg>ELSE IF</arg>
<arg>'${browser}'=='Safari'</arg>
<arg>Open BrowserStack Safari</arg>
<arg>${REMOTE_URL}</arg>
<arg>${os}</arg>
<arg>${os_version}</arg>
<arg>${browser_version}</arg>
<arg>ELSE IF</arg>
<arg>'${browser}'=='Edge'</arg>
<arg>Open BrowserStack Edge</arg>
<arg>${REMOTE_URL}</arg>
<arg>${os}</arg>
<arg>${os_version}</arg>
<arg>${browser_version}</arg>
<arg>ELSE</arg>
<arg>Fail</arg>
<arg>Unsupported browser: ${browser}</arg>
<doc>Runs the given keyword with the given arguments, if ``condition`` is true.</doc>
<status status="PASS" start="2025-11-24T20:16:37.524997" elapsed="27.690134"/>
</kw>
<arg>${browser}</arg>
<arg>${os}</arg>
<arg>${os_version}</arg>
<arg>${browser_version}</arg>
<status status="PASS" start="2025-11-24T20:16:37.522192" elapsed="27.693163"/>
</kw>
<arg>'${ENV_BS}'=='True'</arg>
<arg>Open BrowserStack Browser</arg>
<arg>${browser}</arg>
<arg>${os}</arg>
<arg>${os_version}</arg>
<arg>${browser_version}</arg>
<arg>ELSE</arg>
<arg>Open Browser</arg>
<arg>${baseUrl}</arg>
<arg>${browser}</arg>
<doc>Runs the given keyword with the given arguments, if ``condition`` is true.</doc>
<status status="PASS" start="2025-11-24T20:16:37.521764" elapsed="27.693684"/>
</kw>
<arg>${browser}</arg>
<arg>${os}</arg>
<arg>${os_version}</arg>
<arg>${browser_version}</arg>
<status status="PASS" start="2025-11-24T20:16:37.520714" elapsed="27.694862"/>
</kw>
<kw name="Wait Until Page Contains Element" owner="SeleniumLibrary">
<arg>${logInButton}</arg>
<arg>timeout=80</arg>
<arg>error=logInButtonNotFound</arg>
<doc>Waits until the element ``locator`` appears on the current page.</doc>
<status status="PASS" start="2025-11-24T20:17:05.215854" elapsed="0.855724"/>
</kw>
<kw name="Sleep" owner="BuiltIn">
<msg time="2025-11-24T20:17:07.073929" level="INFO">Slept 1 second.</msg>
<arg>1s</arg>
<doc>Pauses the test executed for the given time.</doc>
<status status="PASS" start="2025-11-24T20:17:06.071850" elapsed="1.002260"/>
</kw>
<kw name="Click Element" owner="SeleniumLibrary">
<msg time="2025-11-24T20:17:07.074671" level="INFO">Clicking element '//*[@id="login2"]'.</msg>
<msg time="2025-11-24T20:17:09.541794" level="INFO" html="true">&lt;/td&gt;&lt;/tr&gt;&lt;tr&gt;&lt;td colspan="3"&gt;&lt;a href="selenium-screenshot-3.png"&gt;&lt;img src="selenium-screenshot-3.png" width="800px"&gt;&lt;/a&gt;</msg>
<msg time="2025-11-24T20:17:09.542044" level="FAIL">ElementClickInterceptedException: Message: element click intercepted: Element &lt;a class="nav-link" href="#" id="login2" data-toggle="modal" data-target="#logInModal" style="display: block;"&gt;...&lt;/a&gt; is not clickable at point (300, 86). Other element would receive the click: &lt;img class="d-block img-fluid" src="Samsung1.jpg" alt="First slide"&gt;
  (Session info: chrome=120.0.6099.63); For documentation on this error, please visit: https://www.selenium.dev/documentation/webdriver/troubleshooting/errors#elementclickinterceptedexception
Stacktrace:
	GetHandleVerifier [0x00007FF7E5364D32+56194]
	(No symbol) [0x00007FF7E52D04E2]
	(No symbol) [0x00007FF7E51776AA]
	(No symbol) [0x00007FF7E51C8763]
	(No symbol) [0x00007FF7E51C675D]
	(No symbol) [0x00007FF7E51C3F5C]
	(No symbol) [0x00007FF7E51C2D15]
	(No symbol) [0x00007FF7E51B687F]
	(No symbol) [0x00007FF7E51E5E7A]
	(No symbol) [0x00007FF7E51B6226]
	(No symbol) [0x00007FF7E51E6320]
	(No symbol) [0x00007FF7E5202786]
	(No symbol) [0x00007FF7E51E5C23]
	(No symbol) [0x00007FF7E51B4A45]
	(No symbol) [0x00007FF7E51B5AD4]
	GetHandleVerifier [0x00007FF7E56DD5EB+3695675]
	GetHandleVerifier [0x00007FF7E57361C7+4059159]
	GetHandleVerifier [0x00007FF7E572DF93+4025827]
	GetHandleVerifier [0x00007FF7E53FF059+687785]
	(No symbol) [0x00007FF7E52DB538]
	(No symbol) [0x00007FF7E52D7594]
	(No symbol) [0x00007FF7E52D7719]
	(No symbol) [0x00007FF7E52C80C4]
	BaseThreadInitThunk [0x00007FF9E3997BD4+20]
	RtlUserThreadStart [0x00007FF9E4B2CED1+33]
</msg>
<arg>${logInButton}</arg>
<doc>Click the element identified by ``locator``.</doc>
<status status="FAIL" start="2025-11-24T20:17:07.074358" elapsed="2.469308">ElementClickInterceptedException: Message: element click intercepted: Element &lt;a class="nav-link" href="#" id="login2" data-toggle="modal" data-target="#logInModal" style="display: block;"&gt;...&lt;/a&gt; is not clickable at point (300, 86). Other element would receive the click: &lt;img class="d-block img-fluid" src="Samsung1.jpg" alt="First slide"&gt;
  (Session info: chrome=120.0.6099.63); For documentation on this error, please visit: https://www.selenium.dev/documentation/webdriver/troubleshooting/errors#elementclickinterceptedexception
Stacktrace:
	GetHandleVerifier [0x00007FF7E5364D32+56194]
	(No symbol) [0x00007FF7E52D04E2]
	(No symbol) [0x00007FF7E51776AA]
	(No symbol) [0x00007FF7E51C8763]
	(No symbol) [0x00007FF7E51C675D]
	(No symbol) [0x00007FF7E51C3F5C]
	(No symbol) [0x00007FF7E51C2D15]
	(No symbol) [0x00007FF7E51B687F]
	(No symbol) [0x00007FF7E51E5E7A]
	(No symbol) [0x00007FF7E51B6226]
	(No symbol) [0x00007FF7E51E6320]
	(No symbol) [0x00007FF7E5202786]
	(No symbol) [0x00007FF7E51E5C23]
	(No symbol) [0x00007FF7E51B4A45]
	(No symbol) [0x00007FF7E51B5AD4]
	GetHandleVerifier [0x00007FF7E56DD5EB+3695675]
	GetHandleVerifier [0x00007FF7E57361C7+4059159]
	GetHandleVerifier [0x00007FF7E572DF93+4025827]
	GetHandleVerifier [0x00007FF7E53FF059+687785]
	(No symbol) [0x00007FF7E52DB538]
	(No symbol) [0x00007FF7E52D7594]
	(No symbol) [0x00007FF7E52D7719]
	(No symbol) [0x00007FF7E52C80C4]
	BaseThreadInitThunk [0x00007FF9E3997BD4+20]
	RtlUserThreadStart [0x00007FF9E4B2CED1+33]
</status>
</kw>
<kw name="Wait Until Page Contains Element" owner="SeleniumLibrary">
<arg>${loginUsernameField}</arg>
<arg>timeout=80</arg>
<arg>error=logInButtonNotFound</arg>
<doc>Waits until the element ``locator`` appears on the current page.</doc>
<status status="NOT RUN" start="2025-11-24T20:17:09.543957" elapsed="0.000045"/>
</kw>
<kw name="Sleep" owner="BuiltIn">
<arg>1s</arg>
<doc>Pauses the test executed for the given time.</doc>
<status status="NOT RUN" start="2025-11-24T20:17:09.544114" elapsed="0.000028"/>
</kw>
<kw name="Input Text" owner="SeleniumLibrary">
<arg>${loginUsernameField}</arg>
<arg>${login}</arg>
<doc>Types the given ``text`` into the text field identified by ``locator``.</doc>
<status status="NOT RUN" start="2025-11-24T20:17:09.544256" elapsed="0.000031"/>
</kw>
<kw name="Input Password" owner="SeleniumLibrary">
<arg>${loginPasswordField}</arg>
<arg>${password}</arg>
<doc>Types the given password into the text field identified by ``locator``.</doc>
<status status="NOT RUN" start="2025-11-24T20:17:09.544389" elapsed="0.000026"/>
</kw>
<kw name="Sleep" owner="BuiltIn">
<arg>1s</arg>
<doc>Pauses the test executed for the given time.</doc>
<status status="NOT RUN" start="2025-11-24T20:17:09.544508" elapsed="0.000027"/>
</kw>
<kw name="Click Element" owner="SeleniumLibrary">
<arg>${logInFormButton}</arg>
<doc>Click the element identified by ``locator``.</doc>
<status status="NOT RUN" start="2025-11-24T20:17:09.544642" elapsed="0.000058"/>
</kw>
<kw name="Sleep" owner="BuiltIn">
<arg>2s</arg>
<doc>Pauses the test executed for the given time.</doc>
<status status="NOT RUN" start="2025-11-24T20:17:09.544827" elapsed="0.000033"/>
</kw>
<arg>@{CHROME_CONFIG}</arg>
<status status="FAIL" start="2025-11-24T20:16:37.520059" elapsed="32.024963">ElementClickInterceptedException: Message: element click intercepted: Element &lt;a class="nav-link" href="#" id="login2" data-toggle="modal" data-target="#logInModal" style="display: block;"&gt;...&lt;/a&gt; is not clickable at point (300, 86). Other element would receive the click: &lt;img class="d-block img-fluid" src="Samsung1.jpg" alt="First slide"&gt;
  (Session info: chrome=120.0.6099.63); For documentation on this error, please visit: https://www.selenium.dev/documentation/webdriver/troubleshooting/errors#elementclickinterceptedexception
Stacktrace:
	GetHandleVerifier [0x00007FF7E5364D32+56194]
	(No symbol) [0x00007FF7E52D04E2]
	(No symbol) [0x00007FF7E51776AA]
	(No symbol) [0x00007FF7E51C8763]
	(No symbol) [0x00007FF7E51C675D]
	(No symbol) [0x00007FF7E51C3F5C]
	(No symbol) [0x00007FF7E51C2D15]
	(No symbol) [0x00007FF7E51B687F]
	(No symbol) [0x00007FF7E51E5E7A]
	(No symbol) [0x00007FF7E51B6226]
	(No symbol) [0x00007FF7E51E6320]
	(No symbol) [0x00007FF7E5202786]
	(No symbol) [0x00007FF7E51E5C23]
	(No symbol) [0x00007FF7E51B4A45]
	(No symbol) [0x00007FF7E51B5AD4]
	GetHandleVerifier [0x00007FF7E56DD5EB+3695675]
	GetHandleVerifier [0x00007FF7E57361C7+4059159]
	GetHandleVerifier [0x00007FF7E572DF93+4025827]
	GetHandleVerifier [0x00007FF7E53FF059+687785]
	(No symbol) [0x00007FF7E52DB538]
	(No symbol) [0x00007FF7E52D7594]
	(No symbol) [0x00007FF7E52D7719]
	(No symbol) [0x00007FF7E52C80C4]
	BaseThreadInitThunk [0x00007FF9E3997BD4+20]
	RtlUserThreadStart [0x00007FF9E4B2CED1+33]
</status>
</kw>
<kw name="Close Browser" owner="resources">
<status status="NOT RUN" start="2025-11-24T20:17:09.545280" elapsed="0.000041"/>
</kw>
<tag>chrome</tag>
<status status="FAIL" start="2025-11-24T20:16:37.519202" elapsed="32.026304">ElementClickInterceptedException: Message: element click intercepted: Element &lt;a class="nav-link" href="#" id="login2" data-toggle="modal" data-target="#logInModal" style="display: block;"&gt;...&lt;/a&gt; is not clickable at point (300, 86). Other element would receive the click: &lt;img class="d-block img-fluid" src="Samsung1.jpg" alt="First slide"&gt;
  (Session info: chrome=120.0.6099.63); For documentation on this error, please visit: https://www.selenium.dev/documentation/webdriver/troubleshooting/errors#elementclickinterceptedexception
Stacktrace:
	GetHandleVerifier [0x00007FF7E5364D32+56194]
	(No symbol) [0x00007FF7E52D04E2]
	(No symbol) [0x00007FF7E51776AA]
	(No symbol) [0x00007FF7E51C8763]
	(No symbol) [0x00007FF7E51C675D]
	(No symbol) [0x00007FF7E51C3F5C]
	(No symbol) [0x00007FF7E51C2D15]
	(No symbol) [0x00007FF7E51B687F]
	(No symbol) [0x00007FF7E51E5E7A]
	(No symbol) [0x00007FF7E51B6226]
	(No symbol) [0x00007FF7E51E6320]
	(No symbol) [0x00007FF7E5202786]
	(No symbol) [0x00007FF7E51E5C23]
	(No symbol) [0x00007FF7E51B4A45]
	(No symbol) [0x00007FF7E51B5AD4]
	GetHandleVerifier [0x00007FF7E56DD5EB+3695675]
	GetHandleVerifier [0x00007FF7E57361C7+4059159]
	GetHandleVerifier [0x00007FF7E572DF93+4025827]
	GetHandleVerifier [0x00007FF7E53FF059+687785]
	(No symbol) [0x00007FF7E52DB538]
	(No symbol) [0x00007FF7E52D7594]
	(No symbol) [0x00007FF7E52D7719]
	(No symbol) [0x00007FF7E52C80C4]
	BaseThreadInitThunk [0x00007FF9E3997BD4+20]
	RtlUserThreadStart [0x00007FF9E4B2CED1+33]
</status>
</test>
<test id="s1-t5" name="TC2_LOGIN_SAFARI" line="32">
<kw name="Log in" owner="resources">
<kw name="Open Test Browser" owner="resources">
<kw name="Get Environment Variable" owner="OperatingSystem">
<msg time="2025-11-24T20:17:09.547276" level="INFO">${ENV_BS} = True</msg>
<var>${ENV_BS}</var>
<arg>BROWSERSTACK</arg>
<arg>default=${BROWSERSTACK}</arg>
<doc>Returns the value of an environment variable with the given name.</doc>
<status status="PASS" start="2025-11-24T20:17:09.547050" elapsed="0.000273"/>
</kw>
<kw name="Run Keyword If" owner="BuiltIn">
<kw name="Open BrowserStack Browser" owner="resources">
<kw name="Get Environment Variable" owner="OperatingSystem">
<msg time="2025-11-24T20:17:09.548246" level="INFO">${BS_USER} = thefinislumen_yWLp9u</msg>
<var>${BS_USER}</var>
<arg>BROWSERSTACK_USERNAME</arg>
<doc>Returns the value of an environment variable with the given name.</doc>
<status status="PASS" start="2025-11-24T20:17:09.548120" elapsed="0.000156"/>
</kw>
<kw name="Get Environment Variable" owner="OperatingSystem">
<msg time="2025-11-24T20:17:09.548518" level="INFO">${BS_KEY} = VGzPZp5JA4txt5F5DkXG</msg>
<var>${BS_KEY}</var>
<arg>BROWSERSTACK_ACCESS_KEY</arg>
<doc>Returns the value of an environment variable with the given name.</doc>
<status status="PASS" start="2025-11-24T20:17:09.548387" elapsed="0.000159"/>
</kw>
<kw name="Should Not Be Empty" owner="BuiltIn">
<msg time="2025-11-24T20:17:09.548787" level="INFO">Length is 20.</msg>
<arg>${BS_USER}</arg>
<arg>BrowserStack username not set</arg>
<doc>Verifies that the given item is not empty.</doc>
<status status="PASS" start="2025-11-24T20:17:09.548646" elapsed="0.000196"/>
</kw>
<kw name="Should Not Be Empty" owner="BuiltIn">
<msg time="2025-11-24T20:17:09.549060" level="INFO">Length is 20.</msg>
<arg>${BS_KEY}</arg>
<arg>BrowserStack access key not set</arg>
<doc>Verifies that the given item is not empty.</doc>
<status status="PASS" start="2025-11-24T20:17:09.548946" elapsed="0.000161"/>
</kw>
<kw name="Set Variable" owner="BuiltIn">
<msg time="2025-11-24T20:17:09.549363" level="INFO">${REMOTE_URL} = https://thefinislumen_yWLp9u:VGzPZp5JA4txt5F5DkXG@hub-cloud.browserstack.com/wd/hub</msg>
<var>${REMOTE_URL}</var>
<arg>https://${BS_USER}:${BS_KEY}@hub-cloud.browserstack.com/wd/hub</arg>
<doc>Returns the given values which can then be assigned to a variables.</doc>
<status status="PASS" start="2025-11-24T20:17:09.549204" elapsed="0.000186"/>
</kw>
<kw name="Run Keyword If" owner="BuiltIn">
<kw name="Open BrowserStack Safari" owner="resources">
<kw name="Evaluate" owner="BuiltIn">
<msg time="2025-11-24T20:17:09.551213" level="INFO">${safari_options} = &lt;selenium.webdriver.safari.options.Options object at 0x1061c3d90&gt;</msg>
<var>${safari_options}</var>
<arg>sys.modules['selenium.webdriver'].SafariOptions()</arg>
<arg>sys, selenium.webdriver</arg>
<doc>Evaluates the given expression in Python and returns the result.</doc>
<status status="PASS" start="2025-11-24T20:17:09.550949" elapsed="0.000295"/>
</kw>
<kw name="Create Dictionary" owner="BuiltIn">
<msg time="2025-11-24T20:17:09.551801" level="INFO">&amp;{bstack_options} = { os=OS X | osVersion=Monterey | browserVersion=15.6 | buildName=browserstack-build-1 | projectName=BrowserStack Sample | sessionName=Robot Framework Test | seleniumVersion=4.0.0 }</msg>
<var>&amp;{bstack_options}</var>
<arg>os=${os}</arg>
<arg>osVersion=${os_version}</arg>
<arg>browserVersion=${browser_version}</arg>
<arg>buildName=browserstack-build-1</arg>
<arg>projectName=BrowserStack Sample</arg>
<arg>sessionName=Robot Framework Test</arg>
<arg>seleniumVersion=4.0.0</arg>
<doc>Creates and returns a dictionary based on the given ``items``.</doc>
<status status="PASS" start="2025-11-24T20:17:09.551359" elapsed="0.000498"/>
</kw>
<kw name="Call Method" owner="BuiltIn">
<arg>${safari_options}</arg>
<arg>set_capability</arg>
<arg>bstack:options</arg>
<arg>${bstack_options}</arg>
<doc>Calls the named method of the given object with the provided arguments.</doc>
<status status="PASS" start="2025-11-24T20:17:09.552105" elapsed="0.000225"/>
</kw>
<kw name="Open Browser" owner="SeleniumLibrary">
<msg time="2025-11-24T20:17:09.552776" level="INFO">Opening browser 'Safari' to base url 'https://www.demoblaze.com/' through remote server at 'https://thefinislumen_yWLp9u:VGzPZp5JA4txt5F5DkXG@hub-cloud.browserstack.com/wd/hub'.</msg>
<arg>${baseUrl}</arg>
<arg>Safari</arg>
<arg>remote_url=${remote_url}</arg>
<arg>options=${safari_options}</arg>
<doc>Opens a new browser instance to the optional ``url``.</doc>
<status status="PASS" start="2025-11-24T20:17:09.552471" elapsed="17.300430"/>
</kw>
<arg>${REMOTE_URL}</arg>
<arg>${os}</arg>
<arg>${os_version}</arg>
<arg>${browser_version}</arg>
<status status="PASS" start="2025-11-24T20:17:09.549796" elapsed="17.303409"/>
</kw>
<arg>'${browser}'=='Chrome'</arg>
<arg>Open BrowserStack Chrome</arg>
<arg>${REMOTE_URL}</arg>
<arg>${os}</arg>
<arg>${os_version}</arg>
<arg>${browser_version}</arg>
<arg>ELSE IF</arg>
<arg>'${browser}'=='Safari'</arg>
<arg>Open BrowserStack Safari</arg>
<arg>${REMOTE_URL}</arg>
<arg>${os}</arg>
<arg>${os_version}</arg>
<arg>${browser_version}</arg>
<arg>ELSE IF</arg>
<arg>'${browser}'=='Edge'</arg>
<arg>Open BrowserStack Edge</arg>
<arg>${REMOTE_URL}</arg>
<arg>${os}</arg>
<arg>${os_version}</arg>
<arg>${browser_version}</arg>
<arg>ELSE</arg>
<arg>Fail</arg>
<arg>Unsupported browser: ${browser}</arg>
<doc>Runs the given keyword with the given arguments, if ``condition`` is true.</doc>
<status status="PASS" start="2025-11-24T20:17:09.549485" elapsed="17.303866"/>
</kw>
<arg>${browser}</arg>
<arg>${os}</arg>
<arg>${os_version}</arg>
<arg>${browser_version}</arg>
<status status="PASS" start="2025-11-24T20:17:09.547760" elapsed="17.305782"/>
</kw>
<arg>'${ENV_BS}'=='True'</arg>
<arg>Open BrowserStack Browser</arg>
<arg>${browser}</arg>
<arg>${os}</arg>
<arg>${os_version}</arg>
<arg>${browser_version}</arg>
<arg>ELSE</arg>
<arg>Open Browser</arg>
<arg>${baseUrl}</arg>
<arg>${browser}</arg>
<doc>Runs the given keyword with the given arguments, if ``condition`` is true.</doc>
<status status="PASS" start="2025-11-24T20:17:09.547456" elapsed="17.306260"/>
</kw>
<arg>${browser}</arg>
<arg>${os}</arg>
<arg>${os_version}</arg>
<arg>${browser_version}</arg>
<status status="PASS" start="2025-11-24T20:17:09.546644" elapsed="17.307299"/>
</kw>
<kw name="Wait Until Page Contains Element" owner="SeleniumLibrary">
<arg>${logInButton}</arg>
<arg>timeout=80</arg>
<arg>error=logInButtonNotFound</arg>
<doc>Waits until the element ``locator`` appears on the current page.</doc>
<status status="PASS" start="2025-11-24T20:17:26.854281" elapsed="0.583487"/>
</kw>
<kw name="Sleep" owner="BuiltIn">
<msg time="2025-11-24T20:17:28.438969" level="INFO">Slept 1 second.</msg>
<arg>1s</arg>
<doc>Pauses the test executed for the given time.</doc>
<status status="PASS" start="2025-11-24T20:17:27.438184" elapsed="1.001092"/>
</kw>
<kw name="Click Element" owner="SeleniumLibrary">
<msg time="2025-11-24T20:17:28.440242" level="INFO">Clicking element '//*[@id="login2"]'.</msg>
<arg>${logInButton}</arg>
<doc>Click the element identified by ``locator``.</doc>
<status status="PASS" start="2025-11-24T20:17:28.439719" elapsed="1.056394"/>
</kw>
<kw name="Wait Until Page Contains Element" owner="SeleniumLibrary">
<arg>${loginUsernameField}</arg>
<arg>timeout=80</arg>
<arg>error=logInButtonNotFound</arg>
<doc>Waits until the element ``locator`` appears on the current page.</doc>
<status status="PASS" start="2025-11-24T20:17:29.496645" elapsed="0.344779"/>
</kw>
<kw name="Sleep" owner="BuiltIn">
<msg time="2025-11-24T20:17:30.844499" level="INFO">Slept 1 second.</msg>
<arg>1s</arg>
<doc>Pauses the test executed for the given time.</doc>
<status status="PASS" start="2025-11-24T20:17:29.841876" elapsed="1.002881"/>
</kw>
<kw name="Input Text" owner="SeleniumLibrary">
<msg time="2025-11-24T20:17:30.845801" level="INFO">Typing text 'amanTest1' into text field '//*[@id="loginusername"]'.</msg>
<arg>${loginUsernameField}</arg>
<arg>${login}</arg>
<doc>Types the given ``text`` into the text field identified by ``locator``.</doc>
<status status="PASS" start="2025-11-24T20:17:30.845152" elapsed="1.327520"/>
</kw>
<kw name="Input Password" owner="SeleniumLibrary">
<msg time="2025-11-24T20:17:32.175614" level="INFO">Typing password into text field '//*[@id="loginpassword"]'.</msg>
<msg time="2025-11-24T20:17:32.929507" level="INFO">Temporally setting log level to: NONE</msg>
<arg>${loginPasswordField}</arg>
<arg>${password}</arg>
<doc>Types the given password into the text field identified by ``locator``.</doc>
<status status="PASS" start="2025-11-24T20:17:32.174879" elapsed="1.156935"/>
</kw>
<kw name="Sleep" owner="BuiltIn">
<msg time="2025-11-24T20:17:34.333741" level="INFO">Slept 1 second.</msg>
<arg>1s</arg>
<doc>Pauses the test executed for the given time.</doc>
<status status="PASS" start="2025-11-24T20:17:33.332788" elapsed="1.001248"/>
</kw>
<kw name="Click Element" owner="SeleniumLibrary">
<msg time="2025-11-24T20:17:34.335264" level="INFO">Clicking element '//*[@id="logInModal"]/div/div/div[3]/button[2]'.</msg>
<arg>${logInFormButton}</arg>
<doc>Click the element identified by ``locator``.</doc>
<status status="PASS" start="2025-11-24T20:17:34.334544" elapsed="0.871234"/>
</kw>
<kw name="Sleep" owner="BuiltIn">
<msg time="2025-11-24T20:17:37.208193" level="INFO">Slept 2 seconds.</msg>
<arg>2s</arg>
<doc>Pauses the test executed for the given time.</doc>
<status status="PASS" start="2025-11-24T20:17:35.206320" elapsed="2.002100"/>
</kw>
<arg>@{SAFARI_CONFIG}</arg>
<status status="PASS" start="2025-11-24T20:17:09.546221" elapsed="27.662411"/>
</kw>
<kw name="Close Browser" owner="resources">
<kw name="Close All Browsers" owner="SeleniumLibrary">
<doc>Closes all open browsers and resets the browser cache.</doc>
<status status="PASS" start="2025-11-24T20:17:37.209756" elapsed="3.983087"/>
</kw>
<status status="PASS" start="2025-11-24T20:17:37.209160" elapsed="3.983858"/>
</kw>
<tag>safari</tag>
<status status="PASS" start="2025-11-24T20:17:09.545807" elapsed="31.647474"/>
</test>
<test id="s1-t6" name="TC2_LOGIN_EDGE" line="37">
<kw name="Log in" owner="resources">
<kw name="Open Test Browser" owner="resources">
<kw name="Get Environment Variable" owner="OperatingSystem">
<msg time="2025-11-24T20:17:41.195348" level="INFO">${ENV_BS} = True</msg>
<var>${ENV_BS}</var>
<arg>BROWSERSTACK</arg>
<arg>default=${BROWSERSTACK}</arg>
<doc>Returns the value of an environment variable with the given name.</doc>
<status status="PASS" start="2025-11-24T20:17:41.195097" elapsed="0.000289"/>
</kw>
<kw name="Run Keyword If" owner="BuiltIn">
<kw name="Open BrowserStack Browser" owner="resources">
<kw name="Get Environment Variable" owner="OperatingSystem">
<msg time="2025-11-24T20:17:41.196382" level="INFO">${BS_USER} = thefinislumen_yWLp9u</msg>
<var>${BS_USER}</var>
<arg>BROWSERSTACK_USERNAME</arg>
<doc>Returns the value of an environment variable with the given name.</doc>
<status status="PASS" start="2025-11-24T20:17:41.196246" elapsed="0.000172"/>
</kw>
<kw name="Get Environment Variable" owner="OperatingSystem">
<msg time="2025-11-24T20:17:41.196655" level="INFO">${BS_KEY} = VGzPZp5JA4txt5F5DkXG</msg>
<var>${BS_KEY}</var>
<arg>BROWSERSTACK_ACCESS_KEY</arg>
<doc>Returns the value of an environment variable with the given name.</doc>
<status status="PASS" start="2025-11-24T20:17:41.196525" elapsed="0.000159"/>
</kw>
<kw name="Should Not Be Empty" owner="BuiltIn">
<msg time="2025-11-24T20:17:41.197019" level="INFO">Length is 20.</msg>
<arg>${BS_USER}</arg>
<arg>BrowserStack username not set</arg>
<doc>Verifies that the given item is not empty.</doc>
<status status="PASS" start="2025-11-24T20:17:41.196796" elapsed="0.000270"/>
</kw>
<kw name="Should Not Be Empty" owner="BuiltIn">
<msg time="2025-11-24T20:17:41.197299" level="INFO">Length is 20.</msg>
<arg>${BS_KEY}</arg>
<arg>BrowserStack access key not set</arg>
<doc>Verifies that the given item is not empty.</doc>
<status status="PASS" start="2025-11-24T20:17:41.197168" elapsed="0.000177"/>
</kw>
<kw name="Set Variable" owner="BuiltIn">
<msg time="2025-11-24T20:17:41.197630" level="INFO">${REMOTE_URL} = https://thefinislumen_yWLp9u:VGzPZp5JA4txt5F5DkXG@hub-cloud.browserstack.com/wd/hub</msg>
<var>${REMOTE_URL}</var>
<arg>https://${BS_USER}:${BS_KEY}@hub-cloud.browserstack.com/wd/hub</arg>
<doc>Returns the given values which can then be assigned to a variables.</doc>
<status status="PASS" start="2025-11-24T20:17:41.197451" elapsed="0.000208"/>
</kw>
<kw name="Run Keyword If" owner="BuiltIn">
<kw name="Open BrowserStack Edge" owner="resources">
<kw name="Evaluate" owner="BuiltIn">
<msg time="2025-11-24T20:17:41.198835" level="INFO">${edge_options} = &lt;selenium.webdriver.edge.options.Options object at 0x1069fb890&gt;</msg>
<var>${edge_options}</var>
<arg>sys.modules['selenium.webdriver'].EdgeOptions()</arg>
<arg>sys, selenium.webdriver</arg>
<doc>Evaluates the given expression in Python and returns the result.</doc>
<status status="PASS" start="2025-11-24T20:17:41.198532" elapsed="0.000332"/>
</kw>
<kw name="Create Dictionary" owner="BuiltIn">
<msg time="2025-11-24T20:17:41.199333" level="INFO">&amp;{bstack_options} = { os=Windows | osVersion=10 | browserVersion=latest | buildName=browserstack-build-1 | projectName=BrowserStack Sample | sessionName=Robot Framework Test | seleniumVersion=4.0.0 }</msg>
<var>&amp;{bstack_options}</var>
<arg>os=${os}</arg>
<arg>osVersion=${os_version}</arg>
<arg>browserVersion=${browser_version}</arg>
<arg>buildName=browserstack-build-1</arg>
<arg>projectName=BrowserStack Sample</arg>
<arg>sessionName=Robot Framework Test</arg>
<arg>seleniumVersion=4.0.0</arg>
<doc>Creates and returns a dictionary based on the given ``items``.</doc>
<status status="PASS" start="2025-11-24T20:17:41.198982" elapsed="0.000381"/>
</kw>
<kw name="Call Method" owner="BuiltIn">
<arg>${edge_options}</arg>
<arg>set_capability</arg>
<arg>bstack:options</arg>
<arg>${bstack_options}</arg>
<doc>Calls the named method of the given object with the provided arguments.</doc>
<status status="PASS" start="2025-11-24T20:17:41.199473" elapsed="0.000139"/>
</kw>
<kw name="Open Browser" owner="SeleniumLibrary">
<msg time="2025-11-24T20:17:41.200033" level="INFO">Opening browser 'Edge' to base url 'https://www.demoblaze.com/' through remote server at 'https://thefinislumen_yWLp9u:VGzPZp5JA4txt5F5DkXG@hub-cloud.browserstack.com/wd/hub'.</msg>
<arg>${baseUrl}</arg>
<arg>Edge</arg>
<arg>remote_url=${remote_url}</arg>
<arg>options=${edge_options}</arg>
<doc>Opens a new browser instance to the optional ``url``.</doc>
<status status="PASS" start="2025-11-24T20:17:41.199743" elapsed="12.998174"/>
</kw>
<arg>${REMOTE_URL}</arg>
<arg>${os}</arg>
<arg>${os_version}</arg>
<arg>${browser_version}</arg>
<status status="PASS" start="2025-11-24T20:17:41.198172" elapsed="13.000102"/>
</kw>
<arg>'${browser}'=='Chrome'</arg>
<arg>Open BrowserStack Chrome</arg>
<arg>${REMOTE_URL}</arg>
<arg>${os}</arg>
<arg>${os_version}</arg>
<arg>${browser_version}</arg>
<arg>ELSE IF</arg>
<arg>'${browser}'=='Safari'</arg>
<arg>Open BrowserStack Safari</arg>
<arg>${REMOTE_URL}</arg>
<arg>${os}</arg>
<arg>${os_version}</arg>
<arg>${browser_version}</arg>
<arg>ELSE IF</arg>
<arg>'${browser}'=='Edge'</arg>
<arg>Open BrowserStack Edge</arg>
<arg>${REMOTE_URL}</arg>
<arg>${os}</arg>
<arg>${os_version}</arg>
<arg>${browser_version}</arg>
<arg>ELSE</arg>
<arg>Fail</arg>
<arg>Unsupported browser: ${browser}</arg>
<doc>Runs the given keyword with the given arguments, if ``condition`` is true.</doc>
<status status="PASS" start="2025-11-24T20:17:41.197775" elapsed="13.000690"/>
</kw>
<arg>${browser}</arg>
<arg>${os}</arg>
<arg>${os_version}</arg>
<arg>${browser_version}</arg>
<status status="PASS" start="2025-11-24T20:17:41.195879" elapsed="13.002850"/>
</kw>
<arg>'${ENV_BS}'=='True'</arg>
<arg>Open BrowserStack Browser</arg>
<arg>${browser}</arg>
<arg>${os}</arg>
<arg>${os_version}</arg>
<arg>${browser_version}</arg>
<arg>ELSE</arg>
<arg>Open Browser</arg>
<arg>${baseUrl}</arg>
<arg>${browser}</arg>
<doc>Runs the given keyword with the given arguments, if ``condition`` is true.</doc>
<status status="PASS" start="2025-11-24T20:17:41.195537" elapsed="13.003401"/>
</kw>
<arg>${browser}</arg>
<arg>${os}</arg>
<arg>${os_version}</arg>
<arg>${browser_version}</arg>
<status status="PASS" start="2025-11-24T20:17:41.194623" elapsed="13.004509"/>
</kw>
<kw name="Wait Until Page Contains Element" owner="SeleniumLibrary">
<arg>${logInButton}</arg>
<arg>timeout=80</arg>
<arg>error=logInButtonNotFound</arg>
<doc>Waits until the element ``locator`` appears on the current page.</doc>
<status status="PASS" start="2025-11-24T20:17:54.199532" elapsed="0.177413"/>
</kw>
<kw name="Sleep" owner="BuiltIn">
<msg time="2025-11-24T20:17:55.379526" level="INFO">Slept 1 second.</msg>
<arg>1s</arg>
<doc>Pauses the test executed for the given time.</doc>
<status status="PASS" start="2025-11-24T20:17:54.377296" elapsed="1.002521"/>
</kw>
<kw name="Click Element" owner="SeleniumLibrary">
<msg time="2025-11-24T20:17:55.381180" level="INFO">Clicking element '//*[@id="login2"]'.</msg>
<msg time="2025-11-24T20:17:57.888338" level="INFO" html="true">&lt;/td&gt;&lt;/tr&gt;&lt;tr&gt;&lt;td colspan="3"&gt;&lt;a href="selenium-screenshot-4.png"&gt;&lt;img src="selenium-screenshot-4.png" width="800px"&gt;&lt;/a&gt;</msg>
<msg time="2025-11-24T20:17:57.888795" level="FAIL">ElementClickInterceptedException: Message: element click intercepted: Element &lt;a class="nav-link" href="#" id="login2" data-toggle="modal" data-target="#logInModal" style="display: block;"&gt;...&lt;/a&gt; is not clickable at point (300, 86). Other element would receive the click: &lt;img class="d-block img-fluid" src="Samsung1.jpg" alt="First slide"&gt;
  (Session info: MicrosoftEdge=142.0.3595.53); For documentation on this error, please visit: https://www.selenium.dev/documentation/webdriver/troubleshooting/errors#elementclickinterceptedexception
Stacktrace:
Symbols not available. Dumping unresolved backtrace:
	0x7ff6f79e9a65
	0x7ff6f79e9ac4
	0x7ff6f7b9b8a8
	0x7ff6f77a9c7c
	0x7ff6f77a8291
	0x7ff6f77a61c9
	0x7ff6f77a56c5
	0x7ff6f779b95e
	0x7ff6f77c3c8a
	0x7ff6f779b3d5
	0x7ff6f779b2ed
	0x7ff6f779b3d5
	0x7ff6f77de6f2
	0x7ff6f779a8aa
	0x7ff6f7799bd1
	0x7ff6f779a6d3
	0x7ff6f78565f4
	0x7ff6f7852b17
	0x7ff6f7a166c5
	0x7ff6f7a04b21
	0x7ff6f7a0cfc9
	0x7ff6f79f0fb4
	0x7ff6f79f1103
	0x7ff6f79dee36
	0x7fffd1db7bd4
	0x7fffd2c6ced1
</msg>
<arg>${logInButton}</arg>
<doc>Click the element identified by ``locator``.</doc>
<status status="FAIL" start="2025-11-24T20:17:55.380407" elapsed="2.510273">ElementClickInterceptedException: Message: element click intercepted: Element &lt;a class="nav-link" href="#" id="login2" data-toggle="modal" data-target="#logInModal" style="display: block;"&gt;...&lt;/a&gt; is not clickable at point (300, 86). Other element would receive the click: &lt;img class="d-block img-fluid" src="Samsung1.jpg" alt="First slide"&gt;
  (Session info: MicrosoftEdge=142.0.3595.53); For documentation on this error, please visit: https://www.selenium.dev/documentation/webdriver/troubleshooting/errors#elementclickinterceptedexception
Stacktrace:
Symbols not available. Dumping unresolved backtrace:
	0x7ff6f79e9a65
	0x7ff6f79e9ac4
	0x7ff6f7b9b8a8
	0x7ff6f77a9c7c
	0x7ff6f77a8291
	0x7ff6f77a61c9
	0x7ff6f77a56c5
	0x7ff6f779b95e
	0x7ff6f77c3c8a
	0x7ff6f779b3d5
	0x7ff6f779b2ed
	0x7ff6f779b3d5
	0x7ff6f77de6f2
	0x7ff6f779a8aa
	0x7ff6f7799bd1
	0x7ff6f779a6d3
	0x7ff6f78565f4
	0x7ff6f7852b17
	0x7ff6f7a166c5
	0x7ff6f7a04b21
	0x7ff6f7a0cfc9
	0x7ff6f79f0fb4
	0x7ff6f79f1103
	0x7ff6f79dee36
	0x7fffd1db7bd4
	0x7fffd2c6ced1
</status>
</kw>
<kw name="Wait Until Page Contains Element" owner="SeleniumLibrary">
<arg>${loginUsernameField}</arg>
<arg>timeout=80</arg>
<arg>error=logInButtonNotFound</arg>
<doc>Waits until the element ``locator`` appears on the current page.</doc>
<status status="NOT RUN" start="2025-11-24T20:17:57.891147" elapsed="0.000052"/>
</kw>
<kw name="Sleep" owner="BuiltIn">
<arg>1s</arg>
<doc>Pauses the test executed for the given time.</doc>
<status status="NOT RUN" start="2025-11-24T20:17:57.891318" elapsed="0.000028"/>
</kw>
<kw name="Input Text" owner="SeleniumLibrary">
<arg>${loginUsernameField}</arg>
<arg>${login}</arg>
<doc>Types the given ``text`` into the text field identified by ``locator``.</doc>
<status status="NOT RUN" start="2025-11-24T20:17:57.891460" elapsed="0.000029"/>
</kw>
<kw name="Input Password" owner="SeleniumLibrary">
<arg>${loginPasswordField}</arg>
<arg>${password}</arg>
<doc>Types the given password into the text field identified by ``locator``.</doc>
<status status="NOT RUN" start="2025-11-24T20:17:57.891592" elapsed="0.000026"/>
</kw>
<kw name="Sleep" owner="BuiltIn">
<arg>1s</arg>
<doc>Pauses the test executed for the given time.</doc>
<status status="NOT RUN" start="2025-11-24T20:17:57.891711" elapsed="0.000028"/>
</kw>
<kw name="Click Element" owner="SeleniumLibrary">
<arg>${logInFormButton}</arg>
<doc>Click the element identified by ``locator``.</doc>
<status status="NOT RUN" start="2025-11-24T20:17:57.891838" elapsed="0.000026"/>
</kw>
<kw name="Sleep" owner="BuiltIn">
<arg>2s</arg>
<doc>Pauses the test executed for the given time.</doc>
<status status="NOT RUN" start="2025-11-24T20:17:57.891953" elapsed="0.000025"/>
</kw>
<arg>@{EDGE_CONFIG}</arg>
<status status="FAIL" start="2025-11-24T20:17:41.194153" elapsed="16.698016">ElementClickInterceptedException: Message: element click intercepted: Element &lt;a class="nav-link" href="#" id="login2" data-toggle="modal" data-target="#logInModal" style="display: block;"&gt;...&lt;/a&gt; is not clickable at point (300, 86). Other element would receive the click: &lt;img class="d-block img-fluid" src="Samsung1.jpg" alt="First slide"&gt;
  (Session info: MicrosoftEdge=142.0.3595.53); For documentation on this error, please visit: https://www.selenium.dev/documentation/webdriver/troubleshooting/errors#elementclickinterceptedexception
Stacktrace:
Symbols not available. Dumping unresolved backtrace:
	0x7ff6f79e9a65
	0x7ff6f79e9ac4
	0x7ff6f7b9b8a8
	0x7ff6f77a9c7c
	0x7ff6f77a8291
	0x7ff6f77a61c9
	0x7ff6f77a56c5
	0x7ff6f779b95e
	0x7ff6f77c3c8a
	0x7ff6f779b3d5
	0x7ff6f779b2ed
	0x7ff6f779b3d5
	0x7ff6f77de6f2
	0x7ff6f779a8aa
	0x7ff6f7799bd1
	0x7ff6f779a6d3
	0x7ff6f78565f4
	0x7ff6f7852b17
	0x7ff6f7a166c5
	0x7ff6f7a04b21
	0x7ff6f7a0cfc9
	0x7ff6f79f0fb4
	0x7ff6f79f1103
	0x7ff6f79dee36
	0x7fffd1db7bd4
	0x7fffd2c6ced1
</status>
</kw>
<kw name="Close Browser" owner="resources">
<status status="NOT RUN" start="2025-11-24T20:17:57.892453" elapsed="0.000042"/>
</kw>
<tag>edge</tag>
<status status="FAIL" start="2025-11-24T20:17:41.193606" elapsed="16.699116">ElementClickInterceptedException: Message: element click intercepted: Element &lt;a class="nav-link" href="#" id="login2" data-toggle="modal" data-target="#logInModal" style="display: block;"&gt;...&lt;/a&gt; is not clickable at point (300, 86). Other element would receive the click: &lt;img class="d-block img-fluid" src="Samsung1.jpg" alt="First slide"&gt;
  (Session info: MicrosoftEdge=142.0.3595.53); For documentation on this error, please visit: https://www.selenium.dev/documentation/webdriver/troubleshooting/errors#elementclickinterceptedexception
Stacktrace:
[...]
<arg>${loginUsernameField}</arg>
<arg>${login}</arg>
<doc>Types the given ``text`` into the text field identified by ``locator``.</doc>
<status status="PASS" start="2025-11-24T20:19:39.729686" elapsed="0.423227"/>
</kw>
<kw name="Input Password" owner="SeleniumLibrary">
<msg time="2025-11-24T20:19:40.154871" level="INFO">Typing password into text field '//*[@id="loginpassword"]'.</msg>
<msg time="2025-11-24T20:19:40.436315" level="INFO">Temporally setting log level to: NONE</msg>
<arg>${loginPasswordField}</arg>
<arg>${password}</arg>
<doc>Types the given password into the text field identified by ``locator``.</doc>
<status status="PASS" start="2025-11-24T20:19:40.153351" elapsed="0.455968"/>
</kw>
<kw name="Sleep" owner="BuiltIn">
<msg time="2025-11-24T20:19:41.611163" level="INFO">Slept 1 second.</msg>
<arg>1s</arg>
<doc>Pauses the test executed for the given time.</doc>
<status status="PASS" start="2025-11-24T20:19:40.610017" elapsed="1.001563"/>
</kw>
<kw name="Click Element" owner="SeleniumLibrary">
<msg time="2025-11-24T20:19:41.612746" level="INFO">Clicking element '//*[@id="logInModal"]/div/div/div[3]/button[2]'.</msg>
<arg>${logInFormButton}</arg>
<doc>Click the element identified by ``locator``.</doc>
<status status="PASS" start="2025-11-24T20:19:41.612092" elapsed="0.297920"/>
</kw>
<kw name="Sleep" owner="BuiltIn">
<msg time="2025-11-24T20:19:43.912110" level="INFO">Slept 2 seconds.</msg>
<arg>2s</arg>
<doc>Pauses the test executed for the given time.</doc>
<status status="PASS" start="2025-11-24T20:19:41.910391" elapsed="2.002042"/>
</kw>
<arg>@{SAFARI_CONFIG}</arg>
<status status="PASS" start="2025-11-24T20:19:27.554664" elapsed="16.358047"/>
</kw>
<kw name="Add to Cart" owner="resources">
<kw name="Wait Until Page Contains Element" owner="SeleniumLibrary">
<arg>${productLink}</arg>
<arg>timeout=80</arg>
<arg>error=Product not found</arg>
<doc>Waits until the element ``locator`` appears on the current page.</doc>
<status status="PASS" start="2025-11-24T20:19:43.914261" elapsed="0.130035"/>
</kw>
<kw name="Sleep" owner="BuiltIn">
<msg time="2025-11-24T20:19:45.046127" level="INFO">Slept 1 second.</msg>
<arg>1s</arg>
<doc>Pauses the test executed for the given time.</doc>
<status status="PASS" start="2025-11-24T20:19:44.044664" elapsed="1.001635"/>
</kw>
<kw name="Click Element" owner="SeleniumLibrary">
<msg time="2025-11-24T20:19:45.046842" level="INFO">Clicking element '//*[@id="tbodyid"]/div[1]/div/div/h4/a'.</msg>
<arg>${productLink}</arg>
<doc>Click the element identified by ``locator``.</doc>
<status status="PASS" start="2025-11-24T20:19:45.046553" elapsed="0.297519"/>
</kw>
<kw name="Sleep" owner="BuiltIn">
<msg time="2025-11-24T20:19:47.345631" level="INFO">Slept 2 seconds.</msg>
<arg>2s</arg>
<doc>Pauses the test executed for the given time.</doc>
<status status="PASS" start="2025-11-24T20:19:45.344655" elapsed="2.001317"/>
</kw>
<kw name="Wait Until Page Contains Element" owner="SeleniumLibrary">
<arg>${addToCartButton}</arg>
<arg>timeout=80</arg>
<arg>error=Add to cart button not found</arg>
<doc>Waits until the element ``locator`` appears on the current page.</doc>
<status status="PASS" start="2025-11-24T20:19:47.346473" elapsed="0.131874"/>
</kw>
<kw name="Sleep" owner="BuiltIn">
<msg time="2025-11-24T20:19:48.479357" level="INFO">Slept 1 second.</msg>
<arg>1s</arg>
<doc>Pauses the test executed for the given time.</doc>
<status status="PASS" start="2025-11-24T20:19:47.478747" elapsed="1.000825"/>
</kw>
<kw name="Click Element" owner="SeleniumLibrary">
<msg time="2025-11-24T20:19:48.480460" level="INFO">Clicking element '//*[@id="tbodyid"]/div[2]/div/a'.</msg>
<arg>${addToCartButton}</arg>
<doc>Click the element identified by ``locator``.</doc>
<status status="PASS" start="2025-11-24T20:19:48.479923" elapsed="0.285180"/>
</kw>
<kw name="Sleep" owner="BuiltIn">
<msg time="2025-11-24T20:19:50.765879" level="INFO">Slept 2 seconds.</msg>
<arg>2s</arg>
<doc>Pauses the test executed for the given time.</doc>
<status status="PASS" start="2025-11-24T20:19:48.765448" elapsed="2.000725"/>
</kw>
<kw name="Handle Alert" owner="SeleniumLibrary">
<msg time="2025-11-24T20:19:50.766939" level="INFO">HANDLE::&lt;class 'NoneType'&gt;::None</msg>
<arg>accept</arg>
<doc>Handles the current alert and returns its message.</doc>
<status status="PASS" start="2025-11-24T20:19:50.766605" elapsed="0.353691"/>
</kw>
<kw name="Sleep" owner="BuiltIn">
<msg time="2025-11-24T20:19:52.121714" level="INFO">Slept 1 second.</msg>
<arg>1s</arg>
<doc>Pauses the test executed for the given time.</doc>
<status status="PASS" start="2025-11-24T20:19:51.120724" elapsed="1.001238"/>
</kw>
<status status="PASS" start="2025-11-24T20:19:43.913577" elapsed="8.208617"/>
</kw>
<kw name="Close Browser" owner="resources">
<kw name="Close All Browsers" owner="SeleniumLibrary">
<doc>Closes all open browsers and resets the browser cache.</doc>
<status status="PASS" start="2025-11-24T20:19:52.123295" elapsed="3.722080"/>
</kw>
<status status="PASS" start="2025-11-24T20:19:52.122671" elapsed="3.722909"/>
</kw>
<tag>safari</tag>
<status status="PASS" start="2025-11-24T20:19:27.554213" elapsed="28.291793"/>
</test>
<test id="s1-t12" name="TC4_ADD_TO_CART_EDGE" line="72">
<kw name="Log in" owner="resources">
<kw name="Open Test Browser" owner="resources">
<kw name="Get Environment Variable" owner="OperatingSystem">
<msg time="2025-11-24T20:19:55.848694" level="INFO">${ENV_BS} = True</msg>
<var>${ENV_BS}</var>
<arg>BROWSERSTACK</arg>
<arg>default=${BROWSERSTACK}</arg>
<doc>Returns the value of an environment variable with the given name.</doc>
<status status="PASS" start="2025-11-24T20:19:55.848410" elapsed="0.000329"/>
</kw>
<kw name="Run Keyword If" owner="BuiltIn">
<kw name="Open BrowserStack Browser" owner="resources">
<kw name="Get Environment Variable" owner="OperatingSystem">
<msg time="2025-11-24T20:19:55.849804" level="INFO">${BS_USER} = thefinislumen_yWLp9u</msg>
<var>${BS_USER}</var>
<arg>BROWSERSTACK_USERNAME</arg>
<doc>Returns the value of an environment variable with the given name.</doc>
<status status="PASS" start="2025-11-24T20:19:55.849672" elapsed="0.000163"/>
</kw>
<kw name="Get Environment Variable" owner="OperatingSystem">
<msg time="2025-11-24T20:19:55.850071" level="INFO">${BS_KEY} = VGzPZp5JA4txt5F5DkXG</msg>
<var>${BS_KEY}</var>
<arg>BROWSERSTACK_ACCESS_KEY</arg>
<doc>Returns the value of an environment variable with the given name.</doc>
<status status="PASS" start="2025-11-24T20:19:55.849945" elapsed="0.000155"/>
</kw>
<kw name="Should Not Be Empty" owner="BuiltIn">
<msg time="2025-11-24T20:19:55.850380" level="INFO">Length is 20.</msg>
<arg>${BS_USER}</arg>
<arg>BrowserStack username not set</arg>
<doc>Verifies that the given item is not empty.</doc>
<status status="PASS" start="2025-11-24T20:19:55.850209" elapsed="0.000219"/>
</kw>
<kw name="Should Not Be Empty" owner="BuiltIn">
<msg time="2025-11-24T20:19:55.850656" level="INFO">Length is 20.</msg>
<arg>${BS_KEY}</arg>
<arg>BrowserStack access key not set</arg>
<doc>Verifies that the given item is not empty.</doc>
<status status="PASS" start="2025-11-24T20:19:55.850528" elapsed="0.000174"/>
</kw>
<kw name="Set Variable" owner="BuiltIn">
<msg time="2025-11-24T20:19:55.850990" level="INFO">${REMOTE_URL} = https://thefinislumen_yWLp9u:VGzPZp5JA4txt5F5DkXG@hub-cloud.browserstack.com/wd/hub</msg>
<var>${REMOTE_URL}</var>
<arg>https://${BS_USER}:${BS_KEY}@hub-cloud.browserstack.com/wd/hub</arg>
<doc>Returns the given values which can then be assigned to a variables.</doc>
<status status="PASS" start="2025-11-24T20:19:55.850810" elapsed="0.000211"/>
</kw>
<kw name="Run Keyword If" owner="BuiltIn">
<kw name="Open BrowserStack Edge" owner="resources">
<kw name="Evaluate" owner="BuiltIn">
<msg time="2025-11-24T20:19:55.852368" level="INFO">${edge_options} = &lt;selenium.webdriver.edge.options.Options object at 0x106ad8e90&gt;</msg>
<var>${edge_options}</var>
<arg>sys.modules['selenium.webdriver'].EdgeOptions()</arg>
<arg>sys, selenium.webdriver</arg>
<doc>Evaluates the given expression in Python and returns the result.</doc>
<status status="PASS" start="2025-11-24T20:19:55.852005" elapsed="0.000393"/>
</kw>
<kw name="Create Dictionary" owner="BuiltIn">
<msg time="2025-11-24T20:19:55.853014" level="INFO">&amp;{bstack_options} = { os=Windows | osVersion=10 | browserVersion=latest | buildName=browserstack-build-1 | projectName=BrowserStack Sample | sessionName=Robot Framework Test | seleniumVersion=4.0.0 }</msg>
<var>&amp;{bstack_options}</var>
<arg>os=${os}</arg>
<arg>osVersion=${os_version}</arg>
<arg>browserVersion=${browser_version}</arg>
<arg>buildName=browserstack-build-1</arg>
<arg>projectName=BrowserStack Sample</arg>
<arg>sessionName=Robot Framework Test</arg>
<arg>seleniumVersion=4.0.0</arg>
<doc>Creates and returns a dictionary based on the given ``items``.</doc>
<status status="PASS" start="2025-11-24T20:19:55.852548" elapsed="0.000503"/>
</kw>
<kw name="Call Method" owner="BuiltIn">
<arg>${edge_options}</arg>
<arg>set_capability</arg>
<arg>bstack:options</arg>
<arg>${bstack_options}</arg>
<doc>Calls the named method of the given object with the provided arguments.</doc>
<status status="PASS" start="2025-11-24T20:19:55.853182" elapsed="0.000160"/>
</kw>
<kw name="Open Browser" owner="SeleniumLibrary">
<msg time="2025-11-24T20:19:55.853894" level="INFO">Opening browser 'Edge' to base url 'https://www.demoblaze.com/' through remote server at 'https://thefinislumen_yWLp9u:VGzPZp5JA4txt5F5DkXG@hub-cloud.browserstack.com/wd/hub'.</msg>
<arg>${baseUrl}</arg>
<arg>Edge</arg>
<arg>remote_url=${remote_url}</arg>
<arg>options=${edge_options}</arg>
<doc>Opens a new browser instance to the optional ``url``.</doc>
<status status="PASS" start="2025-11-24T20:19:55.853533" elapsed="14.724327"/>
</kw>
<arg>${REMOTE_URL}</arg>
<arg>${os}</arg>
<arg>${os_version}</arg>
<arg>${browser_version}</arg>
<status status="PASS" start="2025-11-24T20:19:55.851574" elapsed="14.727364"/>
</kw>
<arg>'${browser}'=='Chrome'</arg>
<arg>Open BrowserStack Chrome</arg>
<arg>${REMOTE_URL}</arg>
<arg>${os}</arg>
<arg>${os_version}</arg>
<arg>${browser_version}</arg>
<arg>ELSE IF</arg>
<arg>'${browser}'=='Safari'</arg>
<arg>Open BrowserStack Safari</arg>
<arg>${REMOTE_URL}</arg>
<arg>${os}</arg>
<arg>${os_version}</arg>
<arg>${browser_version}</arg>
<arg>ELSE IF</arg>
<arg>'${browser}'=='Edge'</arg>
<arg>Open BrowserStack Edge</arg>
<arg>${REMOTE_URL}</arg>
<arg>${os}</arg>
<arg>${os_version}</arg>
<arg>${browser_version}</arg>
<arg>ELSE</arg>
<arg>Fail</arg>
<arg>Unsupported browser: ${browser}</arg>
<doc>Runs the given keyword with the given arguments, if ``condition`` is true.</doc>
<status status="PASS" start="2025-11-24T20:19:55.851135" elapsed="14.728151"/>
</kw>
<arg>${browser}</arg>
<arg>${os}</arg>
<arg>${os_version}</arg>
<arg>${browser_version}</arg>
<status status="PASS" start="2025-11-24T20:19:55.849310" elapsed="14.730151"/>
</kw>
<arg>'${ENV_BS}'=='True'</arg>
<arg>Open BrowserStack Browser</arg>
<arg>${browser}</arg>
<arg>${os}</arg>
<arg>${os_version}</arg>
<arg>${browser_version}</arg>
<arg>ELSE</arg>
<arg>Open Browser</arg>
<arg>${baseUrl}</arg>
<arg>${browser}</arg>
<doc>Runs the given keyword with the given arguments, if ``condition`` is true.</doc>
<status status="PASS" start="2025-11-24T20:19:55.848909" elapsed="14.730657"/>
</kw>
<arg>${browser}</arg>
<arg>${os}</arg>
<arg>${os_version}</arg>
<arg>${browser_version}</arg>
<status status="PASS" start="2025-11-24T20:19:55.847943" elapsed="14.731754"/>
</kw>
<kw name="Wait Until Page Contains Element" owner="SeleniumLibrary">
<arg>${logInButton}</arg>
<arg>timeout=80</arg>
<arg>error=logInButtonNotFound</arg>
<doc>Waits until the element ``locator`` appears on the current page.</doc>
<status status="PASS" start="2025-11-24T20:20:10.580864" elapsed="0.290682"/>
</kw>
<kw name="Sleep" owner="BuiltIn">
<msg time="2025-11-24T20:20:11.874414" level="INFO">Slept 1 second.</msg>
<arg>1s</arg>
<doc>Pauses the test executed for the given time.</doc>
<status status="PASS" start="2025-11-24T20:20:10.872135" elapsed="1.002630"/>
</kw>
<kw name="Click Element" owner="SeleniumLibrary">
<msg time="2025-11-24T20:20:11.876024" level="INFO">Clicking element '//*[@id="login2"]'.</msg>
<msg time="2025-11-24T20:20:14.350906" level="INFO" html="true">&lt;/td&gt;&lt;/tr&gt;&lt;tr&gt;&lt;td colspan="3"&gt;&lt;a href="selenium-screenshot-8.png"&gt;&lt;img src="selenium-screenshot-8.png" width="800px"&gt;&lt;/a&gt;</msg>
<msg time="2025-11-24T20:20:14.351420" level="FAIL">ElementClickInterceptedException: Message: element click intercepted: Element &lt;a class="nav-link" href="#" id="login2" data-toggle="modal" data-target="#logInModal" style="display: block;"&gt;...&lt;/a&gt; is not clickable at point (300, 86). Other element would receive the click: &lt;img class="d-block img-fluid" src="Samsung1.jpg" alt="First slide"&gt;
  (Session info: MicrosoftEdge=142.0.3595.53); For documentation on this error, please visit: https://www.selenium.dev/documentation/webdriver/troubleshooting/errors#elementclickinterceptedexception
Stacktrace:
Symbols not available. Dumping unresolved backtrace:
	0x7ff6003d9a65
	0x7ff6003d9ac4
	0x7ff60058b8a8
	0x7ff600199c7c
	0x7ff600198291
	0x7ff6001961c9
	0x7ff6001956c5
	0x7ff60018b95e
	0x7ff6001b3c8a
	0x7ff60018b3d5
	0x7ff60018b2ed
	0x7ff60018b3d5
	0x7ff6001ce6f2
	0x7ff60018a8aa
	0x7ff600189bd1
	0x7ff60018a6d3
	0x7ff6002465f4
	0x7ff600242b17
	0x7ff6004066c5
	0x7ff6003f4b21
	0x7ff6003fcfc9
	0x7ff6003e0fb4
	0x7ff6003e1103
	0x7ff6003cee36
	0x7ffbda877034
	0x7ffbdbd42651
</msg>
<arg>${logInButton}</arg>
<doc>Click the element identified by ``locator``.</doc>
<status status="FAIL" start="2025-11-24T20:20:11.875211" elapsed="2.478032">ElementClickInterceptedException: Message: element click intercepted: Element &lt;a class="nav-link" href="#" id="login2" data-toggle="modal" data-target="#logInModal" style="display: block;"&gt;...&lt;/a&gt; is not clickable at point (300, 86). Other element would receive the click: &lt;img class="d-block img-fluid" src="Samsung1.jpg" alt="First slide"&gt;
  (Session info: MicrosoftEdge=142.0.3595.53); For documentation on this error, please visit: https://www.selenium.dev/documentation/webdriver/troubleshooting/errors#elementclickinterceptedexception
Stacktrace:
Symbols not available. Dumping unresolved backtrace:
	0x7ff6003d9a65
	0x7ff6003d9ac4
	0x7ff60058b8a8
	0x7ff600199c7c
	0x7ff600198291
	0x7ff6001961c9
	0x7ff6001956c5
	0x7ff60018b95e
	0x7ff6001b3c8a
	0x7ff60018b3d5
	0x7ff60018b2ed
	0x7ff60018b3d5
	0x7ff6001ce6f2
	0x7ff60018a8aa
	0x7ff600189bd1
	0x7ff60018a6d3
	0x7ff6002465f4
	0x7ff600242b17
	0x7ff6004066c5
	0x7ff6003f4b21
	0x7ff6003fcfc9
	0x7ff6003e0fb4
	0x7ff6003e1103
	0x7ff6003cee36
	0x7ffbda877034
	0x7ffbdbd42651
</status>
</kw>
<kw name="Wait Until Page Contains Element" owner="SeleniumLibrary">
<arg>${loginUsernameField}</arg>
<arg>timeout=80</arg>
<arg>error=logInButtonNotFound</arg>
<doc>Waits until the element ``locator`` appears on the current page.</doc>
<status status="NOT RUN" start="2025-11-24T20:20:14.353475" elapsed="0.000034"/>
</kw>
<kw name="Sleep" owner="BuiltIn">
<arg>1s</arg>
<doc>Pauses the test executed for the given time.</doc>
<status status="NOT RUN" start="2025-11-24T20:20:14.353593" elapsed="0.000022"/>
</kw>
<kw name="Input Text" owner="SeleniumLibrary">
<arg>${loginUsernameField}</arg>
<arg>${login}</arg>
<doc>Types the given ``text`` into the text field identified by ``locator``.</doc>
<status status="NOT RUN" start="2025-11-24T20:20:14.353707" elapsed="0.000021"/>
</kw>
<kw name="Input Password" owner="SeleniumLibrary">
<arg>${loginPasswordField}</arg>
<arg>${password}</arg>
<doc>Types the given password into the text field identified by ``locator``.</doc>
<status status="NOT RUN" start="2025-11-24T20:20:14.353831" elapsed="0.000027"/>
</kw>
<kw name="Sleep" owner="BuiltIn">
<arg>1s</arg>
<doc>Pauses the test executed for the given time.</doc>
<status status="NOT RUN" start="2025-11-24T20:20:14.353954" elapsed="0.000026"/>
</kw>
<kw name="Click Element" owner="SeleniumLibrary">
<arg>${logInFormButton}</arg>
<doc>Click the element identified by ``locator``.</doc>
<status status="NOT RUN" start="2025-11-24T20:20:14.354086" elapsed="0.000027"/>
</kw>
<kw name="Sleep" owner="BuiltIn">
<arg>2s</arg>
<doc>Pauses the test executed for the given time.</doc>
<status status="NOT RUN" start="2025-11-24T20:20:14.354203" elapsed="0.000038"/>
</kw>
<arg>@{EDGE_CONFIG}</arg>
<status status="FAIL" start="2025-11-24T20:19:55.847415" elapsed="18.507059">ElementClickInterceptedException: Message: element click intercepted: Element &lt;a class="nav-link" href="#" id="login2" data-toggle="modal" data-target="#logInModal" style="display: block;"&gt;...&lt;/a&gt; is not clickable at point (300, 86). Other element would receive the click: &lt;img class="d-block img-fluid" src="Samsung1.jpg" alt="First slide"&gt;
  (Session info: MicrosoftEdge=142.0.3595.53); For documentation on this error, please visit: https://www.selenium.dev/documentation/webdriver/troubleshooting/errors#elementclickinterceptedexception
Stacktrace:
Symbols not available. Dumping unresolved backtrace:
	0x7ff6003d9a65
	0x7ff6003d9ac4
	0x7ff60058b8a8
	0x7ff600199c7c
	0x7ff600198291
	0x7ff6001961c9
	0x7ff6001956c5
	0x7ff60018b95e
	0x7ff6001b3c8a
	0x7ff60018b3d5
	0x7ff60018b2ed
	0x7ff60018b3d5
	0x7ff6001ce6f2
	0x7ff60018a8aa
	0x7ff600189bd1
	0x7ff60018a6d3
	0x7ff6002465f4
	0x7ff600242b17
	0x7ff6004066c5
	0x7ff6003f4b21
	0x7ff6003fcfc9
	0x7ff6003e0fb4
	0x7ff6003e1103
	0x7ff6003cee36
	0x7ffbda877034
	0x7ffbdbd42651
</status>
</kw>
<kw name="Add to Cart" owner="resources">
<status status="NOT RUN" start="2025-11-24T20:20:14.354960" elapsed="0.000053"/>
</kw>
<kw name="Close Browser" owner="resources">
<status status="NOT RUN" start="2025-11-24T20:20:14.355161" elapsed="0.000031"/>
</kw>
<tag>edge</tag>
<status status="FAIL" start="2025-11-24T20:19:55.846640" elapsed="18.508836">ElementClickInterceptedException: Message: element click intercepted: Element &lt;a class="nav-link" href="#" id="login2" data-toggle="modal" data-target="#logInModal" style="display: block;"&gt;...&lt;/a&gt; is not clickable at point (300, 86). Other element would receive the click: &lt;img class="d-block img-fluid" src="Samsung1.jpg" alt="First slide"&gt;
  (Session info: MicrosoftEdge=142.0.3595.53); For documentation on this error, please visit: https://www.selenium.dev/documentation/webdriver/troubleshooting/errors#elementclickinterceptedexception
Stacktrace:
Symbols not available. Dumping unresolved backtrace:
	0x7ff6003d9a65
	0x7ff6003d9ac4
	0x7ff60058b8a8
	0x7ff600199c7c
	0x7ff600198291
	0x7ff6001961c9
	0x7ff6001956c5
	0x7ff60018b95e
	0x7ff6001b3c8a
	0x7ff60018b3d5
	0x7ff60018b2ed
	0x7ff60018b3d5
	0x7ff6001ce6f2
	0x7ff60018a8aa
	0x7ff600189bd1
	0x7ff60018a6d3
	0x7ff6002465f4
	0x7ff600242b17
	0x7ff6004066c5
	0x7ff6003f4b21
	0x7ff6003fcfc9
	0x7ff6003e0fb4
	0x7ff6003e1103
	0x7ff6003cee36
	0x7ffbda877034
	0x7ffbdbd42651
</status>
</test>
<kw name="Close Browser" owner="resources" type="TEARDOWN">
<kw name="Close All Browsers" owner="SeleniumLibrary">
<doc>Closes all open browsers and resets the browser cache.</doc>
<status status="PASS" start="2025-11-24T20:20:14.357184" elapsed="1.304413"/>
</kw>
<status status="PASS" start="2025-11-24T20:20:14.356877" elapsed="1.304987"/>
</kw>
<status status="FAIL" start="2025-11-24T20:15:16.852975" elapsed="298.808951"/>
</suite>
<statistics>
<total>
<stat pass="4" fail="8" skip="0">All Tests</stat>
</total>
<tag>
<stat pass="0" fail="4" skip="0">chrome</stat>
<stat pass="0" fail="4" skip="0">edge</stat>
<stat pass="4" fail="0" skip="0">safari</stat>
</tag>
<suite>
<stat name="Test Browserstack" id="s1" pass="4" fail="8" skip="0">Test Browserstack</stat>
</suite>
</statistics>
<errors>
</errors>
</robot>
