<?xml version="1.0" encoding="UTF-8"?>
<robot generator="Robot 7.3.2 (Python 3.14.0 on darwin)" generated="2025-11-23T20:40:02.591780" rpa="false" schemaversion="5">
<suite id="s1" name="testCases" source="/Users/otkelbayakberdi/Documents/projects/software_testing/task3/assignment-automation2/testCases">
<suite id="s1-s1" name="Test" source="/Users/otkelbayakberdi/Documents/projects/software_testing/task3/assignment-automation2/testCases/test.robot">
<test id="s1-s1-t1" name="TC1_SIGN_UP_TEST" line="11">
<kw name="Sign Up" owner="resources">
<kw name="Open Test Browser" owner="resources">
<kw name="Get Environment Variable" owner="OperatingSystem">
<msg time="2025-11-23T20:40:02.695379" level="INFO">${ENV_BS} = True</msg>
<var>${ENV_BS}</var>
<arg>BROWSERSTACK</arg>
<arg>default=${BROWSERSTACK}</arg>
<doc>Returns the value of an environment variable with the given name.</doc>
<status status="PASS" start="2025-11-23T20:40:02.695286" elapsed="0.000110"/>
</kw>
<kw name="Get Environment Variable" owner="OperatingSystem">
<msg time="2025-11-23T20:40:02.695522" level="INFO">${ENV_BROWSER} = Chrome</msg>
<var>${ENV_BROWSER}</var>
<arg>BROWSER</arg>
<arg>default=${BROWSER}</arg>
<doc>Returns the value of an environment variable with the given name.</doc>
<status status="PASS" start="2025-11-23T20:40:02.695449" elapsed="0.000084"/>
</kw>
<kw name="Run Keyword If" owner="BuiltIn">
<kw name="Set BrowserStack Remote And Open" owner="resources">
<kw name="Get Environment Variable" owner="OperatingSystem">
<msg time="2025-11-23T20:40:02.695863" level="INFO">${BS_USER} = amangeldyrakhimz_mDOu4L</msg>
<var>${BS_USER}</var>
<arg>BROWSERSTACK_USERNAME</arg>
<doc>Returns the value of an environment variable with the given name.</doc>
<status status="PASS" start="2025-11-23T20:40:02.695818" elapsed="0.000055"/>
</kw>
<kw name="Get Environment Variable" owner="OperatingSystem">
<msg time="2025-11-23T20:40:02.695950" level="INFO">${BS_KEY} = Bxzghuw8wDVmTVCo8vsx</msg>
<var>${BS_KEY}</var>
<arg>BROWSERSTACK_ACCESS_KEY</arg>
<doc>Returns the value of an environment variable with the given name.</doc>
<status status="PASS" start="2025-11-23T20:40:02.695907" elapsed="0.000052"/>
</kw>
<kw name="Should Not Be Empty" owner="BuiltIn">
<msg time="2025-11-23T20:40:02.696052" level="INFO">Length is 23.</msg>
<arg>${BS_USER}</arg>
<arg>BrowserStack username not set in environment variable BROWSERSTACK_USERNAME</arg>
<doc>Verifies that the given item is not empty.</doc>
<status status="PASS" start="2025-11-23T20:40:02.695991" elapsed="0.000077"/>
</kw>
<kw name="Should Not Be Empty" owner="BuiltIn">
<msg time="2025-11-23T20:40:02.696150" level="INFO">Length is 20.</msg>
<arg>${BS_KEY}</arg>
<arg>BrowserStack access key not set in environment variable BROWSERSTACK_ACCESS_KEY</arg>
<doc>Verifies that the given item is not empty.</doc>
<status status="PASS" start="2025-11-23T20:40:02.696101" elapsed="0.000064"/>
</kw>
<kw name="Set Variable" owner="BuiltIn">
<msg time="2025-11-23T20:40:02.696264" level="INFO">${REMOTE_URL} = https://amangeldyrakhimz_mDOu4L:Bxzghuw8wDVmTVCo8vsx@hub-cloud.browserstack.com/wd/hub</msg>
<var>${REMOTE_URL}</var>
<arg>https://${BS_USER}:${BS_KEY}@hub-cloud.browserstack.com/wd/hub</arg>
<doc>Returns the given values which can then be assigned to a variables.</doc>
<status status="PASS" start="2025-11-23T20:40:02.696201" elapsed="0.000072"/>
</kw>
<if>
<branch type="IF" condition="'${browser}' == 'Chrome'">
<kw name="Create Dictionary" owner="BuiltIn">
<msg time="2025-11-23T20:40:02.696483" level="INFO">${bstack_opts} = {'os': 'Windows', 'osVersion': '10', 'local': 'True', 'buildName': 'browserstack-build-1', 'projectName': 'BrowserStack Sample', 'name': 'Robot_Chrome'}</msg>
<var>${bstack_opts}</var>
<arg>os=Windows</arg>
<arg>osVersion=10</arg>
<arg>local=True</arg>
<arg>buildName=browserstack-build-1</arg>
<arg>projectName=BrowserStack Sample</arg>
<arg>name=Robot_Chrome</arg>
<doc>Creates and returns a dictionary based on the given ``items``.</doc>
<status status="PASS" start="2025-11-23T20:40:02.696378" elapsed="0.000115"/>
</kw>
<kw name="Create Dictionary" owner="BuiltIn">
<msg time="2025-11-23T20:40:02.696590" level="INFO">${caps} = {'browserName': 'Chrome', 'browserVersion': '120.0'}</msg>
<var>${caps}</var>
<arg>browserName=Chrome</arg>
<arg>browserVersion=120.0</arg>
<doc>Creates and returns a dictionary based on the given ``items``.</doc>
<status status="PASS" start="2025-11-23T20:40:02.696534" elapsed="0.000066"/>
</kw>
<kw name="Set To Dictionary">
<msg time="2025-11-23T20:40:02.697483" level="FAIL">No keyword with name 'Set To Dictionary' found.</msg>
<arg>${caps}</arg>
<arg>bstack:options</arg>
<arg>${bstack_opts}</arg>
<status status="FAIL" start="2025-11-23T20:40:02.697468" elapsed="0.000031">No keyword with name 'Set To Dictionary' found.</status>
</kw>
<status status="FAIL" start="2025-11-23T20:40:02.696311" elapsed="0.001223">No keyword with name 'Set To Dictionary' found.</status>
</branch>
<branch type="ELSE IF" condition="'${browser}' == 'Firefox'">
<kw name="Create Dictionary" owner="BuiltIn">
<var>${bstack_opts}</var>
<arg>os=Windows</arg>
<arg>osVersion=10</arg>
<arg>local=True</arg>
<arg>buildName=browserstack-build-1</arg>
<arg>projectName=BrowserStack Sample</arg>
<arg>name=Robot_Firefox</arg>
<doc>Creates and returns a dictionary based on the given ``items``.</doc>
<status status="NOT RUN" start="2025-11-23T20:40:02.697592" elapsed="0.000010"/>
</kw>
<kw name="Create Dictionary" owner="BuiltIn">
<var>${caps}</var>
<arg>browserName=Firefox</arg>
<arg>browserVersion=120.0</arg>
<doc>Creates and returns a dictionary based on the given ``items``.</doc>
<status status="NOT RUN" start="2025-11-23T20:40:02.697640" elapsed="0.000009"/>
</kw>
<kw name="Set To Dictionary">
<arg>${caps}</arg>
<arg>bstack:options</arg>
<arg>${bstack_opts}</arg>
<status status="NOT RUN" start="2025-11-23T20:40:02.697686" elapsed="0.000008"/>
</kw>
<status status="NOT RUN" start="2025-11-23T20:40:02.697554" elapsed="0.000154"/>
</branch>
<branch type="ELSE">
<kw name="Create Dictionary" owner="BuiltIn">
<var>${bstack_opts}</var>
<arg>os=OS X</arg>
<arg>osVersion=Monterey</arg>
<arg>local=True</arg>
<arg>buildName=browserstack-build-1</arg>
<arg>projectName=BrowserStack Sample</arg>
<arg>name=Robot_Safari</arg>
<doc>Creates and returns a dictionary based on the given ``items``.</doc>
<status status="NOT RUN" start="2025-11-23T20:40:02.697755" elapsed="0.000008"/>
</kw>
<kw name="Create Dictionary" owner="BuiltIn">
<var>${caps}</var>
<arg>browserName=Safari</arg>
<arg>browserVersion=15.6</arg>
<doc>Creates and returns a dictionary based on the given ``items``.</doc>
<status status="NOT RUN" start="2025-11-23T20:40:02.697798" elapsed="0.000008"/>
</kw>
<kw name="Set To Dictionary">
<arg>${caps}</arg>
<arg>bstack:options</arg>
<arg>${bstack_opts}</arg>
<status status="NOT RUN" start="2025-11-23T20:40:02.697838" elapsed="0.000009"/>
</kw>
<status status="NOT RUN" start="2025-11-23T20:40:02.697723" elapsed="0.000137"/>
</branch>
<status status="FAIL" start="2025-11-23T20:40:02.696299" elapsed="0.001573">No keyword with name 'Set To Dictionary' found.</status>
</if>
<kw name="Open Browser" owner="SeleniumLibrary">
<arg>${baseUrl}</arg>
<arg>${browser}</arg>
<arg>remote_url=${REMOTE_URL}</arg>
<arg>desired_capabilities=${caps}</arg>
<doc>Opens a new browser instance to the optional ``url``.</doc>
<status status="NOT RUN" start="2025-11-23T20:40:02.697916" elapsed="0.000009"/>
</kw>
<arg>${ENV_BROWSER}</arg>
<status status="FAIL" start="2025-11-23T20:40:02.695732" elapsed="0.002233">No keyword with name 'Set To Dictionary' found.</status>
</kw>
<arg>'${ENV_BS}'=='True'</arg>
<arg>Set BrowserStack Remote And Open</arg>
<arg>${ENV_BROWSER}</arg>
<arg>ELSE</arg>
<arg>Open Browser</arg>
<arg>${baseUrl}</arg>
<arg>${ENV_BROWSER}</arg>
<doc>Runs the given keyword with the given arguments, if ``condition`` is true.</doc>
<status status="FAIL" start="2025-11-23T20:40:02.695582" elapsed="0.002403">No keyword with name 'Set To Dictionary' found.</status>
</kw>
<status status="FAIL" start="2025-11-23T20:40:02.695003" elapsed="0.003018">No keyword with name 'Set To Dictionary' found.</status>
</kw>
<kw name="Wait Until Page Contains Element" owner="SeleniumLibrary">
<arg>${signUpButton}</arg>
<arg>timeout=80</arg>
<arg>error=logInButtonNotFound</arg>
<doc>Waits until the element ``locator`` appears on the current page.</doc>
<status status="NOT RUN" start="2025-11-23T20:40:02.698062" elapsed="0.000010"/>
</kw>
<kw name="Sleep" owner="BuiltIn">
<arg>1s</arg>
<doc>Pauses the test executed for the given time.</doc>
<status status="NOT RUN" start="2025-11-23T20:40:02.698102" elapsed="0.000008"/>
</kw>
<kw name="Click Element" owner="SeleniumLibrary">
<arg>${signUpButton}</arg>
<doc>Click the element identified by ``locator``.</doc>
<status status="NOT RUN" start="2025-11-23T20:40:02.698139" elapsed="0.000008"/>
</kw>
<kw name="Wait Until Page Contains Element" owner="SeleniumLibrary">
<arg>${signUpUsername}</arg>
<arg>timeout=80</arg>
<arg>error=logInButtonNotFound</arg>
<doc>Waits until the element ``locator`` appears on the current page.</doc>
<status status="NOT RUN" start="2025-11-23T20:40:02.698175" elapsed="0.000008"/>
</kw>
<kw name="Sleep" owner="BuiltIn">
<arg>1s</arg>
<doc>Pauses the test executed for the given time.</doc>
<status status="NOT RUN" start="2025-11-23T20:40:02.698211" elapsed="0.000007"/>
</kw>
<kw name="Input Text" owner="SeleniumLibrary">
<arg>${signUpUsername}</arg>
<arg>${login}</arg>
<doc>Types the given ``text`` into the text field identified by ``locator``.</doc>
<status status="NOT RUN" start="2025-11-23T20:40:02.698246" elapsed="0.000008"/>
</kw>
<kw name="Sleep" owner="BuiltIn">
<arg>2s</arg>
<doc>Pauses the test executed for the given time.</doc>
<status status="NOT RUN" start="2025-11-23T20:40:02.698281" elapsed="0.000007"/>
</kw>
<kw name="Input Password" owner="SeleniumLibrary">
<arg>${signUpPassword}</arg>
<arg>${password}</arg>
<doc>Types the given password into the text field identified by ``locator``.</doc>
<status status="NOT RUN" start="2025-11-23T20:40:02.698315" elapsed="0.000008"/>
</kw>
<kw name="Sleep" owner="BuiltIn">
<arg>2s</arg>
<doc>Pauses the test executed for the given time.</doc>
<status status="NOT RUN" start="2025-11-23T20:40:02.698350" elapsed="0.000007"/>
</kw>
<kw name="Click Element" owner="SeleniumLibrary">
<arg>${signUpFormButton}</arg>
<doc>Click the element identified by ``locator``.</doc>
<status status="NOT RUN" start="2025-11-23T20:40:02.698384" elapsed="0.000007"/>
</kw>
<kw name="Sleep" owner="BuiltIn">
<arg>3s</arg>
<doc>Pauses the test executed for the given time.</doc>
<status status="NOT RUN" start="2025-11-23T20:40:02.698416" elapsed="0.000007"/>
</kw>
<status status="FAIL" start="2025-11-23T20:40:02.694846" elapsed="0.003604">No keyword with name 'Set To Dictionary' found.</status>
</kw>
<kw name="Close Browser" owner="resources">
<status status="NOT RUN" start="2025-11-23T20:40:02.698515" elapsed="0.000012"/>
</kw>
<status status="FAIL" start="2025-11-23T20:40:02.694554" elapsed="0.004038">No keyword with name 'Set To Dictionary' found.</status>
</test>
<test id="s1-s1-t2" name="TC2_LOGIN_TEST" line="15">
<kw name="Log in" owner="resources">
<kw name="Open Test Browser" owner="resources">
<kw name="Get Environment Variable" owner="OperatingSystem">
<msg time="2025-11-23T20:40:02.699027" level="INFO">${ENV_BS} = True</msg>
<var>${ENV_BS}</var>
<arg>BROWSERSTACK</arg>
<arg>default=${BROWSERSTACK}</arg>
<doc>Returns the value of an environment variable with the given name.</doc>
<status status="PASS" start="2025-11-23T20:40:02.698960" elapsed="0.000078"/>
</kw>
<kw name="Get Environment Variable" owner="OperatingSystem">
<msg time="2025-11-23T20:40:02.699139" level="INFO">${ENV_BROWSER} = Chrome</msg>
<var>${ENV_BROWSER}</var>
<arg>BROWSER</arg>
<arg>default=${BROWSER}</arg>
<doc>Returns the value of an environment variable with the given name.</doc>
<status status="PASS" start="2025-11-23T20:40:02.699075" elapsed="0.000075"/>
</kw>
<kw name="Run Keyword If" owner="BuiltIn">
<kw name="Set BrowserStack Remote And Open" owner="resources">
<kw name="Get Environment Variable" owner="OperatingSystem">
<msg time="2025-11-23T20:40:02.699439" level="INFO">${BS_USER} = amangeldyrakhimz_mDOu4L</msg>
<var>${BS_USER}</var>
<arg>BROWSERSTACK_USERNAME</arg>
<doc>Returns the value of an environment variable with the given name.</doc>
<status status="PASS" start="2025-11-23T20:40:02.699397" elapsed="0.000051"/>
</kw>
<kw name="Get Environment Variable" owner="OperatingSystem">
<msg time="2025-11-23T20:40:02.699529" level="INFO">${BS_KEY} = Bxzghuw8wDVmTVCo8vsx</msg>
<var>${BS_KEY}</var>
<arg>BROWSERSTACK_ACCESS_KEY</arg>
<doc>Returns the value of an environment variable with the given name.</doc>
<status status="PASS" start="2025-11-23T20:40:02.699480" elapsed="0.000059"/>
</kw>
<kw name="Should Not Be Empty" owner="BuiltIn">
<msg time="2025-11-23T20:40:02.699622" level="INFO">Length is 23.</msg>
<arg>${BS_USER}</arg>
<arg>BrowserStack username not set in environment variable BROWSERSTACK_USERNAME</arg>
<doc>Verifies that the given item is not empty.</doc>
<status status="PASS" start="2025-11-23T20:40:02.699573" elapsed="0.000066"/>
</kw>
<kw name="Should Not Be Empty" owner="BuiltIn">
<msg time="2025-11-23T20:40:02.699721" level="INFO">Length is 20.</msg>
<arg>${BS_KEY}</arg>
<arg>BrowserStack access key not set in environment variable BROWSERSTACK_ACCESS_KEY</arg>
<doc>Verifies that the given item is not empty.</doc>
<status status="PASS" start="2025-11-23T20:40:02.699674" elapsed="0.000062"/>
</kw>
<kw name="Set Variable" owner="BuiltIn">
<msg time="2025-11-23T20:40:02.699839" level="INFO">${REMOTE_URL} = https://amangeldyrakhimz_mDOu4L:Bxzghuw8wDVmTVCo8vsx@hub-cloud.browserstack.com/wd/hub</msg>
<var>${REMOTE_URL}</var>
<arg>https://${BS_USER}:${BS_KEY}@hub-cloud.browserstack.com/wd/hub</arg>
<doc>Returns the given values which can then be assigned to a variables.</doc>
<status status="PASS" start="2025-11-23T20:40:02.699773" elapsed="0.000126"/>
</kw>
<if>
<branch type="IF" condition="'${browser}' == 'Chrome'">
<kw name="Create Dictionary" owner="BuiltIn">
<msg time="2025-11-23T20:40:02.700280" level="INFO">${bstack_opts} = {'os': 'Windows', 'osVersion': '10', 'local': 'True', 'buildName': 'browserstack-build-1', 'projectName': 'BrowserStack Sample', 'name': 'Robot_Chrome'}</msg>
<var>${bstack_opts}</var>
<arg>os=Windows</arg>
<arg>osVersion=10</arg>
<arg>local=True</arg>
<arg>buildName=browserstack-build-1</arg>
<arg>projectName=BrowserStack Sample</arg>
<arg>name=Robot_Chrome</arg>
<doc>Creates and returns a dictionary based on the given ``items``.</doc>
<status status="PASS" start="2025-11-23T20:40:02.700186" elapsed="0.000108"/>
</kw>
<kw name="Create Dictionary" owner="BuiltIn">
<msg time="2025-11-23T20:40:02.700407" level="INFO">${caps} = {'browserName': 'Chrome', 'browserVersion': '120.0'}</msg>
<var>${caps}</var>
<arg>browserName=Chrome</arg>
<arg>browserVersion=120.0</arg>
<doc>Creates and returns a dictionary based on the given ``items``.</doc>
<status status="PASS" start="2025-11-23T20:40:02.700347" elapsed="0.000071"/>
</kw>
<kw name="Set To Dictionary">
<msg time="2025-11-23T20:40:02.701732" level="FAIL">No keyword with name 'Set To Dictionary' found.</msg>
<arg>${caps}</arg>
<arg>bstack:options</arg>
<arg>${bstack_opts}</arg>
<status status="FAIL" start="2025-11-23T20:40:02.701703" elapsed="0.000052">No keyword with name 'Set To Dictionary' found.</status>
</kw>
<status status="FAIL" start="2025-11-23T20:40:02.699932" elapsed="0.001862">No keyword with name 'Set To Dictionary' found.</status>
</branch>
<branch type="ELSE IF" condition="'${browser}' == 'Firefox'">
<kw name="Create Dictionary" owner="BuiltIn">
<var>${bstack_opts}</var>
<arg>os=Windows</arg>
<arg>osVersion=10</arg>
<arg>local=True</arg>
<arg>buildName=browserstack-build-1</arg>
<arg>projectName=BrowserStack Sample</arg>
<arg>name=Robot_Firefox</arg>
<doc>Creates and returns a dictionary based on the given ``items``.</doc>
<status status="NOT RUN" start="2025-11-23T20:40:02.701868" elapsed="0.000013"/>
</kw>
<kw name="Create Dictionary" owner="BuiltIn">
<var>${caps}</var>
<arg>browserName=Firefox</arg>
<arg>browserVersion=120.0</arg>
<doc>Creates and returns a dictionary based on the given ``items``.</doc>
<status status="NOT RUN" start="2025-11-23T20:40:02.701926" elapsed="0.000010"/>
</kw>
<kw name="Set To Dictionary">
<arg>${caps}</arg>
<arg>bstack:options</arg>
<arg>${bstack_opts}</arg>
<status status="NOT RUN" start="2025-11-23T20:40:02.702005" elapsed="0.000010"/>
</kw>
<status status="NOT RUN" start="2025-11-23T20:40:02.701816" elapsed="0.000215"/>
</branch>
<branch type="ELSE">
<kw name="Create Dictionary" owner="BuiltIn">
<var>${bstack_opts}</var>
<arg>os=OS X</arg>
<arg>osVersion=Monterey</arg>
<arg>local=True</arg>
<arg>buildName=browserstack-build-1</arg>
<arg>projectName=BrowserStack Sample</arg>
<arg>name=Robot_Safari</arg>
<doc>Creates and returns a dictionary based on the given ``items``.</doc>
<status status="NOT RUN" start="2025-11-23T20:40:02.702114" elapsed="0.000023"/>
</kw>
<kw name="Create Dictionary" owner="BuiltIn">
<var>${caps}</var>
<arg>browserName=Safari</arg>
<arg>browserVersion=15.6</arg>
<doc>Creates and returns a dictionary based on the given ``items``.</doc>
<status status="NOT RUN" start="2025-11-23T20:40:02.702193" elapsed="0.000013"/>
</kw>
<kw name="Set To Dictionary">
<arg>${caps}</arg>
<arg>bstack:options</arg>
<arg>${bstack_opts}</arg>
<status status="NOT RUN" start="2025-11-23T20:40:02.702266" elapsed="0.000011"/>
</kw>
<status status="NOT RUN" start="2025-11-23T20:40:02.702046" elapsed="0.000417"/>
</branch>
<status status="FAIL" start="2025-11-23T20:40:02.699924" elapsed="0.002556">No keyword with name 'Set To Dictionary' found.</status>
</if>
<kw name="Open Browser" owner="SeleniumLibrary">
<arg>${baseUrl}</arg>
<arg>${browser}</arg>
<arg>remote_url=${REMOTE_URL}</arg>
<arg>desired_capabilities=${caps}</arg>
<doc>Opens a new browser instance to the optional ``url``.</doc>
<status status="NOT RUN" start="2025-11-23T20:40:02.702541" elapsed="0.000012"/>
</kw>
<arg>${ENV_BROWSER}</arg>
<status status="FAIL" start="2025-11-23T20:40:02.699317" elapsed="0.003283">No keyword with name 'Set To Dictionary' found.</status>
</kw>
<arg>'${ENV_BS}'=='True'</arg>
<arg>Set BrowserStack Remote And Open</arg>
<arg>${ENV_BROWSER}</arg>
<arg>ELSE</arg>
<arg>Open Browser</arg>
<arg>${baseUrl}</arg>
<arg>${ENV_BROWSER}</arg>
<doc>Runs the given keyword with the given arguments, if ``condition`` is true.</doc>
<status status="FAIL" start="2025-11-23T20:40:02.699191" elapsed="0.003438">No keyword with name 'Set To Dictionary' found.</status>
</kw>
<status status="FAIL" start="2025-11-23T20:40:02.698890" elapsed="0.003848">No keyword with name 'Set To Dictionary' found.</status>
</kw>
<kw name="Wait Until Page Contains Element" owner="SeleniumLibrary">
<arg>${logInButton}</arg>
<arg>timeout=80</arg>
<arg>error=logInButtonNotFound</arg>
<doc>Waits until the element ``locator`` appears on the current page.</doc>
<status status="NOT RUN" start="2025-11-23T20:40:02.702798" elapsed="0.000013"/>
</kw>
<kw name="Sleep" owner="BuiltIn">
<arg>1s</arg>
<doc>Pauses the test executed for the given time.</doc>
<status status="NOT RUN" start="2025-11-23T20:40:02.702872" elapsed="0.000011"/>
</kw>
<kw name="Click Element" owner="SeleniumLibrary">
<arg>${logInButton}</arg>
<doc>Click the element identified by ``locator``.</doc>
<status status="NOT RUN" start="2025-11-23T20:40:02.702917" elapsed="0.000009"/>
</kw>
<kw name="Wait Until Page Contains Element" owner="SeleniumLibrary">
<arg>${loginUsernameField}</arg>
<arg>timeout=80</arg>
<arg>error=logInButtonNotFound</arg>
<doc>Waits until the element ``locator`` appears on the current page.</doc>
<status status="NOT RUN" start="2025-11-23T20:40:02.702959" elapsed="0.000008"/>
</kw>
<kw name="Sleep" owner="BuiltIn">
<arg>1s</arg>
<doc>Pauses the test executed for the given time.</doc>
<status status="NOT RUN" start="2025-11-23T20:40:02.702998" elapsed="0.000009"/>
</kw>
<kw name="Input Text" owner="SeleniumLibrary">
<arg>${loginUsernameField}</arg>
<arg>${login}</arg>
<doc>Types the given ``text`` into the text field identified by ``locator``.</doc>
<status status="NOT RUN" start="2025-11-23T20:40:02.703042" elapsed="0.000009"/>
</kw>
<kw name="Input Password" owner="SeleniumLibrary">
<arg>${loginPasswordField}</arg>
<arg>${password}</arg>
<doc>Types the given password into the text field identified by ``locator``.</doc>
<status status="NOT RUN" start="2025-11-23T20:40:02.703105" elapsed="0.000027"/>
</kw>
<kw name="Sleep" owner="BuiltIn">
<arg>1s</arg>
<doc>Pauses the test executed for the given time.</doc>
<status status="NOT RUN" start="2025-11-23T20:40:02.703173" elapsed="0.000010"/>
</kw>
<kw name="Click Element" owner="SeleniumLibrary">
<arg>${logInFormButton}</arg>
<doc>Click the element identified by ``locator``.</doc>
<status status="NOT RUN" start="2025-11-23T20:40:02.703449" elapsed="0.000050"/>
</kw>
<kw name="Sleep" owner="BuiltIn">
<arg>2s</arg>
<doc>Pauses the test executed for the given time.</doc>
<status status="NOT RUN" start="2025-11-23T20:40:02.703687" elapsed="0.000036"/>
</kw>
<status status="FAIL" start="2025-11-23T20:40:02.698808" elapsed="0.005071">No keyword with name 'Set To Dictionary' found.</status>
</kw>
<kw name="Close Browser" owner="resources">
<status status="NOT RUN" start="2025-11-23T20:40:02.704094" elapsed="0.000019"/>
</kw>
<status status="FAIL" start="2025-11-23T20:40:02.698683" elapsed="0.005512">No keyword with name 'Set To Dictionary' found.</status>
</test>
<test id="s1-s1-t3" name="TC3_LOGOUT_TEST" line="19">
<kw name="Log in" owner="resources">
<kw name="Open Test Browser" owner="resources">
<kw name="Get Environment Variable" owner="OperatingSystem">
<msg time="2025-11-23T20:40:02.704691" level="INFO">${ENV_BS} = True</msg>
<var>${ENV_BS}</var>
<arg>BROWSERSTACK</arg>
<arg>default=${BROWSERSTACK}</arg>
<doc>Returns the value of an environment variable with the given name.</doc>
<status status="PASS" start="2025-11-23T20:40:02.704596" elapsed="0.000107"/>
</kw>
<kw name="Get Environment Variable" owner="OperatingSystem">
<msg time="2025-11-23T20:40:02.704807" level="INFO">${ENV_BROWSER} = Chrome</msg>
<var>${ENV_BROWSER}</var>
<arg>BROWSER</arg>
<arg>default=${BROWSER}</arg>
<doc>Returns the value of an environment variable with the given name.</doc>
<status status="PASS" start="2025-11-23T20:40:02.704741" elapsed="0.000076"/>
</kw>
<kw name="Run Keyword If" owner="BuiltIn">
<kw name="Set BrowserStack Remote And Open" owner="resources">
<kw name="Get Environment Variable" owner="OperatingSystem">
<msg time="2025-11-23T20:40:02.705836" level="INFO">${BS_USER} = amangeldyrakhimz_mDOu4L</msg>
<var>${BS_USER}</var>
<arg>BROWSERSTACK_USERNAME</arg>
<doc>Returns the value of an environment variable with the given name.</doc>
<status status="PASS" start="2025-11-23T20:40:02.705769" elapsed="0.000080"/>
</kw>
<kw name="Get Environment Variable" owner="OperatingSystem">
<msg time="2025-11-23T20:40:02.705942" level="INFO">${BS_KEY} = Bxzghuw8wDVmTVCo8vsx</msg>
<var>${BS_KEY}</var>
<arg>BROWSERSTACK_ACCESS_KEY</arg>
<doc>Returns the value of an environment variable with the given name.</doc>
<status status="PASS" start="2025-11-23T20:40:02.705893" elapsed="0.000066"/>
</kw>
<kw name="Should Not Be Empty" owner="BuiltIn">
<msg time="2025-11-23T20:40:02.706062" level="INFO">Length is 23.</msg>
<arg>${BS_USER}</arg>
<arg>BrowserStack username not set in environment variable BROWSERSTACK_USERNAME</arg>
<doc>Verifies that the given item is not empty.</doc>
<status status="PASS" start="2025-11-23T20:40:02.705995" elapsed="0.000085"/>
</kw>
<kw name="Should Not Be Empty" owner="BuiltIn">
<msg time="2025-11-23T20:40:02.706164" level="INFO">Length is 20.</msg>
<arg>${BS_KEY}</arg>
<arg>BrowserStack access key not set in environment variable BROWSERSTACK_ACCESS_KEY</arg>
<doc>Verifies that the given item is not empty.</doc>
<status status="PASS" start="2025-11-23T20:40:02.706116" elapsed="0.000063"/>
</kw>
<kw name="Set Variable" owner="BuiltIn">
<msg time="2025-11-23T20:40:02.706284" level="INFO">${REMOTE_URL} = https://amangeldyrakhimz_mDOu4L:Bxzghuw8wDVmTVCo8vsx@hub-cloud.browserstack.com/wd/hub</msg>
<var>${REMOTE_URL}</var>
<arg>https://${BS_USER}:${BS_KEY}@hub-cloud.browserstack.com/wd/hub</arg>
<doc>Returns the given values which can then be assigned to a variables.</doc>
<status status="PASS" start="2025-11-23T20:40:02.706217" elapsed="0.000078"/>
</kw>
<if>
<branch type="IF" condition="'${browser}' == 'Chrome'">
<kw name="Create Dictionary" owner="BuiltIn">
<msg time="2025-11-23T20:40:02.706515" level="INFO">${bstack_opts} = {'os': 'Windows', 'osVersion': '10', 'local': 'True', 'buildName': 'browserstack-build-1', 'projectName': 'BrowserStack Sample', 'name': 'Robot_Chrome'}</msg>
<var>${bstack_opts}</var>
<arg>os=Windows</arg>
<arg>osVersion=10</arg>
<arg>local=True</arg>
<arg>buildName=browserstack-build-1</arg>
<arg>projectName=BrowserStack Sample</arg>
<arg>name=Robot_Chrome</arg>
<doc>Creates and returns a dictionary based on the given ``items``.</doc>
<status status="PASS" start="2025-11-23T20:40:02.706429" elapsed="0.000098"/>
</kw>
<kw name="Create Dictionary" owner="BuiltIn">
<msg time="2025-11-23T20:40:02.706630" level="INFO">${caps} = {'browserName': 'Chrome', 'browserVersion': '120.0'}</msg>
<var>${caps}</var>
<arg>browserName=Chrome</arg>
<arg>browserVersion=120.0</arg>
<doc>Creates and returns a dictionary based on the given ``items``.</doc>
<status status="PASS" start="2025-11-23T20:40:02.706572" elapsed="0.000069"/>
</kw>
<kw name="Set To Dictionary">
<msg time="2025-11-23T20:40:02.707451" level="FAIL">No keyword with name 'Set To Dictionary' found.</msg>
<arg>${caps}</arg>
<arg>bstack:options</arg>
<arg>${bstack_opts}</arg>
<status status="FAIL" start="2025-11-23T20:40:02.707438" elapsed="0.000028">No keyword with name 'Set To Dictionary' found.</status>
</kw>
<status status="FAIL" start="2025-11-23T20:40:02.706344" elapsed="0.001151">No keyword with name 'Set To Dictionary' found.</status>
</branch>
<branch type="ELSE IF" condition="'${browser}' == 'Firefox'">
<kw name="Create Dictionary" owner="BuiltIn">
<var>${bstack_opts}</var>
<arg>os=Windows</arg>
<arg>osVersion=10</arg>
<arg>local=True</arg>
<arg>buildName=browserstack-build-1</arg>
<arg>projectName=BrowserStack Sample</arg>
<arg>name=Robot_Firefox</arg>
<doc>Creates and returns a dictionary based on the given ``items``.</doc>
<status status="NOT RUN" start="2025-11-23T20:40:02.707546" elapsed="0.000009"/>
</kw>
<kw name="Create Dictionary" owner="BuiltIn">
<var>${caps}</var>
<arg>browserName=Firefox</arg>
<arg>browserVersion=120.0</arg>
<doc>Creates and returns a dictionary based on the given ``items``.</doc>
<status status="NOT RUN" start="2025-11-23T20:40:02.707592" elapsed="0.000008"/>
</kw>
<kw name="Set To Dictionary">
<arg>${caps}</arg>
<arg>bstack:options</arg>
<arg>${bstack_opts}</arg>
<status status="NOT RUN" start="2025-11-23T20:40:02.707635" elapsed="0.000007"/>
</kw>
<status status="NOT RUN" start="2025-11-23T20:40:02.707511" elapsed="0.000145"/>
</branch>
<branch type="ELSE">
<kw name="Create Dictionary" owner="BuiltIn">
<var>${bstack_opts}</var>
<arg>os=OS X</arg>
<arg>osVersion=Monterey</arg>
<arg>local=True</arg>
<arg>buildName=browserstack-build-1</arg>
<arg>projectName=BrowserStack Sample</arg>
<arg>name=Robot_Safari</arg>
<doc>Creates and returns a dictionary based on the given ``items``.</doc>
<status status="NOT RUN" start="2025-11-23T20:40:02.707698" elapsed="0.000008"/>
</kw>
<kw name="Create Dictionary" owner="BuiltIn">
<var>${caps}</var>
<arg>browserName=Safari</arg>
<arg>browserVersion=15.6</arg>
<doc>Creates and returns a dictionary based on the given ``items``.</doc>
<status status="NOT RUN" start="2025-11-23T20:40:02.707740" elapsed="0.000008"/>
</kw>
<kw name="Set To Dictionary">
<arg>${caps}</arg>
<arg>bstack:options</arg>
<arg>${bstack_opts}</arg>
<status status="NOT RUN" start="2025-11-23T20:40:02.707778" elapsed="0.000008"/>
</kw>
<status status="NOT RUN" start="2025-11-23T20:40:02.707667" elapsed="0.000133"/>
</branch>
<status status="FAIL" start="2025-11-23T20:40:02.706333" elapsed="0.001478">No keyword with name 'Set To Dictionary' found.</status>
</if>
<kw name="Open Browser" owner="SeleniumLibrary">
<arg>${baseUrl}</arg>
<arg>${browser}</arg>
<arg>remote_url=${REMOTE_URL}</arg>
<arg>desired_capabilities=${caps}</arg>
<doc>Opens a new browser instance to the optional ``url``.</doc>
<status status="NOT RUN" start="2025-11-23T20:40:02.707854" elapsed="0.000009"/>
</kw>
<arg>${ENV_BROWSER}</arg>
<status status="FAIL" start="2025-11-23T20:40:02.705459" elapsed="0.002439">No keyword with name 'Set To Dictionary' found.</status>
</kw>
<arg>'${ENV_BS}'=='True'</arg>
<arg>Set BrowserStack Remote And Open</arg>
<arg>${ENV_BROWSER}</arg>
<arg>ELSE</arg>
<arg>Open Browser</arg>
<arg>${baseUrl}</arg>
<arg>${ENV_BROWSER}</arg>
<doc>Runs the given keyword with the given arguments, if ``condition`` is true.</doc>
<status status="FAIL" start="2025-11-23T20:40:02.704885" elapsed="0.003031">No keyword with name 'Set To Dictionary' found.</status>
</kw>
<status status="FAIL" start="2025-11-23T20:40:02.704522" elapsed="0.003427">No keyword with name 'Set To Dictionary' found.</status>
</kw>
<kw name="Wait Until Page Contains Element" owner="SeleniumLibrary">
<arg>${logInButton}</arg>
<arg>timeout=80</arg>
<arg>error=logInButtonNotFound</arg>
<doc>Waits until the element ``locator`` appears on the current page.</doc>
<status status="NOT RUN" start="2025-11-23T20:40:02.707983" elapsed="0.000009"/>
</kw>
<kw name="Sleep" owner="BuiltIn">
<arg>1s</arg>
<doc>Pauses the test executed for the given time.</doc>
<status status="NOT RUN" start="2025-11-23T20:40:02.708022" elapsed="0.000008"/>
</kw>
<kw name="Click Element" owner="SeleniumLibrary">
<arg>${logInButton}</arg>
<doc>Click the element identified by ``locator``.</doc>
<status status="NOT RUN" start="2025-11-23T20:40:02.708058" elapsed="0.000007"/>
</kw>
<kw name="Wait Until Page Contains Element" owner="SeleniumLibrary">
<arg>${loginUsernameField}</arg>
<arg>timeout=80</arg>
<arg>error=logInButtonNotFound</arg>
<doc>Waits until the element ``locator`` appears on the current page.</doc>
<status status="NOT RUN" start="2025-11-23T20:40:02.708092" elapsed="0.000007"/>
</kw>
<kw name="Sleep" owner="BuiltIn">
<arg>1s</arg>
<doc>Pauses the test executed for the given time.</doc>
<status status="NOT RUN" start="2025-11-23T20:40:02.708126" elapsed="0.000008"/>
</kw>
<kw name="Input Text" owner="SeleniumLibrary">
<arg>${loginUsernameField}</arg>
<arg>${login}</arg>
<doc>Types the given ``text`` into the text field identified by ``locator``.</doc>
<status status="NOT RUN" start="2025-11-23T20:40:02.708161" elapsed="0.000008"/>
</kw>
<kw name="Input Password" owner="SeleniumLibrary">
<arg>${loginPasswordField}</arg>
<arg>${password}</arg>
<doc>Types the given password into the text field identified by ``locator``.</doc>
<status status="NOT RUN" start="2025-11-23T20:40:02.708197" elapsed="0.000007"/>
</kw>
<kw name="Sleep" owner="BuiltIn">
<arg>1s</arg>
<doc>Pauses the test executed for the given time.</doc>
<status status="NOT RUN" start="2025-11-23T20:40:02.708231" elapsed="0.000007"/>
</kw>
<kw name="Click Element" owner="SeleniumLibrary">
<arg>${logInFormButton}</arg>
<doc>Click the element identified by ``locator``.</doc>
<status status="NOT RUN" start="2025-11-23T20:40:02.708264" elapsed="0.000008"/>
</kw>
<kw name="Sleep" owner="BuiltIn">
<arg>2s</arg>
<doc>Pauses the test executed for the given time.</doc>
<status status="NOT RUN" start="2025-11-23T20:40:02.708297" elapsed="0.000007"/>
</kw>
<status status="FAIL" start="2025-11-23T20:40:02.704427" elapsed="0.003903">No keyword with name 'Set To Dictionary' found.</status>
</kw>
<kw name="Logout" owner="resources">
<status status="NOT RUN" start="2025-11-23T20:40:02.708414" elapsed="0.000012"/>
</kw>
<kw name="Close Browser" owner="resources">
<status status="NOT RUN" start="2025-11-23T20:40:02.708474" elapsed="0.000011"/>
</kw>
<status status="FAIL" start="2025-11-23T20:40:02.704293" elapsed="0.004249">No keyword with name 'Set To Dictionary' found.</status>
</test>
<test id="s1-s1-t4" name="TC4_ADD_TO_CART_TEST" line="24">
<kw name="Log in" owner="resources">
<kw name="Open Test Browser" owner="resources">
<kw name="Get Environment Variable" owner="OperatingSystem">
<msg time="2025-11-23T20:40:02.708970" level="INFO">${ENV_BS} = True</msg>
<var>${ENV_BS}</var>
<arg>BROWSERSTACK</arg>
<arg>default=${BROWSERSTACK}</arg>
<doc>Returns the value of an environment variable with the given name.</doc>
<status status="PASS" start="2025-11-23T20:40:02.708901" elapsed="0.000080"/>
</kw>
<kw name="Get Environment Variable" owner="OperatingSystem">
<msg time="2025-11-23T20:40:02.709084" level="INFO">${ENV_BROWSER} = Chrome</msg>
<var>${ENV_BROWSER}</var>
<arg>BROWSER</arg>
<arg>default=${BROWSER}</arg>
<doc>Returns the value of an environment variable with the given name.</doc>
<status status="PASS" start="2025-11-23T20:40:02.709026" elapsed="0.000068"/>
</kw>
<kw name="Run Keyword If" owner="BuiltIn">
<kw name="Set BrowserStack Remote And Open" owner="resources">
<kw name="Get Environment Variable" owner="OperatingSystem">
<msg time="2025-11-23T20:40:02.709371" level="INFO">${BS_USER} = amangeldyrakhimz_mDOu4L</msg>
<var>${BS_USER}</var>
<arg>BROWSERSTACK_USERNAME</arg>
<doc>Returns the value of an environment variable with the given name.</doc>
<status status="PASS" start="2025-11-23T20:40:02.709328" elapsed="0.000053"/>
</kw>
<kw name="Get Environment Variable" owner="OperatingSystem">
<msg time="2025-11-23T20:40:02.709450" level="INFO">${BS_KEY} = Bxzghuw8wDVmTVCo8vsx</msg>
<var>${BS_KEY}</var>
<arg>BROWSERSTACK_ACCESS_KEY</arg>
<doc>Returns the value of an environment variable with the given name.</doc>
<status status="PASS" start="2025-11-23T20:40:02.709412" elapsed="0.000047"/>
</kw>
<kw name="Should Not Be Empty" owner="BuiltIn">
<msg time="2025-11-23T20:40:02.709534" level="INFO">Length is 23.</msg>
<arg>${BS_USER}</arg>
<arg>BrowserStack username not set in environment variable BROWSERSTACK_USERNAME</arg>
<doc>Verifies that the given item is not empty.</doc>
<status status="PASS" start="2025-11-23T20:40:02.709490" elapsed="0.000059"/>
</kw>
<kw name="Should Not Be Empty" owner="BuiltIn">
<msg time="2025-11-23T20:40:02.709620" level="INFO">Length is 20.</msg>
<arg>${BS_KEY}</arg>
<arg>BrowserStack access key not set in environment variable BROWSERSTACK_ACCESS_KEY</arg>
<doc>Verifies that the given item is not empty.</doc>
<status status="PASS" start="2025-11-23T20:40:02.709579" elapsed="0.000056"/>
</kw>
<kw name="Set Variable" owner="BuiltIn">
<msg time="2025-11-23T20:40:02.709932" level="INFO">${REMOTE_URL} = https://amangeldyrakhimz_mDOu4L:Bxzghuw8wDVmTVCo8vsx@hub-cloud.browserstack.com/wd/hub</msg>
<var>${REMOTE_URL}</var>
<arg>https://${BS_USER}:${BS_KEY}@hub-cloud.browserstack.com/wd/hub</arg>
<doc>Returns the given values which can then be assigned to a variables.</doc>
<status status="PASS" start="2025-11-23T20:40:02.709668" elapsed="0.000274"/>
</kw>
<if>
<branch type="IF" condition="'${browser}' == 'Chrome'">
<kw name="Create Dictionary" owner="BuiltIn">
<msg time="2025-11-23T20:40:02.710086" level="INFO">${bstack_opts} = {'os': 'Windows', 'osVersion': '10', 'local': 'True', 'buildName': 'browserstack-build-1', 'projectName': 'BrowserStack Sample', 'name': 'Robot_Chrome'}</msg>
<var>${bstack_opts}</var>
<arg>os=Windows</arg>
<arg>osVersion=10</arg>
<arg>local=True</arg>
<arg>buildName=browserstack-build-1</arg>
<arg>projectName=BrowserStack Sample</arg>
<arg>name=Robot_Chrome</arg>
<doc>Creates and returns a dictionary based on the given ``items``.</doc>
<status status="PASS" start="2025-11-23T20:40:02.710022" elapsed="0.000074"/>
</kw>
<kw name="Create Dictionary" owner="BuiltIn">
<msg time="2025-11-23T20:40:02.710186" level="INFO">${caps} = {'browserName': 'Chrome', 'browserVersion': '120.0'}</msg>
<var>${caps}</var>
<arg>browserName=Chrome</arg>
<arg>browserVersion=120.0</arg>
<doc>Creates and returns a dictionary based on the given ``items``.</doc>
<status status="PASS" start="2025-11-23T20:40:02.710136" elapsed="0.000060"/>
</kw>
<kw name="Set To Dictionary">
<msg time="2025-11-23T20:40:02.710932" level="FAIL">No keyword with name 'Set To Dictionary' found.</msg>
<arg>${caps}</arg>
<arg>bstack:options</arg>
<arg>${bstack_opts}</arg>
<status status="FAIL" start="2025-11-23T20:40:02.710921" elapsed="0.000023">No keyword with name 'Set To Dictionary' found.</status>
</kw>
<status status="FAIL" start="2025-11-23T20:40:02.709969" elapsed="0.000998">No keyword with name 'Set To Dictionary' found.</status>
</branch>
<branch type="ELSE IF" condition="'${browser}' == 'Firefox'">
<kw name="Create Dictionary" owner="BuiltIn">
<var>${bstack_opts}</var>
<arg>os=Windows</arg>
<arg>osVersion=10</arg>
<arg>local=True</arg>
<arg>buildName=browserstack-build-1</arg>
<arg>projectName=BrowserStack Sample</arg>
<arg>name=Robot_Firefox</arg>
<doc>Creates and returns a dictionary based on the given ``items``.</doc>
<status status="NOT RUN" start="2025-11-23T20:40:02.711017" elapsed="0.000009"/>
</kw>
<kw name="Create Dictionary" owner="BuiltIn">
<var>${caps}</var>
<arg>browserName=Firefox</arg>
<arg>browserVersion=120.0</arg>
<doc>Creates and returns a dictionary based on the given ``items``.</doc>
<status status="NOT RUN" start="2025-11-23T20:40:02.711069" elapsed="0.000009"/>
</kw>
<kw name="Set To Dictionary">
<arg>${caps}</arg>
<arg>bstack:options</arg>
<arg>${bstack_opts}</arg>
<status status="NOT RUN" start="2025-11-23T20:40:02.711112" elapsed="0.000008"/>
</kw>
<status status="NOT RUN" start="2025-11-23T20:40:02.710983" elapsed="0.000152"/>
</branch>
<branch type="ELSE">
<kw name="Create Dictionary" owner="BuiltIn">
<var>${bstack_opts}</var>
<arg>os=OS X</arg>
<arg>osVersion=Monterey</arg>
<arg>local=True</arg>
<arg>buildName=browserstack-build-1</arg>
<arg>projectName=BrowserStack Sample</arg>
<arg>name=Robot_Safari</arg>
<doc>Creates and returns a dictionary based on the given ``items``.</doc>
<status status="NOT RUN" start="2025-11-23T20:40:02.711180" elapsed="0.000009"/>
</kw>
<kw name="Create Dictionary" owner="BuiltIn">
<var>${caps}</var>
<arg>browserName=Safari</arg>
<arg>browserVersion=15.6</arg>
<doc>Creates and returns a dictionary based on the given ``items``.</doc>
<status status="NOT RUN" start="2025-11-23T20:40:02.711227" elapsed="0.000008"/>
</kw>
<kw name="Set To Dictionary">
<arg>${caps}</arg>
<arg>bstack:options</arg>
<arg>${bstack_opts}</arg>
<status status="NOT RUN" start="2025-11-23T20:40:02.711269" elapsed="0.000009"/>
</kw>
<status status="NOT RUN" start="2025-11-23T20:40:02.711148" elapsed="0.000185"/>
</branch>
<status status="FAIL" start="2025-11-23T20:40:02.709963" elapsed="0.001389">No keyword with name 'Set To Dictionary' found.</status>
</if>
<kw name="Open Browser" owner="SeleniumLibrary">
<arg>${baseUrl}</arg>
<arg>${browser}</arg>
<arg>remote_url=${REMOTE_URL}</arg>
<arg>desired_capabilities=${caps}</arg>
<doc>Opens a new browser instance to the optional ``url``.</doc>
<status status="NOT RUN" start="2025-11-23T20:40:02.711405" elapsed="0.000013"/>
</kw>
<arg>${ENV_BROWSER}</arg>
<status status="FAIL" start="2025-11-23T20:40:02.709250" elapsed="0.002207">No keyword with name 'Set To Dictionary' found.</status>
</kw>
<arg>'${ENV_BS}'=='True'</arg>
<arg>Set BrowserStack Remote And Open</arg>
<arg>${ENV_BROWSER}</arg>
<arg>ELSE</arg>
<arg>Open Browser</arg>
<arg>${baseUrl}</arg>
<arg>${ENV_BROWSER}</arg>
<doc>Runs the given keyword with the given arguments, if ``condition`` is true.</doc>
<status status="FAIL" start="2025-11-23T20:40:02.709131" elapsed="0.002347">No keyword with name 'Set To Dictionary' found.</status>
</kw>
<status status="FAIL" start="2025-11-23T20:40:02.708832" elapsed="0.002682">No keyword with name 'Set To Dictionary' found.</status>
</kw>
<kw name="Wait Until Page Contains Element" owner="SeleniumLibrary">
<arg>${logInButton}</arg>
<arg>timeout=80</arg>
<arg>error=logInButtonNotFound</arg>
<doc>Waits until the element ``locator`` appears on the current page.</doc>
<status status="NOT RUN" start="2025-11-23T20:40:02.711550" elapsed="0.000011"/>
</kw>
<kw name="Sleep" owner="BuiltIn">
<arg>1s</arg>
<doc>Pauses the test executed for the given time.</doc>
<status status="NOT RUN" start="2025-11-23T20:40:02.711596" elapsed="0.000009"/>
</kw>
<kw name="Click Element" owner="SeleniumLibrary">
<arg>${logInButton}</arg>
<doc>Click the element identified by ``locator``.</doc>
<status status="NOT RUN" start="2025-11-23T20:40:02.711638" elapsed="0.000008"/>
</kw>
<kw name="Wait Until Page Contains Element" owner="SeleniumLibrary">
<arg>${loginUsernameField}</arg>
<arg>timeout=80</arg>
<arg>error=logInButtonNotFound</arg>
<doc>Waits until the element ``locator`` appears on the current page.</doc>
<status status="NOT RUN" start="2025-11-23T20:40:02.711678" elapsed="0.000017"/>
</kw>
<kw name="Sleep" owner="BuiltIn">
<arg>1s</arg>
<doc>Pauses the test executed for the given time.</doc>
<status status="NOT RUN" start="2025-11-23T20:40:02.711728" elapsed="0.000008"/>
</kw>
<kw name="Input Text" owner="SeleniumLibrary">
<arg>${loginUsernameField}</arg>
<arg>${login}</arg>
<doc>Types the given ``text`` into the text field identified by ``locator``.</doc>
<status status="NOT RUN" start="2025-11-23T20:40:02.711767" elapsed="0.000008"/>
</kw>
<kw name="Input Password" owner="SeleniumLibrary">
<arg>${loginPasswordField}</arg>
<arg>${password}</arg>
<doc>Types the given password into the text field identified by ``locator``.</doc>
<status status="NOT RUN" start="2025-11-23T20:40:02.711806" elapsed="0.000009"/>
</kw>
<kw name="Sleep" owner="BuiltIn">
<arg>1s</arg>
<doc>Pauses the test executed for the given time.</doc>
<status status="NOT RUN" start="2025-11-23T20:40:02.711845" elapsed="0.000009"/>
</kw>
<kw name="Click Element" owner="SeleniumLibrary">
<arg>${logInFormButton}</arg>
<doc>Click the element identified by ``locator``.</doc>
<status status="NOT RUN" start="2025-11-23T20:40:02.711884" elapsed="0.000008"/>
</kw>
<kw name="Sleep" owner="BuiltIn">
<arg>2s</arg>
<doc>Pauses the test executed for the given time.</doc>
<status status="NOT RUN" start="2025-11-23T20:40:02.711920" elapsed="0.000009"/>
</kw>
<status status="FAIL" start="2025-11-23T20:40:02.708749" elapsed="0.003211">No keyword with name 'Set To Dictionary' found.</status>
</kw>
<kw name="Add to Cart" owner="resources">
<status status="NOT RUN" start="2025-11-23T20:40:02.712034" elapsed="0.000011"/>
</kw>
<kw name="Close Browser" owner="resources">
<status status="NOT RUN" start="2025-11-23T20:40:02.712090" elapsed="0.000011"/>
</kw>
<status status="FAIL" start="2025-11-23T20:40:02.708623" elapsed="0.003533">No keyword with name 'Set To Dictionary' found.</status>
</test>
<kw name="Close Browser" owner="resources" type="TEARDOWN">
<kw name="Close All Browsers" owner="SeleniumLibrary">
<doc>Closes all open browsers and resets the browser cache.</doc>
<status status="PASS" start="2025-11-23T20:40:02.712426" elapsed="0.000069"/>
</kw>
<status status="PASS" start="2025-11-23T20:40:02.712365" elapsed="0.000155"/>
</kw>
<status status="FAIL" start="2025-11-23T20:40:02.604838" elapsed="0.107696"/>
</suite>
<status status="FAIL" start="2025-11-23T20:40:02.592280" elapsed="0.120511"/>
</suite>
<statistics>
<total>
<stat pass="0" fail="4" skip="0">All Tests</stat>
</total>
<tag>
</tag>
<suite>
<stat name="testCases" id="s1" pass="0" fail="4" skip="0">testCases</stat>
<stat name="Test" id="s1-s1" pass="0" fail="4" skip="0">testCases.Test</stat>
</suite>
</statistics>
<errors>
</errors>
</robot>
